-- Install configuration: ""
-- Execute custom install script
-- Symlinking: /home/rahul/Desktop/riggu_ws/install/hagen_gazebo1/share/hagen_gazebo1//launch/hagen.launch.py
-- Symlinking: /home/rahul/Desktop/riggu_ws/install/hagen_gazebo1/share/hagen_gazebo1//models/casual_female/materials/textures/brown_eye.png
-- Symlinking: /home/rahul/Desktop/riggu_ws/install/hagen_gazebo1/share/hagen_gazebo1//models/casual_female/materials/textures/casual_female.png
-- Symlinking: /home/rahul/Desktop/riggu_ws/install/hagen_gazebo1/share/hagen_gazebo1//models/casual_female/materials/textures/eyebrow002.png
-- Symlinking: /home/rahul/Desktop/riggu_ws/install/hagen_gazebo1/share/hagen_gazebo1//models/casual_female/materials/textures/eyelashes01.png
-- Symlinking: /home/rahul/Desktop/riggu_ws/install/hagen_gazebo1/share/hagen_gazebo1//models/casual_female/materials/textures/female_casualsuit01_diffuse.png
-- Symlinking: /home/rahul/Desktop/riggu_ws/install/hagen_gazebo1/share/hagen_gazebo1//models/casual_female/materials/textures/female_casualsuit01_normal.png
-- Symlinking: /home/rahul/Desktop/riggu_ws/install/hagen_gazebo1/share/hagen_gazebo1//models/casual_female/materials/textures/female_casualsuit02_diffuse.png
-- Symlinking: /home/rahul/Desktop/riggu_ws/install/hagen_gazebo1/share/hagen_gazebo1//models/casual_female/materials/textures/female_casualsuit02_normal.png
-- Symlinking: /home/rahul/Desktop/riggu_ws/install/hagen_gazebo1/share/hagen_gazebo1//models/casual_female/materials/textures/ponytail01_diffuse.png
-- Symlinking: /home/rahul/Desktop/riggu_ws/install/hagen_gazebo1/share/hagen_gazebo1//models/casual_female/materials/textures/shoes05_diffuse.png
-- Symlinking: /home/rahul/Desktop/riggu_ws/install/hagen_gazebo1/share/hagen_gazebo1//models/casual_female/materials/textures/tongue01_diffuse.png
-- Symlinking: /home/rahul/Desktop/riggu_ws/install/hagen_gazebo1/share/hagen_gazebo1//models/casual_female/materials/textures/young_lightskinned_female_diffuse.png
-- Symlinking: /home/rahul/Desktop/riggu_ws/install/hagen_gazebo1/share/hagen_gazebo1//models/casual_female/meshes/casual_female.dae
-- Symlinking: /home/rahul/Desktop/riggu_ws/install/hagen_gazebo1/share/hagen_gazebo1//models/casual_female/model.config
-- Symlinking: /home/rahul/Desktop/riggu_ws/install/hagen_gazebo1/share/hagen_gazebo1//models/casual_female/model.sdf
-- Symlinking: /home/rahul/Desktop/riggu_ws/install/hagen_gazebo1/share/hagen_gazebo1//models/casual_female/thumbnails/1.png
-- Symlinking: /home/rahul/Desktop/riggu_ws/install/hagen_gazebo1/share/hagen_gazebo1//models/casual_female/thumbnails/2.png
-- Symlinking: /home/rahul/Desktop/riggu_ws/install/hagen_gazebo1/share/hagen_gazebo1//models/casual_female/thumbnails/3.png
-- Symlinking: /home/rahul/Desktop/riggu_ws/install/hagen_gazebo1/share/hagen_gazebo1//models/casual_female/thumbnails/4.png
-- Symlinking: /home/rahul/Desktop/riggu_ws/install/hagen_gazebo1/share/hagen_gazebo1//models/casual_female/thumbnails/5.png
-- Symlinking: /home/rahul/Desktop/riggu_ws/install/hagen_gazebo1/share/hagen_gazebo1//models/city_terrain/materials/textures/city_terrain (original).jpg
-- Symlinking: /home/rahul/Desktop/riggu_ws/install/hagen_gazebo1/share/hagen_gazebo1//models/city_terrain/materials/textures/city_terrain.jpg
-- Symlinking: /home/rahul/Desktop/riggu_ws/install/hagen_gazebo1/share/hagen_gazebo1//models/city_terrain/materials/textures/forest.jpg
-- Symlinking: /home/rahul/Desktop/riggu_ws/install/hagen_gazebo1/share/hagen_gazebo1//models/city_terrain/model.config
-- Symlinking: /home/rahul/Desktop/riggu_ws/install/hagen_gazebo1/share/hagen_gazebo1//models/city_terrain/model.sdf
-- Symlinking: /home/rahul/Desktop/riggu_ws/install/hagen_gazebo1/share/hagen_gazebo1//models/hagen/materials/scripts/script.material
-- Symlinking: /home/rahul/Desktop/riggu_ws/install/hagen_gazebo1/share/hagen_gazebo1//models/hagen/materials/textures/sheep.jpg
-- Symlinking: /home/rahul/Desktop/riggu_ws/install/hagen_gazebo1/share/hagen_gazebo1//models/hagen/model.config
-- Symlinking: /home/rahul/Desktop/riggu_ws/install/hagen_gazebo1/share/hagen_gazebo1//models/hagen/model.sdf
-- Symlinking: /home/rahul/Desktop/riggu_ws/install/hagen_gazebo1/share/hagen_gazebo1//models/ocean/materials/programs/GLSL/Waves.frag
-- Symlinking: /home/rahul/Desktop/riggu_ws/install/hagen_gazebo1/share/hagen_gazebo1//models/ocean/materials/programs/GLSL/Waves.vert
-- Symlinking: /home/rahul/Desktop/riggu_ws/install/hagen_gazebo1/share/hagen_gazebo1//models/ocean/materials/scripts/ocean.material
-- Symlinking: /home/rahul/Desktop/riggu_ws/install/hagen_gazebo1/share/hagen_gazebo1//models/ocean/materials/textures/License and source soil_sand_0045_01.txt
-- Symlinking: /home/rahul/Desktop/riggu_ws/install/hagen_gazebo1/share/hagen_gazebo1//models/ocean/materials/textures/clouds.jpg
-- Symlinking: /home/rahul/Desktop/riggu_ws/install/hagen_gazebo1/share/hagen_gazebo1//models/ocean/materials/textures/clouds_bk.jpg
-- Symlinking: /home/rahul/Desktop/riggu_ws/install/hagen_gazebo1/share/hagen_gazebo1//models/ocean/materials/textures/clouds_dn.jpg
-- Symlinking: /home/rahul/Desktop/riggu_ws/install/hagen_gazebo1/share/hagen_gazebo1//models/ocean/materials/textures/clouds_fr.jpg
-- Symlinking: /home/rahul/Desktop/riggu_ws/install/hagen_gazebo1/share/hagen_gazebo1//models/ocean/materials/textures/clouds_lf.jpg
-- Symlinking: /home/rahul/Desktop/riggu_ws/install/hagen_gazebo1/share/hagen_gazebo1//models/ocean/materials/textures/clouds_rt.jpg
-- Symlinking: /home/rahul/Desktop/riggu_ws/install/hagen_gazebo1/share/hagen_gazebo1//models/ocean/materials/textures/clouds_up.jpg
-- Symlinking: /home/rahul/Desktop/riggu_ws/install/hagen_gazebo1/share/hagen_gazebo1//models/ocean/materials/textures/normals.dds
-- Symlinking: /home/rahul/Desktop/riggu_ws/install/hagen_gazebo1/share/hagen_gazebo1//models/ocean/materials/textures/soil_sand_0045_01.jpg
-- Symlinking: /home/rahul/Desktop/riggu_ws/install/hagen_gazebo1/share/hagen_gazebo1//models/ocean/mesh-simple.dae
-- Symlinking: /home/rahul/Desktop/riggu_ws/install/hagen_gazebo1/share/hagen_gazebo1//models/ocean/mesh.blend
-- Symlinking: /home/rahul/Desktop/riggu_ws/install/hagen_gazebo1/share/hagen_gazebo1//models/ocean/mesh.dae
-- Symlinking: /home/rahul/Desktop/riggu_ws/install/hagen_gazebo1/share/hagen_gazebo1//models/ocean/mesh_below.dae
-- Symlinking: /home/rahul/Desktop/riggu_ws/install/hagen_gazebo1/share/hagen_gazebo1//models/ocean/model.config
-- Symlinking: /home/rahul/Desktop/riggu_ws/install/hagen_gazebo1/share/hagen_gazebo1//models/ocean/model.sdf
-- Symlinking: /home/rahul/Desktop/riggu_ws/install/hagen_gazebo1/share/hagen_gazebo1//rviz/hagen_gazebo1.rviz
-- Symlinking: /home/rahul/Desktop/riggu_ws/install/hagen_gazebo1/share/hagen_gazebo1//worlds/hagen_city.world
-- Symlinking: /home/rahul/Desktop/riggu_ws/install/hagen_gazebo1/share/hagen_gazebo1//worlds/hagen_empty.world
-- Symlinking: /home/rahul/Desktop/riggu_ws/install/hagen_gazebo1/share/hagen_gazebo1/environment/hagen_gazebo1.sh
-- Symlinking: /home/rahul/Desktop/riggu_ws/install/hagen_gazebo1/share/hagen_gazebo1/environment/hagen_gazebo1.dsv
-- Symlinking: /home/rahul/Desktop/riggu_ws/install/hagen_gazebo1/share/ament_index/resource_index/package_run_dependencies/hagen_gazebo1
-- Symlinking: /home/rahul/Desktop/riggu_ws/install/hagen_gazebo1/share/ament_index/resource_index/parent_prefix_path/hagen_gazebo1
-- Symlinking: /home/rahul/Desktop/riggu_ws/install/hagen_gazebo1/share/hagen_gazebo1/environment/ament_prefix_path.sh
-- Symlinking: /home/rahul/Desktop/riggu_ws/install/hagen_gazebo1/share/hagen_gazebo1/environment/ament_prefix_path.dsv
-- Symlinking: /home/rahul/Desktop/riggu_ws/install/hagen_gazebo1/share/hagen_gazebo1/environment/path.sh
-- Symlinking: /home/rahul/Desktop/riggu_ws/install/hagen_gazebo1/share/hagen_gazebo1/environment/path.dsv
-- Symlinking: /home/rahul/Desktop/riggu_ws/install/hagen_gazebo1/share/hagen_gazebo1/local_setup.bash
-- Symlinking: /home/rahul/Desktop/riggu_ws/install/hagen_gazebo1/share/hagen_gazebo1/local_setup.sh
-- Symlinking: /home/rahul/Desktop/riggu_ws/install/hagen_gazebo1/share/hagen_gazebo1/local_setup.zsh
-- Symlinking: /home/rahul/Desktop/riggu_ws/install/hagen_gazebo1/share/hagen_gazebo1/local_setup.dsv
-- Symlinking: /home/rahul/Desktop/riggu_ws/install/hagen_gazebo1/share/hagen_gazebo1/package.dsv
-- Symlinking: /home/rahul/Desktop/riggu_ws/install/hagen_gazebo1/share/ament_index/resource_index/packages/hagen_gazebo1
-- Symlinking: /home/rahul/Desktop/riggu_ws/install/hagen_gazebo1/share/hagen_gazebo1/cmake/hagen_gazebo1Config.cmake
-- Symlinking: /home/rahul/Desktop/riggu_ws/install/hagen_gazebo1/share/hagen_gazebo1/cmake/hagen_gazebo1Config-version.cmake
-- Symlinking: /home/rahul/Desktop/riggu_ws/install/hagen_gazebo1/share/hagen_gazebo1/package.xml
