[0.529s] Invoking command in '/home/rahul/Desktop/riggu_ws/src/robot_pkg': PYTHONPATH=/home/rahul/Desktop/riggu_ws/build/robot_pkg/prefix_override:/usr/lib/python3/dist-packages/colcon_core/task/python/colcon_distutils_commands:/home/rahul/Desktop/riggu_ws/install/robot_pkg/lib/python3.10/site-packages:${PYTHONPATH} /usr/bin/python3 -W ignore:setup.py install is deprecated setup.py egg_info --egg-base ../../build/robot_pkg build --build-base /home/rahul/Desktop/riggu_ws/build/robot_pkg/build install --record /home/rahul/Desktop/riggu_ws/build/robot_pkg/install.log --single-version-externally-managed install_data
[0.798s] running egg_info
[0.800s] writing ../../build/robot_pkg/robot_pkg.egg-info/PKG-INFO
[0.801s] writing dependency_links to ../../build/robot_pkg/robot_pkg.egg-info/dependency_links.txt
[0.801s] writing entry points to ../../build/robot_pkg/robot_pkg.egg-info/entry_points.txt
[0.801s] writing requirements to ../../build/robot_pkg/robot_pkg.egg-info/requires.txt
[0.801s] writing top-level names to ../../build/robot_pkg/robot_pkg.egg-info/top_level.txt
[0.804s] reading manifest file '../../build/robot_pkg/robot_pkg.egg-info/SOURCES.txt'
[0.805s] adding license file 'LICENSE'
[0.806s] writing manifest file '../../build/robot_pkg/robot_pkg.egg-info/SOURCES.txt'
[0.806s] running build
[0.806s] running build_py
[0.807s] running install
[0.807s] running install_lib
[0.809s] running install_data
[0.809s] running install_egg_info
[0.813s] removing '/home/rahul/Desktop/riggu_ws/install/robot_pkg/lib/python3.10/site-packages/robot_pkg-0.0.0-py3.10.egg-info' (and everything under it)
[0.813s] Copying ../../build/robot_pkg/robot_pkg.egg-info to /home/rahul/Desktop/riggu_ws/install/robot_pkg/lib/python3.10/site-packages/robot_pkg-0.0.0-py3.10.egg-info
[0.814s] running install_scripts
[0.854s] Installing controller script to /home/rahul/Desktop/riggu_ws/install/robot_pkg/lib/robot_pkg
[0.855s] Installing robot2 script to /home/rahul/Desktop/riggu_ws/install/robot_pkg/lib/robot_pkg
[0.855s] writing list of installed files to '/home/rahul/Desktop/riggu_ws/build/robot_pkg/install.log'
[0.912s] Invoked command in '/home/rahul/Desktop/riggu_ws/src/robot_pkg' returned '0': PYTHONPATH=/home/rahul/Desktop/riggu_ws/build/robot_pkg/prefix_override:/usr/lib/python3/dist-packages/colcon_core/task/python/colcon_distutils_commands:/home/rahul/Desktop/riggu_ws/install/robot_pkg/lib/python3.10/site-packages:${PYTHONPATH} /usr/bin/python3 -W ignore:setup.py install is deprecated setup.py egg_info --egg-base ../../build/robot_pkg build --build-base /home/rahul/Desktop/riggu_ws/build/robot_pkg/build install --record /home/rahul/Desktop/riggu_ws/build/robot_pkg/install.log --single-version-externally-managed install_data
