[0.013s] Invoking command in '/home/rahul/Desktop/riggu_ws/build/riggu_nav2': CMAKE_PREFIX_PATH=${CMAKE_PREFIX_PATH}:/opt/ros/humble /usr/bin/cmake /home/rahul/Desktop/riggu_ws/src/riggu_nav2 -DCMAKE_INSTALL_PREFIX=/home/rahul/Desktop/riggu_ws/install/riggu_nav2
[0.055s] -- The C compiler identification is GNU 11.4.0
[0.103s] -- The CXX compiler identification is GNU 11.4.0
[0.110s] -- Detecting C compiler ABI info
[0.165s] -- Detecting C compiler ABI info - done
[0.169s] -- Check for working C compiler: /usr/bin/cc - skipped
[0.169s] -- Detecting C compile features
[0.169s] -- Detecting C compile features - done
[0.171s] -- Detecting CXX compiler ABI info
[0.237s] -- Detecting CXX compiler ABI info - done
[0.244s] -- Check for working CXX compiler: /usr/bin/c++ - skipped
[0.244s] -- Detecting CXX compile features
[0.245s] -- Detecting CXX compile features - done
[0.248s] -- Found ament_cmake: 1.3.9 (/opt/ros/humble/share/ament_cmake/cmake)
[0.349s] -- Found Python3: /usr/bin/python3 (found version "3.10.12") found components: Interpreter 
[0.415s] -- Found ament_lint_auto: 0.12.11 (/opt/ros/humble/share/ament_lint_auto/cmake)
[0.469s] -- Added test 'cppcheck' to perform static code analysis on C / C++ code
[0.469s] -- Configured cppcheck include dirs: 
[0.469s] -- Configured cppcheck exclude dirs and/or files: 
[0.470s] -- Added test 'flake8' to check Python code syntax and style conventions
[0.471s] -- Added test 'lint_cmake' to check CMake code style
[0.471s] -- Added test 'pep257' to check Python code against some of the docstring style conventions in PEP 257
[0.475s] -- Added test 'uncrustify' to check C / C++ code style
[0.475s] -- Configured uncrustify additional arguments: 
[0.476s] -- Added test 'xmllint' to check XML markup files
[0.476s] -- Configuring done
[0.478s] -- Generating done
[0.478s] -- Build files have been written to: /home/rahul/Desktop/riggu_ws/build/riggu_nav2
[0.481s] Invoked command in '/home/rahul/Desktop/riggu_ws/build/riggu_nav2' returned '0': CMAKE_PREFIX_PATH=${CMAKE_PREFIX_PATH}:/opt/ros/humble /usr/bin/cmake /home/rahul/Desktop/riggu_ws/src/riggu_nav2 -DCMAKE_INSTALL_PREFIX=/home/rahul/Desktop/riggu_ws/install/riggu_nav2
[0.482s] Invoking command in '/home/rahul/Desktop/riggu_ws/build/riggu_nav2': CMAKE_PREFIX_PATH=${CMAKE_PREFIX_PATH}:/opt/ros/humble /usr/bin/cmake --build /home/rahul/Desktop/riggu_ws/build/riggu_nav2 -- -j16 -l16
[0.513s] Invoked command in '/home/rahul/Desktop/riggu_ws/build/riggu_nav2' returned '0': CMAKE_PREFIX_PATH=${CMAKE_PREFIX_PATH}:/opt/ros/humble /usr/bin/cmake --build /home/rahul/Desktop/riggu_ws/build/riggu_nav2 -- -j16 -l16
[0.537s] Invoking command in '/home/rahul/Desktop/riggu_ws/build/riggu_nav2': CMAKE_PREFIX_PATH=${CMAKE_PREFIX_PATH}:/opt/ros/humble /usr/bin/cmake --install /home/rahul/Desktop/riggu_ws/build/riggu_nav2
[0.543s] -- Install configuration: ""
[0.544s] -- Installing: /home/rahul/Desktop/riggu_ws/install/riggu_nav2/share/riggu_nav2/launch
[0.544s] -- Installing: /home/rahul/Desktop/riggu_ws/install/riggu_nav2/share/riggu_nav2/launch/riggu_final.launch.py
[0.544s] -- Installing: /home/rahul/Desktop/riggu_ws/install/riggu_nav2/share/riggu_nav2/launch/riggu.launch.py
[0.544s] -- Installing: /home/rahul/Desktop/riggu_ws/install/riggu_nav2/share/riggu_nav2/urdf
[0.544s] -- Installing: /home/rahul/Desktop/riggu_ws/install/riggu_nav2/share/riggu_nav2/urdf/riggu_urdf1.urdf
[0.544s] -- Installing: /home/rahul/Desktop/riggu_ws/install/riggu_nav2/share/riggu_nav2/urdf/riggu_final.urdf
[0.544s] -- Installing: /home/rahul/Desktop/riggu_ws/install/riggu_nav2/share/riggu_nav2/urdf/riggu_urdf.urdf
[0.544s] -- Installing: /home/rahul/Desktop/riggu_ws/install/riggu_nav2/share/riggu_nav2/worlds
[0.545s] -- Installing: /home/rahul/Desktop/riggu_ws/install/riggu_nav2/share/riggu_nav2/worlds/empty.world
[0.545s] -- Installing: /home/rahul/Desktop/riggu_ws/install/riggu_nav2/share/riggu_nav2/rviz
[0.545s] -- Installing: /home/rahul/Desktop/riggu_ws/install/riggu_nav2/share/riggu_nav2/rviz/urdf_config.rviz
[0.545s] -- Installing: /home/rahul/Desktop/riggu_ws/install/riggu_nav2/share/riggu_nav2/config
[0.545s] -- Installing: /home/rahul/Desktop/riggu_ws/install/riggu_nav2/share/riggu_nav2/config/laser_scan.yaml
[0.545s] -- Installing: /home/rahul/Desktop/riggu_ws/install/riggu_nav2/share/riggu_nav2/config/mapper_params_online_async.yaml
[0.545s] -- Installing: /home/rahul/Desktop/riggu_ws/install/riggu_nav2/share/riggu_nav2/config/ekf.yaml
[0.545s] -- Installing: /home/rahul/Desktop/riggu_ws/install/riggu_nav2/lib/riggu_nav2/joy.py
[0.545s] -- Installing: /home/rahul/Desktop/riggu_ws/install/riggu_nav2/lib/riggu_nav2/bot_vel_pub.py
[0.545s] -- Installing: /home/rahul/Desktop/riggu_ws/install/riggu_nav2/lib/riggu_nav2/pid_control.py
[0.546s] -- Installing: /home/rahul/Desktop/riggu_ws/install/riggu_nav2/lib/riggu_nav2/pid_vel.py
[0.546s] -- Installing: /home/rahul/Desktop/riggu_ws/install/riggu_nav2/share/ament_index/resource_index/package_run_dependencies/riggu_nav2
[0.546s] -- Installing: /home/rahul/Desktop/riggu_ws/install/riggu_nav2/share/ament_index/resource_index/parent_prefix_path/riggu_nav2
[0.546s] -- Installing: /home/rahul/Desktop/riggu_ws/install/riggu_nav2/share/riggu_nav2/environment/ament_prefix_path.sh
[0.546s] -- Installing: /home/rahul/Desktop/riggu_ws/install/riggu_nav2/share/riggu_nav2/environment/ament_prefix_path.dsv
[0.546s] -- Installing: /home/rahul/Desktop/riggu_ws/install/riggu_nav2/share/riggu_nav2/environment/path.sh
[0.546s] -- Installing: /home/rahul/Desktop/riggu_ws/install/riggu_nav2/share/riggu_nav2/environment/path.dsv
[0.546s] -- Installing: /home/rahul/Desktop/riggu_ws/install/riggu_nav2/share/riggu_nav2/local_setup.bash
[0.546s] -- Installing: /home/rahul/Desktop/riggu_ws/install/riggu_nav2/share/riggu_nav2/local_setup.sh
[0.546s] -- Installing: /home/rahul/Desktop/riggu_ws/install/riggu_nav2/share/riggu_nav2/local_setup.zsh
[0.546s] -- Installing: /home/rahul/Desktop/riggu_ws/install/riggu_nav2/share/riggu_nav2/local_setup.dsv
[0.546s] -- Installing: /home/rahul/Desktop/riggu_ws/install/riggu_nav2/share/riggu_nav2/package.dsv
[0.546s] -- Installing: /home/rahul/Desktop/riggu_ws/install/riggu_nav2/share/ament_index/resource_index/packages/riggu_nav2
[0.546s] -- Installing: /home/rahul/Desktop/riggu_ws/install/riggu_nav2/share/riggu_nav2/cmake/riggu_nav2Config.cmake
[0.546s] -- Installing: /home/rahul/Desktop/riggu_ws/install/riggu_nav2/share/riggu_nav2/cmake/riggu_nav2Config-version.cmake
[0.547s] -- Installing: /home/rahul/Desktop/riggu_ws/install/riggu_nav2/share/riggu_nav2/package.xml
[0.547s] Invoked command in '/home/rahul/Desktop/riggu_ws/build/riggu_nav2' returned '0': CMAKE_PREFIX_PATH=${CMAKE_PREFIX_PATH}:/opt/ros/humble /usr/bin/cmake --install /home/rahul/Desktop/riggu_ws/build/riggu_nav2
