[0.554s] Invoking command in '/home/rahul/Desktop/riggu_ws/build/hagen_control': PYTHONPATH=/home/rahul/Desktop/riggu_ws/build/hagen_control/prefix_override:/usr/lib/python3/dist-packages/colcon_core/task/python/colcon_distutils_commands:/home/rahul/Desktop/riggu_ws/install/hagen_control/lib/python3.10/site-packages:${PYTHONPATH} /usr/bin/python3 -W ignore:setup.py install is deprecated setup.py develop --uninstall --editable --build-directory /home/rahul/Desktop/riggu_ws/build/hagen_control/build
[0.710s] running develop
[0.710s] /usr/lib/python3/dist-packages/setuptools/command/easy_install.py:158: EasyInstallDeprecationWarning: easy_install command is deprecated. Use build and pip and other standards-based tools.
[0.710s]   warnings.warn(
[0.810s] Removing /home/rahul/Desktop/riggu_ws/install/hagen_control/lib/python3.10/site-packages/hagen-control.egg-link (link to .)
[0.827s] Invoked command in '/home/rahul/Desktop/riggu_ws/build/hagen_control' returned '0': PYTHONPATH=/home/rahul/Desktop/riggu_ws/build/hagen_control/prefix_override:/usr/lib/python3/dist-packages/colcon_core/task/python/colcon_distutils_commands:/home/rahul/Desktop/riggu_ws/install/hagen_control/lib/python3.10/site-packages:${PYTHONPATH} /usr/bin/python3 -W ignore:setup.py install is deprecated setup.py develop --uninstall --editable --build-directory /home/rahul/Desktop/riggu_ws/build/hagen_control/build
[0.827s] Invoking command in '/home/rahul/Desktop/riggu_ws/src/autonomous_mobile_robots/hagen_control': PYTHONPATH=/home/rahul/Desktop/riggu_ws/build/hagen_control/prefix_override:/usr/lib/python3/dist-packages/colcon_core/task/python/colcon_distutils_commands:/home/rahul/Desktop/riggu_ws/install/hagen_control/lib/python3.10/site-packages:${PYTHONPATH} /usr/bin/python3 -W ignore:setup.py install is deprecated setup.py egg_info --egg-base ../../../build/hagen_control build --build-base /home/rahul/Desktop/riggu_ws/build/hagen_control/build install --record /home/rahul/Desktop/riggu_ws/build/hagen_control/install.log --single-version-externally-managed install_data --force
[0.968s] running egg_info
[0.969s] writing ../../../build/hagen_control/hagen_control.egg-info/PKG-INFO
[0.969s] writing dependency_links to ../../../build/hagen_control/hagen_control.egg-info/dependency_links.txt
[0.969s] writing entry points to ../../../build/hagen_control/hagen_control.egg-info/entry_points.txt
[0.969s] writing requirements to ../../../build/hagen_control/hagen_control.egg-info/requires.txt
[0.969s] writing top-level names to ../../../build/hagen_control/hagen_control.egg-info/top_level.txt
[0.977s] reading manifest file '../../../build/hagen_control/hagen_control.egg-info/SOURCES.txt'
[0.978s] writing manifest file '../../../build/hagen_control/hagen_control.egg-info/SOURCES.txt'
[0.978s] running build
[0.978s] running build_py
[0.978s] running install
[0.978s] running install_lib
[0.979s] creating /home/rahul/Desktop/riggu_ws/install/hagen_control/lib/python3.10/site-packages/hagen_control
[0.979s] copying /home/rahul/Desktop/riggu_ws/build/hagen_control/build/lib/hagen_control/dubins_path.py -> /home/rahul/Desktop/riggu_ws/install/hagen_control/lib/python3.10/site-packages/hagen_control
[0.979s] copying /home/rahul/Desktop/riggu_ws/build/hagen_control/build/lib/hagen_control/diff_drive_LQR.py -> /home/rahul/Desktop/riggu_ws/install/hagen_control/lib/python3.10/site-packages/hagen_control
[0.979s] copying /home/rahul/Desktop/riggu_ws/build/hagen_control/build/lib/hagen_control/diff_drive_PID_control.py -> /home/rahul/Desktop/riggu_ws/install/hagen_control/lib/python3.10/site-packages/hagen_control
[0.979s] copying /home/rahul/Desktop/riggu_ws/build/hagen_control/build/lib/hagen_control/diff_drive_MPC.py -> /home/rahul/Desktop/riggu_ws/install/hagen_control/lib/python3.10/site-packages/hagen_control
[0.979s] copying /home/rahul/Desktop/riggu_ws/build/hagen_control/build/lib/hagen_control/__init__.py -> /home/rahul/Desktop/riggu_ws/install/hagen_control/lib/python3.10/site-packages/hagen_control
[0.979s] copying /home/rahul/Desktop/riggu_ws/build/hagen_control/build/lib/hagen_control/hagen_control_strategy.py -> /home/rahul/Desktop/riggu_ws/install/hagen_control/lib/python3.10/site-packages/hagen_control
[0.979s] byte-compiling /home/rahul/Desktop/riggu_ws/install/hagen_control/lib/python3.10/site-packages/hagen_control/dubins_path.py to dubins_path.cpython-310.pyc
[0.980s] byte-compiling /home/rahul/Desktop/riggu_ws/install/hagen_control/lib/python3.10/site-packages/hagen_control/diff_drive_LQR.py to diff_drive_LQR.cpython-310.pyc
[0.981s] byte-compiling /home/rahul/Desktop/riggu_ws/install/hagen_control/lib/python3.10/site-packages/hagen_control/diff_drive_PID_control.py to diff_drive_PID_control.cpython-310.pyc
[0.982s] byte-compiling /home/rahul/Desktop/riggu_ws/install/hagen_control/lib/python3.10/site-packages/hagen_control/diff_drive_MPC.py to diff_drive_MPC.cpython-310.pyc
[0.983s] byte-compiling /home/rahul/Desktop/riggu_ws/install/hagen_control/lib/python3.10/site-packages/hagen_control/__init__.py to __init__.cpython-310.pyc
[0.983s] byte-compiling /home/rahul/Desktop/riggu_ws/install/hagen_control/lib/python3.10/site-packages/hagen_control/hagen_control_strategy.py to hagen_control_strategy.cpython-310.pyc
[0.984s] running install_data
[0.985s] copying resource/hagen_control -> /home/rahul/Desktop/riggu_ws/install/hagen_control/share/ament_index/resource_index/packages
[0.985s] copying package.xml -> /home/rahul/Desktop/riggu_ws/install/hagen_control/share/hagen_control
[0.985s] running install_egg_info
[0.986s] Copying ../../../build/hagen_control/hagen_control.egg-info to /home/rahul/Desktop/riggu_ws/install/hagen_control/lib/python3.10/site-packages/hagen_control-0.0.0-py3.10.egg-info
[0.987s] running install_scripts
[0.999s] Installing LQR script to /home/rahul/Desktop/riggu_ws/install/hagen_control/lib/hagen_control
[0.999s] Installing MPC script to /home/rahul/Desktop/riggu_ws/install/hagen_control/lib/hagen_control
[1.000s] Installing PID script to /home/rahul/Desktop/riggu_ws/install/hagen_control/lib/hagen_control
[1.000s] Installing diff_drive script to /home/rahul/Desktop/riggu_ws/install/hagen_control/lib/hagen_control
[1.000s] writing list of installed files to '/home/rahul/Desktop/riggu_ws/build/hagen_control/install.log'
[1.015s] Invoked command in '/home/rahul/Desktop/riggu_ws/src/autonomous_mobile_robots/hagen_control' returned '0': PYTHONPATH=/home/rahul/Desktop/riggu_ws/build/hagen_control/prefix_override:/usr/lib/python3/dist-packages/colcon_core/task/python/colcon_distutils_commands:/home/rahul/Desktop/riggu_ws/install/hagen_control/lib/python3.10/site-packages:${PYTHONPATH} /usr/bin/python3 -W ignore:setup.py install is deprecated setup.py egg_info --egg-base ../../../build/hagen_control build --build-base /home/rahul/Desktop/riggu_ws/build/hagen_control/build install --record /home/rahul/Desktop/riggu_ws/build/hagen_control/install.log --single-version-externally-managed install_data --force
