running egg_info
writing ../../../build/hagen_control/hagen_control.egg-info/PKG-INFO
writing dependency_links to ../../../build/hagen_control/hagen_control.egg-info/dependency_links.txt
writing entry points to ../../../build/hagen_control/hagen_control.egg-info/entry_points.txt
writing requirements to ../../../build/hagen_control/hagen_control.egg-info/requires.txt
writing top-level names to ../../../build/hagen_control/hagen_control.egg-info/top_level.txt
reading manifest file '../../../build/hagen_control/hagen_control.egg-info/SOURCES.txt'
writing manifest file '../../../build/hagen_control/hagen_control.egg-info/SOURCES.txt'
running build
running build_py
running install
running install_lib
running install_data
running install_egg_info
removing '/home/rahul/Desktop/riggu_ws/install/hagen_control/lib/python3.10/site-packages/hagen_control-0.0.0-py3.10.egg-info' (and everything under it)
Copying ../../../build/hagen_control/hagen_control.egg-info to /home/rahul/Desktop/riggu_ws/install/hagen_control/lib/python3.10/site-packages/hagen_control-0.0.0-py3.10.egg-info
running install_scripts
Installing LQR script to /home/rahul/Desktop/riggu_ws/install/hagen_control/lib/hagen_control
Installing MPC script to /home/rahul/Desktop/riggu_ws/install/hagen_control/lib/hagen_control
Installing PID script to /home/rahul/Desktop/riggu_ws/install/hagen_control/lib/hagen_control
Installing diff_drive script to /home/rahul/Desktop/riggu_ws/install/hagen_control/lib/hagen_control
writing list of installed files to '/home/rahul/Desktop/riggu_ws/build/hagen_control/install.log'
