[0.171s] Invoking command in '/home/rahul/Desktop/riggu_ws/build/riggu_nav2': CMAKE_PREFIX_PATH=${CMAKE_PREFIX_PATH}:/home/rahul/Desktop/riggu_ws/install/robot_pkg:/home/rahul/Desktop/riggu_ws/install/hagen_control:/home/rahul/lifecyle_ws/install/lifecycle:/opt/ros/humble /usr/bin/cmake --build /home/rahul/Desktop/riggu_ws/build/riggu_nav2 -- -j16 -l16
[0.328s] Invoked command in '/home/rahul/Desktop/riggu_ws/build/riggu_nav2' returned '0': CMAKE_PREFIX_PATH=${CMAKE_PREFIX_PATH}:/home/rahul/Desktop/riggu_ws/install/robot_pkg:/home/rahul/Desktop/riggu_ws/install/hagen_control:/home/rahul/lifecyle_ws/install/lifecycle:/opt/ros/humble /usr/bin/cmake --build /home/rahul/Desktop/riggu_ws/build/riggu_nav2 -- -j16 -l16
[0.357s] Invoking command in '/home/rahul/Desktop/riggu_ws/build/riggu_nav2': CMAKE_PREFIX_PATH=${CMAKE_PREFIX_PATH}:/home/rahul/Desktop/riggu_ws/install/robot_pkg:/home/rahul/Desktop/riggu_ws/install/hagen_control:/home/rahul/lifecyle_ws/install/lifecycle:/opt/ros/humble /usr/bin/cmake --install /home/rahul/Desktop/riggu_ws/build/riggu_nav2
[0.362s] -- Install configuration: ""
[0.362s] -- Up-to-date: /home/rahul/Desktop/riggu_ws/install/riggu_nav2/share/riggu_nav2/launch
[0.362s] -- Up-to-date: /home/rahul/Desktop/riggu_ws/install/riggu_nav2/share/riggu_nav2/launch/nav2_navigation_launch.py
[0.362s] -- Up-to-date: /home/rahul/Desktop/riggu_ws/install/riggu_nav2/share/riggu_nav2/launch/Nav2_final.launch.py
[0.362s] -- Up-to-date: /home/rahul/Desktop/riggu_ws/install/riggu_nav2/share/riggu_nav2/launch/riggu_final.launch.py
[0.362s] -- Up-to-date: /home/rahul/Desktop/riggu_ws/install/riggu_nav2/share/riggu_nav2/launch/riggu_simulation.launch.py
[0.363s] -- Up-to-date: /home/rahul/Desktop/riggu_ws/install/riggu_nav2/share/riggu_nav2/launch/riggu.launch.py
[0.363s] -- Up-to-date: /home/rahul/Desktop/riggu_ws/install/riggu_nav2/share/riggu_nav2/launch/nav22_launch.py
[0.363s] -- Up-to-date: /home/rahul/Desktop/riggu_ws/install/riggu_nav2/share/riggu_nav2/urdf
[0.363s] -- Up-to-date: /home/rahul/Desktop/riggu_ws/install/riggu_nav2/share/riggu_nav2/urdf/riggu_simulation.urdf
[0.363s] -- Up-to-date: /home/rahul/Desktop/riggu_ws/install/riggu_nav2/share/riggu_nav2/urdf/riggu_urdf1.urdf
[0.363s] -- Up-to-date: /home/rahul/Desktop/riggu_ws/install/riggu_nav2/share/riggu_nav2/urdf/riggu_final.urdf
[0.363s] -- Up-to-date: /home/rahul/Desktop/riggu_ws/install/riggu_nav2/share/riggu_nav2/urdf/riggu_urdf.urdf
[0.363s] -- Up-to-date: /home/rahul/Desktop/riggu_ws/install/riggu_nav2/share/riggu_nav2/worlds
[0.363s] -- Up-to-date: /home/rahul/Desktop/riggu_ws/install/riggu_nav2/share/riggu_nav2/worlds/empty.world
[0.364s] -- Up-to-date: /home/rahul/Desktop/riggu_ws/install/riggu_nav2/share/riggu_nav2/rviz
[0.364s] -- Up-to-date: /home/rahul/Desktop/riggu_ws/install/riggu_nav2/share/riggu_nav2/rviz/urdf_config.rviz
[0.364s] -- Up-to-date: /home/rahul/Desktop/riggu_ws/install/riggu_nav2/share/riggu_nav2/config
[0.364s] -- Up-to-date: /home/rahul/Desktop/riggu_ws/install/riggu_nav2/share/riggu_nav2/config/laser_scan.yaml
[0.364s] -- Up-to-date: /home/rahul/Desktop/riggu_ws/install/riggu_nav2/share/riggu_nav2/config/mapper_params_online_async.yaml
[0.364s] -- Up-to-date: /home/rahul/Desktop/riggu_ws/install/riggu_nav2/share/riggu_nav2/config/ekf.yaml
[0.364s] -- Up-to-date: /home/rahul/Desktop/riggu_ws/install/riggu_nav2/lib/riggu_nav2/joy.py
[0.364s] -- Up-to-date: /home/rahul/Desktop/riggu_ws/install/riggu_nav2/lib/riggu_nav2/bot_vel_pub.py
[0.364s] -- Up-to-date: /home/rahul/Desktop/riggu_ws/install/riggu_nav2/lib/riggu_nav2/pid_control.py
[0.364s] -- Up-to-date: /home/rahul/Desktop/riggu_ws/install/riggu_nav2/lib/riggu_nav2/pid_vel.py
[0.364s] -- Execute custom install script
[0.365s] -- Up-to-date symlink: /home/rahul/Desktop/riggu_ws/install/riggu_nav2/share/ament_index/resource_index/package_run_dependencies/riggu_nav2
[0.365s] -- Up-to-date symlink: /home/rahul/Desktop/riggu_ws/install/riggu_nav2/share/ament_index/resource_index/parent_prefix_path/riggu_nav2
[0.365s] -- Up-to-date symlink: /home/rahul/Desktop/riggu_ws/install/riggu_nav2/share/riggu_nav2/environment/ament_prefix_path.sh
[0.365s] -- Up-to-date symlink: /home/rahul/Desktop/riggu_ws/install/riggu_nav2/share/riggu_nav2/environment/ament_prefix_path.dsv
[0.366s] -- Up-to-date symlink: /home/rahul/Desktop/riggu_ws/install/riggu_nav2/share/riggu_nav2/environment/path.sh
[0.366s] -- Up-to-date symlink: /home/rahul/Desktop/riggu_ws/install/riggu_nav2/share/riggu_nav2/environment/path.dsv
[0.366s] -- Up-to-date symlink: /home/rahul/Desktop/riggu_ws/install/riggu_nav2/share/riggu_nav2/local_setup.bash
[0.366s] -- Up-to-date symlink: /home/rahul/Desktop/riggu_ws/install/riggu_nav2/share/riggu_nav2/local_setup.sh
[0.366s] -- Up-to-date symlink: /home/rahul/Desktop/riggu_ws/install/riggu_nav2/share/riggu_nav2/local_setup.zsh
[0.367s] -- Up-to-date symlink: /home/rahul/Desktop/riggu_ws/install/riggu_nav2/share/riggu_nav2/local_setup.dsv
[0.367s] -- Symlinking: /home/rahul/Desktop/riggu_ws/install/riggu_nav2/share/riggu_nav2/package.dsv
[0.376s] -- Up-to-date symlink: /home/rahul/Desktop/riggu_ws/install/riggu_nav2/share/ament_index/resource_index/packages/riggu_nav2
[0.376s] -- Up-to-date symlink: /home/rahul/Desktop/riggu_ws/install/riggu_nav2/share/riggu_nav2/cmake/riggu_nav2Config.cmake
[0.376s] -- Up-to-date symlink: /home/rahul/Desktop/riggu_ws/install/riggu_nav2/share/riggu_nav2/cmake/riggu_nav2Config-version.cmake
[0.377s] -- Up-to-date symlink: /home/rahul/Desktop/riggu_ws/install/riggu_nav2/share/riggu_nav2/package.xml
[0.379s] Invoked command in '/home/rahul/Desktop/riggu_ws/build/riggu_nav2' returned '0': CMAKE_PREFIX_PATH=${CMAKE_PREFIX_PATH}:/home/rahul/Desktop/riggu_ws/install/robot_pkg:/home/rahul/Desktop/riggu_ws/install/hagen_control:/home/rahul/lifecyle_ws/install/lifecycle:/opt/ros/humble /usr/bin/cmake --install /home/rahul/Desktop/riggu_ws/build/riggu_nav2
