[0.635s] Invoking command in '/home/rahul/Desktop/riggu_ws/src/autonomous_mobile_robots/hagen_control': PYTHONPATH=/home/rahul/Desktop/riggu_ws/build/hagen_control/prefix_override:/usr/lib/python3/dist-packages/colcon_core/task/python/colcon_distutils_commands:/home/rahul/Desktop/riggu_ws/install/hagen_control/lib/python3.10/site-packages:${PYTHONPATH} /usr/bin/python3 -W ignore:setup.py install is deprecated setup.py egg_info --egg-base ../../../build/hagen_control build --build-base /home/rahul/Desktop/riggu_ws/build/hagen_control/build install --record /home/rahul/Desktop/riggu_ws/build/hagen_control/install.log --single-version-externally-managed install_data
[1.012s] running egg_info
[1.012s] creating ../../../build/hagen_control/hagen_control.egg-info
[1.012s] writing ../../../build/hagen_control/hagen_control.egg-info/PKG-INFO
[1.012s] writing dependency_links to ../../../build/hagen_control/hagen_control.egg-info/dependency_links.txt
[1.013s] writing entry points to ../../../build/hagen_control/hagen_control.egg-info/entry_points.txt
[1.013s] writing requirements to ../../../build/hagen_control/hagen_control.egg-info/requires.txt
[1.013s] writing top-level names to ../../../build/hagen_control/hagen_control.egg-info/top_level.txt
[1.013s] writing manifest file '../../../build/hagen_control/hagen_control.egg-info/SOURCES.txt'
[1.015s] reading manifest file '../../../build/hagen_control/hagen_control.egg-info/SOURCES.txt'
[1.016s] writing manifest file '../../../build/hagen_control/hagen_control.egg-info/SOURCES.txt'
[1.016s] running build
[1.016s] running build_py
[1.017s] creating /home/rahul/Desktop/riggu_ws/build/hagen_control/build
[1.017s] creating /home/rahul/Desktop/riggu_ws/build/hagen_control/build/lib
[1.017s] creating /home/rahul/Desktop/riggu_ws/build/hagen_control/build/lib/hagen_control
[1.017s] copying hagen_control/dubins_path.py -> /home/rahul/Desktop/riggu_ws/build/hagen_control/build/lib/hagen_control
[1.017s] copying hagen_control/diff_drive_LQR.py -> /home/rahul/Desktop/riggu_ws/build/hagen_control/build/lib/hagen_control
[1.017s] copying hagen_control/diff_drive_PID_control.py -> /home/rahul/Desktop/riggu_ws/build/hagen_control/build/lib/hagen_control
[1.017s] copying hagen_control/diff_drive_MPC.py -> /home/rahul/Desktop/riggu_ws/build/hagen_control/build/lib/hagen_control
[1.017s] copying hagen_control/__init__.py -> /home/rahul/Desktop/riggu_ws/build/hagen_control/build/lib/hagen_control
[1.018s] copying hagen_control/hagen_control_strategy.py -> /home/rahul/Desktop/riggu_ws/build/hagen_control/build/lib/hagen_control
[1.018s] running install
[1.018s] running install_lib
[1.019s] creating /home/rahul/Desktop/riggu_ws/install/hagen_control/lib/python3.10/site-packages/hagen_control
[1.020s] copying /home/rahul/Desktop/riggu_ws/build/hagen_control/build/lib/hagen_control/dubins_path.py -> /home/rahul/Desktop/riggu_ws/install/hagen_control/lib/python3.10/site-packages/hagen_control
[1.020s] copying /home/rahul/Desktop/riggu_ws/build/hagen_control/build/lib/hagen_control/diff_drive_LQR.py -> /home/rahul/Desktop/riggu_ws/install/hagen_control/lib/python3.10/site-packages/hagen_control
[1.020s] copying /home/rahul/Desktop/riggu_ws/build/hagen_control/build/lib/hagen_control/diff_drive_PID_control.py -> /home/rahul/Desktop/riggu_ws/install/hagen_control/lib/python3.10/site-packages/hagen_control
[1.020s] copying /home/rahul/Desktop/riggu_ws/build/hagen_control/build/lib/hagen_control/diff_drive_MPC.py -> /home/rahul/Desktop/riggu_ws/install/hagen_control/lib/python3.10/site-packages/hagen_control
[1.020s] copying /home/rahul/Desktop/riggu_ws/build/hagen_control/build/lib/hagen_control/__init__.py -> /home/rahul/Desktop/riggu_ws/install/hagen_control/lib/python3.10/site-packages/hagen_control
[1.020s] copying /home/rahul/Desktop/riggu_ws/build/hagen_control/build/lib/hagen_control/hagen_control_strategy.py -> /home/rahul/Desktop/riggu_ws/install/hagen_control/lib/python3.10/site-packages/hagen_control
[1.021s] byte-compiling /home/rahul/Desktop/riggu_ws/install/hagen_control/lib/python3.10/site-packages/hagen_control/dubins_path.py to dubins_path.cpython-310.pyc
[1.023s] byte-compiling /home/rahul/Desktop/riggu_ws/install/hagen_control/lib/python3.10/site-packages/hagen_control/diff_drive_LQR.py to diff_drive_LQR.cpython-310.pyc
[1.026s] byte-compiling /home/rahul/Desktop/riggu_ws/install/hagen_control/lib/python3.10/site-packages/hagen_control/diff_drive_PID_control.py to diff_drive_PID_control.cpython-310.pyc
[1.028s] byte-compiling /home/rahul/Desktop/riggu_ws/install/hagen_control/lib/python3.10/site-packages/hagen_control/diff_drive_MPC.py to diff_drive_MPC.cpython-310.pyc
[1.030s] byte-compiling /home/rahul/Desktop/riggu_ws/install/hagen_control/lib/python3.10/site-packages/hagen_control/__init__.py to __init__.cpython-310.pyc
[1.031s] byte-compiling /home/rahul/Desktop/riggu_ws/install/hagen_control/lib/python3.10/site-packages/hagen_control/hagen_control_strategy.py to hagen_control_strategy.cpython-310.pyc
[1.036s] running install_data
[1.036s] creating /home/rahul/Desktop/riggu_ws/install/hagen_control/share/ament_index
[1.036s] creating /home/rahul/Desktop/riggu_ws/install/hagen_control/share/ament_index/resource_index
[1.036s] creating /home/rahul/Desktop/riggu_ws/install/hagen_control/share/ament_index/resource_index/packages
[1.036s] copying resource/hagen_control -> /home/rahul/Desktop/riggu_ws/install/hagen_control/share/ament_index/resource_index/packages
[1.036s] copying package.xml -> /home/rahul/Desktop/riggu_ws/install/hagen_control/share/hagen_control
[1.036s] running install_egg_info
[1.039s] Copying ../../../build/hagen_control/hagen_control.egg-info to /home/rahul/Desktop/riggu_ws/install/hagen_control/lib/python3.10/site-packages/hagen_control-0.0.0-py3.10.egg-info
[1.040s] running install_scripts
[1.073s] Installing LQR script to /home/rahul/Desktop/riggu_ws/install/hagen_control/lib/hagen_control
[1.075s] Installing MPC script to /home/rahul/Desktop/riggu_ws/install/hagen_control/lib/hagen_control
[1.075s] Installing PID script to /home/rahul/Desktop/riggu_ws/install/hagen_control/lib/hagen_control
[1.075s] Installing diff_drive script to /home/rahul/Desktop/riggu_ws/install/hagen_control/lib/hagen_control
[1.075s] writing list of installed files to '/home/rahul/Desktop/riggu_ws/build/hagen_control/install.log'
[1.136s] Invoked command in '/home/rahul/Desktop/riggu_ws/src/autonomous_mobile_robots/hagen_control' returned '0': PYTHONPATH=/home/rahul/Desktop/riggu_ws/build/hagen_control/prefix_override:/usr/lib/python3/dist-packages/colcon_core/task/python/colcon_distutils_commands:/home/rahul/Desktop/riggu_ws/install/hagen_control/lib/python3.10/site-packages:${PYTHONPATH} /usr/bin/python3 -W ignore:setup.py install is deprecated setup.py egg_info --egg-base ../../../build/hagen_control build --build-base /home/rahul/Desktop/riggu_ws/build/hagen_control/build install --record /home/rahul/Desktop/riggu_ws/build/hagen_control/install.log --single-version-externally-managed install_data
