[0.154s] Invoking command in '/home/rahul/Desktop/riggu_ws/build/rplidar_ros': CMAKE_PREFIX_PATH=${CMAKE_PREFIX_PATH}:/home/rahul/Desktop/riggu_ws/install/robot_pkg:/opt/ros/humble /usr/bin/cmake --build /home/rahul/Desktop/riggu_ws/build/rplidar_ros -- -j16 -l16
[0.173s] -- Found ament_cmake: 1.3.10 (/opt/ros/humble/share/ament_cmake/cmake)
[0.254s] -- Override CMake install command with custom implementation using symlinks instead of copying resources
[0.261s] -- Found rclcpp: 16.0.10 (/opt/ros/humble/share/rclcpp/cmake)
[0.289s] -- Found rosidl_generator_c: 3.1.5 (/opt/ros/humble/share/rosidl_generator_c/cmake)
[0.291s] -- Found rosidl_adapter: 3.1.5 (/opt/ros/humble/share/rosidl_adapter/cmake)
[0.297s] -- Found rosidl_generator_cpp: 3.1.5 (/opt/ros/humble/share/rosidl_generator_cpp/cmake)
[0.305s] -- Using all available rosidl_typesupport_c: rosidl_typesupport_fastrtps_c;rosidl_typesupport_introspection_c
[0.315s] -- Using all available rosidl_typesupport_cpp: rosidl_typesupport_fastrtps_cpp;rosidl_typesupport_introspection_cpp
[0.341s] -- Found rmw_implementation_cmake: 6.1.2 (/opt/ros/humble/share/rmw_implementation_cmake/cmake)
[0.342s] -- Found rmw_fastrtps_cpp: 6.2.7 (/opt/ros/humble/share/rmw_fastrtps_cpp/cmake)
[0.414s] -- Using RMW implementation 'rmw_fastrtps_cpp' as default
[0.454s] -- Found sensor_msgs: 4.2.4 (/opt/ros/humble/share/sensor_msgs/cmake)
[0.473s] -- Found std_srvs: 4.2.4 (/opt/ros/humble/share/std_srvs/cmake)
[0.528s] -- Configuring done
[0.547s] -- Generating done
[0.548s] -- Build files have been written to: /home/rahul/Desktop/riggu_ws/build/rplidar_ros
[0.569s] [35m[1mConsolidate compiler generated dependencies of target rplidar_client[0m
[0.574s] [35m[1mConsolidate compiler generated dependencies of target rplidar_composition[0m
[0.574s] [35m[1mConsolidate compiler generated dependencies of target rplidar_node[0m
[0.588s] [  5%] Built target rplidar_client
[0.598s] [100%] Built target rplidar_node
[0.598s] [100%] Built target rplidar_composition
[0.606s] Invoked command in '/home/rahul/Desktop/riggu_ws/build/rplidar_ros' returned '0': CMAKE_PREFIX_PATH=${CMAKE_PREFIX_PATH}:/home/rahul/Desktop/riggu_ws/install/robot_pkg:/opt/ros/humble /usr/bin/cmake --build /home/rahul/Desktop/riggu_ws/build/rplidar_ros -- -j16 -l16
[0.657s] Invoking command in '/home/rahul/Desktop/riggu_ws/build/rplidar_ros': CMAKE_PREFIX_PATH=${CMAKE_PREFIX_PATH}:/home/rahul/Desktop/riggu_ws/install/robot_pkg:/opt/ros/humble /usr/bin/cmake --install /home/rahul/Desktop/riggu_ws/build/rplidar_ros
[0.664s] -- Install configuration: ""
[0.664s] -- Execute custom install script
[0.664s] -- Up-to-date symlink: /home/rahul/Desktop/riggu_ws/install/rplidar_ros/share/rplidar_ros/launch/rplidar_a1_launch.py
[0.664s] -- Up-to-date symlink: /home/rahul/Desktop/riggu_ws/install/rplidar_ros/share/rplidar_ros/launch/rplidar_a2m12_launch.py
[0.664s] -- Up-to-date symlink: /home/rahul/Desktop/riggu_ws/install/rplidar_ros/share/rplidar_ros/launch/rplidar_a2m7_launch.py
[0.664s] -- Up-to-date symlink: /home/rahul/Desktop/riggu_ws/install/rplidar_ros/share/rplidar_ros/launch/rplidar_a2m8_launch.py
[0.664s] -- Up-to-date symlink: /home/rahul/Desktop/riggu_ws/install/rplidar_ros/share/rplidar_ros/launch/rplidar_a3_launch.py
[0.665s] -- Up-to-date symlink: /home/rahul/Desktop/riggu_ws/install/rplidar_ros/share/rplidar_ros/launch/rplidar_c1_launch.py
[0.665s] -- Up-to-date symlink: /home/rahul/Desktop/riggu_ws/install/rplidar_ros/share/rplidar_ros/launch/rplidar_s1_launch.py
[0.665s] -- Up-to-date symlink: /home/rahul/Desktop/riggu_ws/install/rplidar_ros/share/rplidar_ros/launch/rplidar_s1_tcp_launch.py
[0.665s] -- Up-to-date symlink: /home/rahul/Desktop/riggu_ws/install/rplidar_ros/share/rplidar_ros/launch/rplidar_s2_launch.py
[0.665s] -- Up-to-date symlink: /home/rahul/Desktop/riggu_ws/install/rplidar_ros/share/rplidar_ros/launch/rplidar_s2e_launch.py
[0.665s] -- Up-to-date symlink: /home/rahul/Desktop/riggu_ws/install/rplidar_ros/share/rplidar_ros/launch/rplidar_s3_launch.py
[0.665s] -- Up-to-date symlink: /home/rahul/Desktop/riggu_ws/install/rplidar_ros/share/rplidar_ros/launch/rplidar_t1_launch.py
[0.665s] -- Up-to-date symlink: /home/rahul/Desktop/riggu_ws/install/rplidar_ros/share/rplidar_ros/launch/view_rplidar_a1_launch.py
[0.665s] -- Up-to-date symlink: /home/rahul/Desktop/riggu_ws/install/rplidar_ros/share/rplidar_ros/launch/view_rplidar_a2m12_launch.py
[0.665s] -- Up-to-date symlink: /home/rahul/Desktop/riggu_ws/install/rplidar_ros/share/rplidar_ros/launch/view_rplidar_a2m7_launch.py
[0.665s] -- Up-to-date symlink: /home/rahul/Desktop/riggu_ws/install/rplidar_ros/share/rplidar_ros/launch/view_rplidar_a2m8_launch.py
[0.665s] -- Up-to-date symlink: /home/rahul/Desktop/riggu_ws/install/rplidar_ros/share/rplidar_ros/launch/view_rplidar_a3_launch.py
[0.665s] -- Up-to-date symlink: /home/rahul/Desktop/riggu_ws/install/rplidar_ros/share/rplidar_ros/launch/view_rplidar_c1_launch.py
[0.665s] -- Up-to-date symlink: /home/rahul/Desktop/riggu_ws/install/rplidar_ros/share/rplidar_ros/launch/view_rplidar_s1_launch.py
[0.665s] -- Up-to-date symlink: /home/rahul/Desktop/riggu_ws/install/rplidar_ros/share/rplidar_ros/launch/view_rplidar_s1_tcp_launch.py
[0.665s] -- Up-to-date symlink: /home/rahul/Desktop/riggu_ws/install/rplidar_ros/share/rplidar_ros/launch/view_rplidar_s2_launch.py
[0.665s] -- Up-to-date symlink: /home/rahul/Desktop/riggu_ws/install/rplidar_ros/share/rplidar_ros/launch/view_rplidar_s2e_launch.py
[0.665s] -- Up-to-date symlink: /home/rahul/Desktop/riggu_ws/install/rplidar_ros/share/rplidar_ros/launch/view_rplidar_s3_launch.py
[0.665s] -- Up-to-date symlink: /home/rahul/Desktop/riggu_ws/install/rplidar_ros/share/rplidar_ros/launch/view_rplidar_t1_launch.py
[0.666s] -- Up-to-date symlink: /home/rahul/Desktop/riggu_ws/install/rplidar_ros/share/rplidar_ros/rviz/rplidar_ros.rviz
[0.666s] -- Up-to-date symlink: /home/rahul/Desktop/riggu_ws/install/rplidar_ros/lib/rplidar_ros/rplidar_node
[0.666s] -- Up-to-date symlink: /home/rahul/Desktop/riggu_ws/install/rplidar_ros/lib/rplidar_ros/rplidar_composition
[0.666s] -- Up-to-date symlink: /home/rahul/Desktop/riggu_ws/install/rplidar_ros/lib/rplidar_ros/rplidar_client
[0.666s] -- Up-to-date symlink: /home/rahul/Desktop/riggu_ws/install/rplidar_ros/share/ament_index/resource_index/package_run_dependencies/rplidar_ros
[0.666s] -- Up-to-date symlink: /home/rahul/Desktop/riggu_ws/install/rplidar_ros/share/ament_index/resource_index/parent_prefix_path/rplidar_ros
[0.666s] -- Up-to-date symlink: /home/rahul/Desktop/riggu_ws/install/rplidar_ros/share/rplidar_ros/environment/ament_prefix_path.sh
[0.666s] -- Up-to-date symlink: /home/rahul/Desktop/riggu_ws/install/rplidar_ros/share/rplidar_ros/environment/ament_prefix_path.dsv
[0.666s] -- Up-to-date symlink: /home/rahul/Desktop/riggu_ws/install/rplidar_ros/share/rplidar_ros/environment/path.sh
[0.666s] -- Up-to-date symlink: /home/rahul/Desktop/riggu_ws/install/rplidar_ros/share/rplidar_ros/environment/path.dsv
[0.666s] -- Up-to-date symlink: /home/rahul/Desktop/riggu_ws/install/rplidar_ros/share/rplidar_ros/local_setup.bash
[0.666s] -- Up-to-date symlink: /home/rahul/Desktop/riggu_ws/install/rplidar_ros/share/rplidar_ros/local_setup.sh
[0.666s] -- Up-to-date symlink: /home/rahul/Desktop/riggu_ws/install/rplidar_ros/share/rplidar_ros/local_setup.zsh
[0.666s] -- Up-to-date symlink: /home/rahul/Desktop/riggu_ws/install/rplidar_ros/share/rplidar_ros/local_setup.dsv
[0.666s] -- Symlinking: /home/rahul/Desktop/riggu_ws/install/rplidar_ros/share/rplidar_ros/package.dsv
[0.672s] -- Up-to-date symlink: /home/rahul/Desktop/riggu_ws/install/rplidar_ros/share/ament_index/resource_index/packages/rplidar_ros
[0.672s] -- Up-to-date symlink: /home/rahul/Desktop/riggu_ws/install/rplidar_ros/share/rplidar_ros/cmake/ament_cmake_export_dependencies-extras.cmake
[0.672s] -- Up-to-date symlink: /home/rahul/Desktop/riggu_ws/install/rplidar_ros/share/rplidar_ros/cmake/ament_cmake_export_include_directories-extras.cmake
[0.672s] -- Up-to-date symlink: /home/rahul/Desktop/riggu_ws/install/rplidar_ros/share/rplidar_ros/cmake/rplidar_rosConfig.cmake
[0.672s] -- Up-to-date symlink: /home/rahul/Desktop/riggu_ws/install/rplidar_ros/share/rplidar_ros/cmake/rplidar_rosConfig-version.cmake
[0.672s] -- Up-to-date symlink: /home/rahul/Desktop/riggu_ws/install/rplidar_ros/share/rplidar_ros/package.xml
[0.673s] Invoked command in '/home/rahul/Desktop/riggu_ws/build/rplidar_ros' returned '0': CMAKE_PREFIX_PATH=${CMAKE_PREFIX_PATH}:/home/rahul/Desktop/riggu_ws/install/robot_pkg:/opt/ros/humble /usr/bin/cmake --install /home/rahul/Desktop/riggu_ws/build/rplidar_ros
