[0.327s] Invoking command in '/home/rahul/Desktop/riggu_ws/build/two_wheeled_robot': CMAKE_PREFIX_PATH=${CMAKE_PREFIX_PATH}:/home/rahul/lifecyle_ws/install/lifecycle:/home/rahul/Desktop/riggu_ws/install/robot_pkg:/home/rahul/Desktop/riggu_ws/install/riggu_nav2:/home/rahul/Desktop/riggu_ws/install/hagen_control:/opt/ros/humble /usr/bin/cmake /home/rahul/Desktop/riggu_ws/src/two_wheeled_robot -DCMAKE_INSTALL_PREFIX=/home/rahul/Desktop/riggu_ws/install/two_wheeled_robot
[0.334s] -- Found ament_cmake: 1.3.10 (/opt/ros/humble/share/ament_cmake/cmake)
[0.417s] -- Override CMake install command with custom implementation using symlinks instead of copying resources
[0.425s] -- Found rclcpp: 16.0.10 (/opt/ros/humble/share/rclcpp/cmake)
[0.444s] -- Found rosidl_generator_c: 3.1.5 (/opt/ros/humble/share/rosidl_generator_c/cmake)
[0.445s] -- Found rosidl_adapter: 3.1.5 (/opt/ros/humble/share/rosidl_adapter/cmake)
[0.449s] -- Found rosidl_generator_cpp: 3.1.5 (/opt/ros/humble/share/rosidl_generator_cpp/cmake)
[0.455s] -- Using all available rosidl_typesupport_c: rosidl_typesupport_fastrtps_c;rosidl_typesupport_introspection_c
[0.462s] -- Using all available rosidl_typesupport_cpp: rosidl_typesupport_fastrtps_cpp;rosidl_typesupport_introspection_cpp
[0.482s] -- Found rmw_implementation_cmake: 6.1.2 (/opt/ros/humble/share/rmw_implementation_cmake/cmake)
[0.483s] -- Found rmw_cyclonedds_cpp: 1.3.4 (/opt/ros/humble/share/rmw_cyclonedds_cpp/cmake)
[0.494s] -- Using RMW implementation 'rmw_cyclonedds_cpp' as default
[0.523s] -- Found rclpy: 3.3.14 (/opt/ros/humble/share/rclpy/cmake)
[0.523s] -- Found geometry_msgs: 4.2.4 (/opt/ros/humble/share/geometry_msgs/cmake)
[0.532s] -- Found nav_msgs: 4.2.4 (/opt/ros/humble/share/nav_msgs/cmake)
[0.543s] -- Found sensor_msgs: 4.2.4 (/opt/ros/humble/share/sensor_msgs/cmake)
[0.554s] -- Found action_msgs: 1.2.1 (/opt/ros/humble/share/action_msgs/cmake)
[0.614s] -- Found ament_lint_auto: 0.12.11 (/opt/ros/humble/share/ament_lint_auto/cmake)
[0.660s] -- Added test 'copyright' to check source files copyright and LICENSE
[1.007s] -- Added test 'flake8' to check Python code syntax and style conventions
[1.036s] -- Added test 'lint_cmake' to check CMake code style
[1.051s] -- Added test 'pep257' to check Python code against some of the docstring style conventions in PEP 257
[1.177s] -- Added test 'xmllint' to check XML markup files
[1.185s] -- Configuring done
[1.190s] -- Generating done
[1.190s] -- Build files have been written to: /home/rahul/Desktop/riggu_ws/build/two_wheeled_robot
