/home/rahul/Desktop/riggu_ws/install/robot_pkg/lib/python3.10/site-packages/robot_pkg/controller.py
/home/rahul/Desktop/riggu_ws/install/robot_pkg/lib/python3.10/site-packages/robot_pkg/robot2.py
/home/rahul/Desktop/riggu_ws/install/robot_pkg/lib/python3.10/site-packages/robot_pkg/__init__.py
/home/rahul/Desktop/riggu_ws/install/robot_pkg/lib/python3.10/site-packages/robot_pkg/joy_value_converter1.py
/home/rahul/Desktop/riggu_ws/install/robot_pkg/lib/python3.10/site-packages/robot_pkg/__pycache__/controller.cpython-310.pyc
/home/rahul/Desktop/riggu_ws/install/robot_pkg/lib/python3.10/site-packages/robot_pkg/__pycache__/robot2.cpython-310.pyc
/home/rahul/Desktop/riggu_ws/install/robot_pkg/lib/python3.10/site-packages/robot_pkg/__pycache__/__init__.cpython-310.pyc
/home/rahul/Desktop/riggu_ws/install/robot_pkg/lib/python3.10/site-packages/robot_pkg/__pycache__/joy_value_converter1.cpython-310.pyc
/home/rahul/Desktop/riggu_ws/install/robot_pkg/share/ament_index/resource_index/packages/robot_pkg
/home/rahul/Desktop/riggu_ws/install/robot_pkg/share/robot_pkg/package.xml
/home/rahul/Desktop/riggu_ws/install/robot_pkg/share/robot_pkg/launch/spawn_robot.launch.py
/home/rahul/Desktop/riggu_ws/install/robot_pkg/share/robot_pkg/urdf/robot.urdf
/home/rahul/Desktop/riggu_ws/install/robot_pkg/lib/python3.10/site-packages/robot_pkg-0.0.0-py3.10.egg-info/top_level.txt
/home/rahul/Desktop/riggu_ws/install/robot_pkg/lib/python3.10/site-packages/robot_pkg-0.0.0-py3.10.egg-info/dependency_links.txt
/home/rahul/Desktop/riggu_ws/install/robot_pkg/lib/python3.10/site-packages/robot_pkg-0.0.0-py3.10.egg-info/zip-safe
/home/rahul/Desktop/riggu_ws/install/robot_pkg/lib/python3.10/site-packages/robot_pkg-0.0.0-py3.10.egg-info/requires.txt
/home/rahul/Desktop/riggu_ws/install/robot_pkg/lib/python3.10/site-packages/robot_pkg-0.0.0-py3.10.egg-info/SOURCES.txt
/home/rahul/Desktop/riggu_ws/install/robot_pkg/lib/python3.10/site-packages/robot_pkg-0.0.0-py3.10.egg-info/PKG-INFO
/home/rahul/Desktop/riggu_ws/install/robot_pkg/lib/python3.10/site-packages/robot_pkg-0.0.0-py3.10.egg-info/entry_points.txt
/home/rahul/Desktop/riggu_ws/install/robot_pkg/lib/robot_pkg/controller
/home/rahul/Desktop/riggu_ws/install/robot_pkg/lib/robot_pkg/robot2
