/home/rahul/Desktop/riggu_ws/install/hagen_control/lib/python3.10/site-packages/hagen_control/dubins_path.py
/home/rahul/Desktop/riggu_ws/install/hagen_control/lib/python3.10/site-packages/hagen_control/diff_drive_LQR.py
/home/rahul/Desktop/riggu_ws/install/hagen_control/lib/python3.10/site-packages/hagen_control/diff_drive_PID_control.py
/home/rahul/Desktop/riggu_ws/install/hagen_control/lib/python3.10/site-packages/hagen_control/diff_drive_MPC.py
/home/rahul/Desktop/riggu_ws/install/hagen_control/lib/python3.10/site-packages/hagen_control/__init__.py
/home/rahul/Desktop/riggu_ws/install/hagen_control/lib/python3.10/site-packages/hagen_control/hagen_control_strategy.py
/home/rahul/Desktop/riggu_ws/install/hagen_control/lib/python3.10/site-packages/hagen_control/__pycache__/dubins_path.cpython-310.pyc
/home/rahul/Desktop/riggu_ws/install/hagen_control/lib/python3.10/site-packages/hagen_control/__pycache__/diff_drive_LQR.cpython-310.pyc
/home/rahul/Desktop/riggu_ws/install/hagen_control/lib/python3.10/site-packages/hagen_control/__pycache__/diff_drive_PID_control.cpython-310.pyc
/home/rahul/Desktop/riggu_ws/install/hagen_control/lib/python3.10/site-packages/hagen_control/__pycache__/diff_drive_MPC.cpython-310.pyc
/home/rahul/Desktop/riggu_ws/install/hagen_control/lib/python3.10/site-packages/hagen_control/__pycache__/__init__.cpython-310.pyc
/home/rahul/Desktop/riggu_ws/install/hagen_control/lib/python3.10/site-packages/hagen_control/__pycache__/hagen_control_strategy.cpython-310.pyc
/home/rahul/Desktop/riggu_ws/install/hagen_control/share/ament_index/resource_index/packages/hagen_control
/home/rahul/Desktop/riggu_ws/install/hagen_control/share/hagen_control/package.xml
/home/rahul/Desktop/riggu_ws/install/hagen_control/lib/python3.10/site-packages/hagen_control-0.0.0-py3.10.egg-info/top_level.txt
/home/rahul/Desktop/riggu_ws/install/hagen_control/lib/python3.10/site-packages/hagen_control-0.0.0-py3.10.egg-info/dependency_links.txt
/home/rahul/Desktop/riggu_ws/install/hagen_control/lib/python3.10/site-packages/hagen_control-0.0.0-py3.10.egg-info/zip-safe
/home/rahul/Desktop/riggu_ws/install/hagen_control/lib/python3.10/site-packages/hagen_control-0.0.0-py3.10.egg-info/requires.txt
/home/rahul/Desktop/riggu_ws/install/hagen_control/lib/python3.10/site-packages/hagen_control-0.0.0-py3.10.egg-info/SOURCES.txt
/home/rahul/Desktop/riggu_ws/install/hagen_control/lib/python3.10/site-packages/hagen_control-0.0.0-py3.10.egg-info/PKG-INFO
/home/rahul/Desktop/riggu_ws/install/hagen_control/lib/python3.10/site-packages/hagen_control-0.0.0-py3.10.egg-info/entry_points.txt
/home/rahul/Desktop/riggu_ws/install/hagen_control/lib/hagen_control/LQR
/home/rahul/Desktop/riggu_ws/install/hagen_control/lib/hagen_control/MPC
/home/rahul/Desktop/riggu_ws/install/hagen_control/lib/hagen_control/PID
/home/rahul/Desktop/riggu_ws/install/hagen_control/lib/hagen_control/diff_drive
