[2.583s] Invoking command in '/home/rahul/Desktop/riggu_ws/src/robot_pkg': PYTHONPATH=/home/rahul/Desktop/riggu_ws/build/robot_pkg/prefix_override:/usr/lib/python3/dist-packages/colcon_core/task/python/colcon_distutils_commands:/home/rahul/Desktop/riggu_ws/install/robot_pkg/lib/python3.10/site-packages:${PYTHONPATH} /usr/bin/python3 -W ignore:setup.py install is deprecated setup.py egg_info --egg-base ../../build/robot_pkg build --build-base /home/rahul/Desktop/riggu_ws/build/robot_pkg/build install --record /home/rahul/Desktop/riggu_ws/build/robot_pkg/install.log --single-version-externally-managed install_data
[3.153s] running egg_info
[3.153s] writing ../../build/robot_pkg/robot_pkg.egg-info/PKG-INFO
[3.153s] writing dependency_links to ../../build/robot_pkg/robot_pkg.egg-info/dependency_links.txt
[3.153s] writing entry points to ../../build/robot_pkg/robot_pkg.egg-info/entry_points.txt
[3.154s] writing requirements to ../../build/robot_pkg/robot_pkg.egg-info/requires.txt
[3.154s] writing top-level names to ../../build/robot_pkg/robot_pkg.egg-info/top_level.txt
[3.154s] reading manifest file '../../build/robot_pkg/robot_pkg.egg-info/SOURCES.txt'
[3.159s] adding license file 'LICENSE'
[3.159s] writing manifest file '../../build/robot_pkg/robot_pkg.egg-info/SOURCES.txt'
[3.159s] running build
[3.159s] running build_py
[3.159s] running install
[3.159s] running install_lib
[3.160s] running install_data
[3.160s] running install_egg_info
[3.160s] removing '/home/rahul/Desktop/riggu_ws/install/robot_pkg/lib/python3.10/site-packages/robot_pkg-0.0.0-py3.10.egg-info' (and everything under it)
[3.160s] Copying ../../build/robot_pkg/robot_pkg.egg-info to /home/rahul/Desktop/riggu_ws/install/robot_pkg/lib/python3.10/site-packages/robot_pkg-0.0.0-py3.10.egg-info
[3.160s] running install_scripts
[3.160s] Installing controller script to /home/rahul/Desktop/riggu_ws/install/robot_pkg/lib/robot_pkg
[3.160s] Installing robot2 script to /home/rahul/Desktop/riggu_ws/install/robot_pkg/lib/robot_pkg
[3.160s] writing list of installed files to '/home/rahul/Desktop/riggu_ws/build/robot_pkg/install.log'
[3.164s] Invoked command in '/home/rahul/Desktop/riggu_ws/src/robot_pkg' returned '0': PYTHONPATH=/home/rahul/Desktop/riggu_ws/build/robot_pkg/prefix_override:/usr/lib/python3/dist-packages/colcon_core/task/python/colcon_distutils_commands:/home/rahul/Desktop/riggu_ws/install/robot_pkg/lib/python3.10/site-packages:${PYTHONPATH} /usr/bin/python3 -W ignore:setup.py install is deprecated setup.py egg_info --egg-base ../../build/robot_pkg build --build-base /home/rahul/Desktop/riggu_ws/build/robot_pkg/build install --record /home/rahul/Desktop/riggu_ws/build/robot_pkg/install.log --single-version-externally-managed install_data
