[0.013s] Invoking command in '/home/rahul/Desktop/riggu_ws/build/riggu_nav2': CMAKE_PREFIX_PATH=${CMAKE_PREFIX_PATH}:/opt/ros/humble /usr/bin/cmake --build /home/rahul/Desktop/riggu_ws/build/riggu_nav2 -- -j16 -l16
[0.154s] Invoked command in '/home/rahul/Desktop/riggu_ws/build/riggu_nav2' returned '0': CMAKE_PREFIX_PATH=${CMAKE_PREFIX_PATH}:/opt/ros/humble /usr/bin/cmake --build /home/rahul/Desktop/riggu_ws/build/riggu_nav2 -- -j16 -l16
[0.177s] Invoking command in '/home/rahul/Desktop/riggu_ws/build/riggu_nav2': CMAKE_PREFIX_PATH=${CMAKE_PREFIX_PATH}:/opt/ros/humble /usr/bin/cmake --install /home/rahul/Desktop/riggu_ws/build/riggu_nav2
[0.185s] -- Install configuration: ""
[0.185s] -- Up-to-date: /home/rahul/Desktop/riggu_ws/install/riggu_nav2/share/riggu_nav2/launch
[0.185s] -- Up-to-date: /home/rahul/Desktop/riggu_ws/install/riggu_nav2/share/riggu_nav2/launch/riggu_final.launch.py
[0.185s] -- Up-to-date: /home/rahul/Desktop/riggu_ws/install/riggu_nav2/share/riggu_nav2/launch/riggu.launch.py
[0.185s] -- Up-to-date: /home/rahul/Desktop/riggu_ws/install/riggu_nav2/share/riggu_nav2/urdf
[0.185s] -- Up-to-date: /home/rahul/Desktop/riggu_ws/install/riggu_nav2/share/riggu_nav2/urdf/riggu_urdf1.urdf
[0.185s] -- Up-to-date: /home/rahul/Desktop/riggu_ws/install/riggu_nav2/share/riggu_nav2/urdf/riggu_final.urdf
[0.185s] -- Up-to-date: /home/rahul/Desktop/riggu_ws/install/riggu_nav2/share/riggu_nav2/urdf/riggu_urdf.urdf
[0.185s] -- Up-to-date: /home/rahul/Desktop/riggu_ws/install/riggu_nav2/share/riggu_nav2/worlds
[0.185s] -- Up-to-date: /home/rahul/Desktop/riggu_ws/install/riggu_nav2/share/riggu_nav2/worlds/empty.world
[0.186s] -- Up-to-date: /home/rahul/Desktop/riggu_ws/install/riggu_nav2/share/riggu_nav2/rviz
[0.186s] -- Up-to-date: /home/rahul/Desktop/riggu_ws/install/riggu_nav2/share/riggu_nav2/rviz/urdf_config.rviz
[0.186s] -- Up-to-date: /home/rahul/Desktop/riggu_ws/install/riggu_nav2/share/riggu_nav2/config
[0.186s] -- Up-to-date: /home/rahul/Desktop/riggu_ws/install/riggu_nav2/share/riggu_nav2/config/laser_scan.yaml
[0.186s] -- Up-to-date: /home/rahul/Desktop/riggu_ws/install/riggu_nav2/share/riggu_nav2/config/mapper_params_online_async.yaml
[0.186s] -- Up-to-date: /home/rahul/Desktop/riggu_ws/install/riggu_nav2/share/riggu_nav2/config/ekf.yaml
[0.186s] -- Up-to-date: /home/rahul/Desktop/riggu_ws/install/riggu_nav2/lib/riggu_nav2/joy.py
[0.186s] -- Up-to-date: /home/rahul/Desktop/riggu_ws/install/riggu_nav2/lib/riggu_nav2/bot_vel_pub.py
[0.186s] -- Up-to-date: /home/rahul/Desktop/riggu_ws/install/riggu_nav2/lib/riggu_nav2/pid_control.py
[0.186s] -- Up-to-date: /home/rahul/Desktop/riggu_ws/install/riggu_nav2/lib/riggu_nav2/pid_vel.py
[0.186s] -- Up-to-date: /home/rahul/Desktop/riggu_ws/install/riggu_nav2/share/ament_index/resource_index/package_run_dependencies/riggu_nav2
[0.186s] -- Up-to-date: /home/rahul/Desktop/riggu_ws/install/riggu_nav2/share/ament_index/resource_index/parent_prefix_path/riggu_nav2
[0.186s] -- Up-to-date: /home/rahul/Desktop/riggu_ws/install/riggu_nav2/share/riggu_nav2/environment/ament_prefix_path.sh
[0.187s] -- Up-to-date: /home/rahul/Desktop/riggu_ws/install/riggu_nav2/share/riggu_nav2/environment/ament_prefix_path.dsv
[0.187s] -- Up-to-date: /home/rahul/Desktop/riggu_ws/install/riggu_nav2/share/riggu_nav2/environment/path.sh
[0.187s] -- Up-to-date: /home/rahul/Desktop/riggu_ws/install/riggu_nav2/share/riggu_nav2/environment/path.dsv
[0.187s] -- Up-to-date: /home/rahul/Desktop/riggu_ws/install/riggu_nav2/share/riggu_nav2/local_setup.bash
[0.187s] -- Up-to-date: /home/rahul/Desktop/riggu_ws/install/riggu_nav2/share/riggu_nav2/local_setup.sh
[0.187s] -- Up-to-date: /home/rahul/Desktop/riggu_ws/install/riggu_nav2/share/riggu_nav2/local_setup.zsh
[0.187s] -- Up-to-date: /home/rahul/Desktop/riggu_ws/install/riggu_nav2/share/riggu_nav2/local_setup.dsv
[0.187s] -- Installing: /home/rahul/Desktop/riggu_ws/install/riggu_nav2/share/riggu_nav2/package.dsv
[0.187s] -- Up-to-date: /home/rahul/Desktop/riggu_ws/install/riggu_nav2/share/ament_index/resource_index/packages/riggu_nav2
[0.187s] -- Up-to-date: /home/rahul/Desktop/riggu_ws/install/riggu_nav2/share/riggu_nav2/cmake/riggu_nav2Config.cmake
[0.188s] -- Up-to-date: /home/rahul/Desktop/riggu_ws/install/riggu_nav2/share/riggu_nav2/cmake/riggu_nav2Config-version.cmake
[0.188s] -- Up-to-date: /home/rahul/Desktop/riggu_ws/install/riggu_nav2/share/riggu_nav2/package.xml
[0.189s] Invoked command in '/home/rahul/Desktop/riggu_ws/build/riggu_nav2' returned '0': CMAKE_PREFIX_PATH=${CMAKE_PREFIX_PATH}:/opt/ros/humble /usr/bin/cmake --install /home/rahul/Desktop/riggu_ws/build/riggu_nav2
