[0.618s] Invoking command in '/home/rahul/Desktop/riggu_ws/src/robot_pkg': PYTHONPATH=/home/rahul/Desktop/riggu_ws/build/robot_pkg/prefix_override:/usr/lib/python3/dist-packages/colcon_core/task/python/colcon_distutils_commands:/home/rahul/Desktop/riggu_ws/install/robot_pkg/lib/python3.10/site-packages:${PYTHONPATH} /usr/bin/python3 -W ignore:setup.py install is deprecated setup.py egg_info --egg-base ../../build/robot_pkg build --build-base /home/rahul/Desktop/riggu_ws/build/robot_pkg/build install --record /home/rahul/Desktop/riggu_ws/build/robot_pkg/install.log --single-version-externally-managed install_data
[1.000s] running egg_info
[1.002s] writing ../../build/robot_pkg/robot_pkg.egg-info/PKG-INFO
[1.003s] writing dependency_links to ../../build/robot_pkg/robot_pkg.egg-info/dependency_links.txt
[1.003s] writing entry points to ../../build/robot_pkg/robot_pkg.egg-info/entry_points.txt
[1.003s] writing requirements to ../../build/robot_pkg/robot_pkg.egg-info/requires.txt
[1.003s] writing top-level names to ../../build/robot_pkg/robot_pkg.egg-info/top_level.txt
[1.006s] reading manifest file '../../build/robot_pkg/robot_pkg.egg-info/SOURCES.txt'
[1.006s] adding license file 'LICENSE'
[1.008s] writing manifest file '../../build/robot_pkg/robot_pkg.egg-info/SOURCES.txt'
[1.008s] running build
[1.008s] running build_py
[1.008s] running install
[1.009s] running install_lib
[1.009s] running install_data
[1.009s] running install_egg_info
[1.009s] removing '/home/rahul/Desktop/riggu_ws/install/robot_pkg/lib/python3.10/site-packages/robot_pkg-0.0.0-py3.10.egg-info' (and everything under it)
[1.009s] Copying ../../build/robot_pkg/robot_pkg.egg-info to /home/rahul/Desktop/riggu_ws/install/robot_pkg/lib/python3.10/site-packages/robot_pkg-0.0.0-py3.10.egg-info
[1.009s] running install_scripts
[1.010s] Installing controller script to /home/rahul/Desktop/riggu_ws/install/robot_pkg/lib/robot_pkg
[1.010s] Installing robot2 script to /home/rahul/Desktop/riggu_ws/install/robot_pkg/lib/robot_pkg
[1.010s] writing list of installed files to '/home/rahul/Desktop/riggu_ws/build/robot_pkg/install.log'
[1.011s] Invoked command in '/home/rahul/Desktop/riggu_ws/src/robot_pkg' returned '0': PYTHONPATH=/home/rahul/Desktop/riggu_ws/build/robot_pkg/prefix_override:/usr/lib/python3/dist-packages/colcon_core/task/python/colcon_distutils_commands:/home/rahul/Desktop/riggu_ws/install/robot_pkg/lib/python3.10/site-packages:${PYTHONPATH} /usr/bin/python3 -W ignore:setup.py install is deprecated setup.py egg_info --egg-base ../../build/robot_pkg build --build-base /home/rahul/Desktop/riggu_ws/build/robot_pkg/build install --record /home/rahul/Desktop/riggu_ws/build/robot_pkg/install.log --single-version-externally-managed install_data
