[0.662s] Invoking command in '/home/rahul/Desktop/riggu_ws/src/autonomous_mobile_robots/hagen_control': PYTHONPATH=/home/rahul/Desktop/riggu_ws/build/hagen_control/prefix_override:/usr/lib/python3/dist-packages/colcon_core/task/python/colcon_distutils_commands:/home/rahul/Desktop/riggu_ws/install/hagen_control/lib/python3.10/site-packages:${PYTHONPATH} /usr/bin/python3 -W ignore:setup.py install is deprecated setup.py egg_info --egg-base ../../../build/hagen_control build --build-base /home/rahul/Desktop/riggu_ws/build/hagen_control/build install --record /home/rahul/Desktop/riggu_ws/build/hagen_control/install.log --single-version-externally-managed install_data
[0.826s] running egg_info
[0.827s] writing ../../../build/hagen_control/hagen_control.egg-info/PKG-INFO
[0.827s] writing dependency_links to ../../../build/hagen_control/hagen_control.egg-info/dependency_links.txt
[0.827s] writing entry points to ../../../build/hagen_control/hagen_control.egg-info/entry_points.txt
[0.827s] writing requirements to ../../../build/hagen_control/hagen_control.egg-info/requires.txt
[0.827s] writing top-level names to ../../../build/hagen_control/hagen_control.egg-info/top_level.txt
[0.829s] reading manifest file '../../../build/hagen_control/hagen_control.egg-info/SOURCES.txt'
[0.829s] writing manifest file '../../../build/hagen_control/hagen_control.egg-info/SOURCES.txt'
[0.829s] running build
[0.829s] running build_py
[0.830s] running install
[0.831s] running install_lib
[0.832s] running install_data
[0.832s] running install_egg_info
[0.833s] removing '/home/rahul/Desktop/riggu_ws/install/hagen_control/lib/python3.10/site-packages/hagen_control-0.0.0-py3.10.egg-info' (and everything under it)
[0.833s] Copying ../../../build/hagen_control/hagen_control.egg-info to /home/rahul/Desktop/riggu_ws/install/hagen_control/lib/python3.10/site-packages/hagen_control-0.0.0-py3.10.egg-info
[0.834s] running install_scripts
[0.847s] Installing LQR script to /home/rahul/Desktop/riggu_ws/install/hagen_control/lib/hagen_control
[0.847s] Installing MPC script to /home/rahul/Desktop/riggu_ws/install/hagen_control/lib/hagen_control
[0.847s] Installing PID script to /home/rahul/Desktop/riggu_ws/install/hagen_control/lib/hagen_control
[0.847s] Installing diff_drive script to /home/rahul/Desktop/riggu_ws/install/hagen_control/lib/hagen_control
[0.847s] writing list of installed files to '/home/rahul/Desktop/riggu_ws/build/hagen_control/install.log'
[0.871s] Invoked command in '/home/rahul/Desktop/riggu_ws/src/autonomous_mobile_robots/hagen_control' returned '0': PYTHONPATH=/home/rahul/Desktop/riggu_ws/build/hagen_control/prefix_override:/usr/lib/python3/dist-packages/colcon_core/task/python/colcon_distutils_commands:/home/rahul/Desktop/riggu_ws/install/hagen_control/lib/python3.10/site-packages:${PYTHONPATH} /usr/bin/python3 -W ignore:setup.py install is deprecated setup.py egg_info --egg-base ../../../build/hagen_control build --build-base /home/rahul/Desktop/riggu_ws/build/hagen_control/build install --record /home/rahul/Desktop/riggu_ws/build/hagen_control/install.log --single-version-externally-managed install_data
