[0.161s] Invoking command in '/home/rahul/Desktop/riggu_ws/build/hagen_gazebo1': CMAKE_PREFIX_PATH=${CMAKE_PREFIX_PATH}:/home/rahul/Desktop/riggu_ws/install/robot_pkg:/opt/ros/humble /usr/bin/cmake /home/rahul/Desktop/riggu_ws/src/autonomous_mobile_robots/hagen/hagen_gazebo1 -DCMAKE_INSTALL_PREFIX=/home/rahul/Desktop/riggu_ws/install/hagen_gazebo1
[0.337s] -- The C compiler identification is GNU 11.4.0
[0.339s] -- The CXX compiler identification is GNU 11.4.0
[0.339s] -- Detecting C compiler ABI info
[0.355s] -- Detecting C compiler ABI info - done
[0.361s] -- Check for working C compiler: /usr/bin/cc - skipped
[0.361s] -- Detecting C compile features
[0.362s] -- Detecting C compile features - done
[0.367s] -- Detecting CXX compiler ABI info
[0.435s] -- Detecting CXX compiler ABI info - done
[0.445s] -- Check for working CXX compiler: /usr/bin/c++ - skipped
[0.445s] -- Detecting CXX compile features
[0.446s] -- Detecting CXX compile features - done
[0.456s] [33mCMake Warning (dev) at /usr/share/cmake-3.22/Modules/FindPackageHandleStandardArgs.cmake:438 (message):
[0.456s]   The package name passed to `find_package_handle_standard_args` (PkgConfig)
[0.457s]   does not match the name of the calling package (gazebo).  This can lead to
[0.457s]   problems in calling code that expects `find_package` result variables
[0.457s]   (e.g., `_FOUND`) to follow a certain pattern.
[0.457s] Call Stack (most recent call first):
[0.457s]   /usr/share/cmake-3.22/Modules/FindPkgConfig.cmake:99 (find_package_handle_standard_args)
[0.457s]   /usr/lib/x86_64-linux-gnu/cmake/gazebo/gazebo-config.cmake:72 (include)
[0.457s]   CMakeLists.txt:6 (find_package)
[0.457s] This warning is for project developers.  Use -Wno-dev to suppress it.
[0.457s] [0m
[0.457s] -- Found PkgConfig: /usr/bin/pkg-config (found version "0.29.2") 
[0.462s] -- Checking for module 'bullet>=2.82'
[0.473s] --   Found bullet, version 3.05
[0.575s] -- Found fcl: /usr/include (found suitable version "0.7.0", minimum required is "0.5.0") 
[0.623s] -- Found assimp: /usr/include (found version "5.2.0") 
[0.661s] -- Found DART: /usr/include (Required is at least version "6.6") found components: dart 
[1.041s] -- Found Boost: /usr/lib/x86_64-linux-gnu/cmake/Boost-1.74.0/BoostConfig.cmake (found suitable version "1.74.0", minimum required is "1.40.0") found components: thread system filesystem program_options regex iostreams date_time 
[1.083s] -- Found Protobuf: /usr/lib/x86_64-linux-gnu/libprotobuf.so (found version "3.12.4") 
[1.097s] -- Looking for ignition-math6 -- found version 6.15.1
[1.136s] -- Searching for dependencies of ignition-math6
[1.138s] -- Looking for OGRE...
[1.138s] -- OGRE_PREFIX_WATCH changed.
[1.139s] -- Checking for module 'OGRE'
[1.139s] --   Found OGRE, version 1.9.0
[1.140s] -- Found Ogre Ghadamon (1.9.0)
[1.140s] -- Found OGRE: optimized;/usr/lib/x86_64-linux-gnu/libOgreMain.so;debug;/usr/lib/x86_64-linux-gnu/libOgreMain.so
[1.141s] -- Looking for OGRE_Paging...
[1.141s] -- Found OGRE_Paging: optimized;/usr/lib/x86_64-linux-gnu/libOgrePaging.so;debug;/usr/lib/x86_64-linux-gnu/libOgrePaging.so
[1.141s] -- Looking for OGRE_Terrain...
[1.141s] -- Found OGRE_Terrain: optimized;/usr/lib/x86_64-linux-gnu/libOgreTerrain.so;debug;/usr/lib/x86_64-linux-gnu/libOgreTerrain.so
[1.141s] -- Looking for OGRE_Property...
[1.141s] -- Found OGRE_Property: optimized;/usr/lib/x86_64-linux-gnu/libOgreProperty.so;debug;/usr/lib/x86_64-linux-gnu/libOgreProperty.so
[1.141s] -- Looking for OGRE_RTShaderSystem...
[1.141s] -- Found OGRE_RTShaderSystem: optimized;/usr/lib/x86_64-linux-gnu/libOgreRTShaderSystem.so;debug;/usr/lib/x86_64-linux-gnu/libOgreRTShaderSystem.so
[1.141s] -- Looking for OGRE_Volume...
[1.141s] -- Found OGRE_Volume: optimized;/usr/lib/x86_64-linux-gnu/libOgreVolume.so;debug;/usr/lib/x86_64-linux-gnu/libOgreVolume.so
[1.141s] -- Looking for OGRE_Overlay...
[1.141s] -- Found OGRE_Overlay: optimized;/usr/lib/x86_64-linux-gnu/libOgreOverlay.so;debug;/usr/lib/x86_64-linux-gnu/libOgreOverlay.so
[1.141s] -- Looking for ignition-math6 -- found version 6.15.1
[1.141s] -- Looking for ignition-transport8 -- found version 8.2.1
[1.141s] -- Searching for dependencies of ignition-transport8
[1.141s] -- Found Protobuf: /usr/lib/x86_64-linux-gnu/libprotobuf.so (found suitable version "3.12.4", minimum required is "3") 
[1.142s] -- Config-file not installed for ZeroMQ -- checking for pkg-config
[1.142s] -- Checking for module 'libzmq >= 4'
[1.142s] --   Found libzmq , version 4.3.4
[1.142s] -- Found ZeroMQ: TRUE (Required is at least version "4") 
[1.142s] -- Checking for module 'uuid'
[1.142s] --   Found uuid, version 2.37.2
[1.142s] -- Found UUID: TRUE  
[1.142s] -- Looking for ignition-msgs5 -- found version 5.8.1
[1.142s] -- Searching for dependencies of ignition-msgs5
[1.146s] -- Looking for ignition-math6 -- found version 6.15.1
[1.152s] -- Checking for module 'tinyxml2'
[1.164s] --   Found tinyxml2, version 9.0.0
[1.191s] -- Looking for ignition-msgs5 -- found version 5.8.1
[1.193s] -- Looking for ignition-common3 -- found version 3.14.0
[1.194s] -- Searching for dependencies of ignition-common3
[1.194s] -- Looking for dlfcn.h - found
[1.195s] -- Looking for libdl - found
[1.196s] -- Found DL: TRUE  
[1.205s] -- Found tinyobjloader: /usr/lib/x86_64-linux-gnu/cmake/tinyobjloader/tinyobjloader-config.cmake (found version "2.0.0") 
[1.206s] -- Searching for <ignition-common3> component [graphics]
[1.207s] -- Looking for ignition-common3-graphics -- found version 3.14.0
[1.207s] -- Searching for dependencies of ignition-common3-graphics
[1.207s] -- Looking for ignition-math6 -- found version 6.15.1
[1.211s] -- Looking for ignition-fuel_tools4 -- found version 4.4.0
[1.211s] -- Searching for dependencies of ignition-fuel_tools4
[1.272s] -- Found CURL: /usr/lib/x86_64-linux-gnu/libcurl.so (found version "7.81.0")  
[1.280s] -- Checking for module 'jsoncpp'
[1.292s] --   Found jsoncpp, version 1.9.5
[1.317s] -- Found JSONCPP: TRUE  
[1.322s] -- Checking for module 'libzip'
[1.334s] --   Found libzip, version 1.7.3
[1.360s] -- Found ZIP: TRUE  
[1.360s] -- Looking for ignition-common3 -- found version 3.14.0
[1.360s] -- Looking for ignition-math6 -- found version 6.15.1
[1.360s] -- Looking for ignition-msgs5 -- found version 5.8.1
[1.364s] -- Found ament_cmake: 1.3.10 (/opt/ros/humble/share/ament_cmake/cmake)
[1.473s] -- Found Python3: /usr/bin/python3 (found version "3.10.12") found components: Interpreter 
[1.575s] -- Configuring done
[1.577s] -- Generating done
[1.577s] -- Build files have been written to: /home/rahul/Desktop/riggu_ws/build/hagen_gazebo1
[1.584s] Invoked command in '/home/rahul/Desktop/riggu_ws/build/hagen_gazebo1' returned '0': CMAKE_PREFIX_PATH=${CMAKE_PREFIX_PATH}:/home/rahul/Desktop/riggu_ws/install/robot_pkg:/opt/ros/humble /usr/bin/cmake /home/rahul/Desktop/riggu_ws/src/autonomous_mobile_robots/hagen/hagen_gazebo1 -DCMAKE_INSTALL_PREFIX=/home/rahul/Desktop/riggu_ws/install/hagen_gazebo1
[1.585s] Invoking command in '/home/rahul/Desktop/riggu_ws/build/hagen_gazebo1': CMAKE_PREFIX_PATH=${CMAKE_PREFIX_PATH}:/home/rahul/Desktop/riggu_ws/install/robot_pkg:/opt/ros/humble /usr/bin/cmake --build /home/rahul/Desktop/riggu_ws/build/hagen_gazebo1 -- -j16 -l16
[1.624s] Invoked command in '/home/rahul/Desktop/riggu_ws/build/hagen_gazebo1' returned '0': CMAKE_PREFIX_PATH=${CMAKE_PREFIX_PATH}:/home/rahul/Desktop/riggu_ws/install/robot_pkg:/opt/ros/humble /usr/bin/cmake --build /home/rahul/Desktop/riggu_ws/build/hagen_gazebo1 -- -j16 -l16
[1.642s] Invoking command in '/home/rahul/Desktop/riggu_ws/build/hagen_gazebo1': CMAKE_PREFIX_PATH=${CMAKE_PREFIX_PATH}:/home/rahul/Desktop/riggu_ws/install/robot_pkg:/opt/ros/humble /usr/bin/cmake --install /home/rahul/Desktop/riggu_ws/build/hagen_gazebo1
[1.648s] -- Install configuration: ""
[1.648s] -- Installing: /home/rahul/Desktop/riggu_ws/install/hagen_gazebo1/share/hagen_gazebo1//launch
[1.648s] -- Installing: /home/rahul/Desktop/riggu_ws/install/hagen_gazebo1/share/hagen_gazebo1//launch/hagen.launch.py
[1.648s] -- Installing: /home/rahul/Desktop/riggu_ws/install/hagen_gazebo1/share/hagen_gazebo1//models
[1.648s] -- Installing: /home/rahul/Desktop/riggu_ws/install/hagen_gazebo1/share/hagen_gazebo1//models/ocean
[1.648s] -- Installing: /home/rahul/Desktop/riggu_ws/install/hagen_gazebo1/share/hagen_gazebo1//models/ocean/model.sdf
[1.648s] -- Installing: /home/rahul/Desktop/riggu_ws/install/hagen_gazebo1/share/hagen_gazebo1//models/ocean/mesh.blend
[1.648s] -- Installing: /home/rahul/Desktop/riggu_ws/install/hagen_gazebo1/share/hagen_gazebo1//models/ocean/mesh-simple.dae
[1.648s] -- Installing: /home/rahul/Desktop/riggu_ws/install/hagen_gazebo1/share/hagen_gazebo1//models/ocean/model.config
[1.649s] -- Installing: /home/rahul/Desktop/riggu_ws/install/hagen_gazebo1/share/hagen_gazebo1//models/ocean/materials
[1.649s] -- Installing: /home/rahul/Desktop/riggu_ws/install/hagen_gazebo1/share/hagen_gazebo1//models/ocean/materials/scripts
[1.649s] -- Installing: /home/rahul/Desktop/riggu_ws/install/hagen_gazebo1/share/hagen_gazebo1//models/ocean/materials/scripts/ocean.material
[1.649s] -- Installing: /home/rahul/Desktop/riggu_ws/install/hagen_gazebo1/share/hagen_gazebo1//models/ocean/materials/textures
[1.649s] -- Installing: /home/rahul/Desktop/riggu_ws/install/hagen_gazebo1/share/hagen_gazebo1//models/ocean/materials/textures/clouds_dn.jpg
[1.649s] -- Installing: /home/rahul/Desktop/riggu_ws/install/hagen_gazebo1/share/hagen_gazebo1//models/ocean/materials/textures/clouds_up.jpg
[1.649s] -- Installing: /home/rahul/Desktop/riggu_ws/install/hagen_gazebo1/share/hagen_gazebo1//models/ocean/materials/textures/soil_sand_0045_01.jpg
[1.651s] -- Installing: /home/rahul/Desktop/riggu_ws/install/hagen_gazebo1/share/hagen_gazebo1//models/ocean/materials/textures/clouds_bk.jpg
[1.651s] -- Installing: /home/rahul/Desktop/riggu_ws/install/hagen_gazebo1/share/hagen_gazebo1//models/ocean/materials/textures/clouds_rt.jpg
[1.651s] -- Installing: /home/rahul/Desktop/riggu_ws/install/hagen_gazebo1/share/hagen_gazebo1//models/ocean/materials/textures/clouds_lf.jpg
[1.651s] -- Installing: /home/rahul/Desktop/riggu_ws/install/hagen_gazebo1/share/hagen_gazebo1//models/ocean/materials/textures/normals.dds
[1.651s] -- Installing: /home/rahul/Desktop/riggu_ws/install/hagen_gazebo1/share/hagen_gazebo1//models/ocean/materials/textures/clouds_fr.jpg
[1.651s] -- Installing: /home/rahul/Desktop/riggu_ws/install/hagen_gazebo1/share/hagen_gazebo1//models/ocean/materials/textures/License and source soil_sand_0045_01.txt
[1.651s] -- Installing: /home/rahul/Desktop/riggu_ws/install/hagen_gazebo1/share/hagen_gazebo1//models/ocean/materials/textures/clouds.jpg
[1.651s] -- Installing: /home/rahul/Desktop/riggu_ws/install/hagen_gazebo1/share/hagen_gazebo1//models/ocean/materials/programs
[1.651s] -- Installing: /home/rahul/Desktop/riggu_ws/install/hagen_gazebo1/share/hagen_gazebo1//models/ocean/materials/programs/GLSL
[1.651s] -- Installing: /home/rahul/Desktop/riggu_ws/install/hagen_gazebo1/share/hagen_gazebo1//models/ocean/materials/programs/GLSL/Waves.vert
[1.652s] -- Installing: /home/rahul/Desktop/riggu_ws/install/hagen_gazebo1/share/hagen_gazebo1//models/ocean/materials/programs/GLSL/Waves.frag
[1.652s] -- Installing: /home/rahul/Desktop/riggu_ws/install/hagen_gazebo1/share/hagen_gazebo1//models/ocean/mesh.dae
[1.652s] -- Installing: /home/rahul/Desktop/riggu_ws/install/hagen_gazebo1/share/hagen_gazebo1//models/ocean/mesh_below.dae
[1.652s] -- Installing: /home/rahul/Desktop/riggu_ws/install/hagen_gazebo1/share/hagen_gazebo1//models/hagen
[1.652s] -- Installing: /home/rahul/Desktop/riggu_ws/install/hagen_gazebo1/share/hagen_gazebo1//models/hagen/model.sdf
[1.652s] -- Installing: /home/rahul/Desktop/riggu_ws/install/hagen_gazebo1/share/hagen_gazebo1//models/hagen/model.config
[1.652s] -- Installing: /home/rahul/Desktop/riggu_ws/install/hagen_gazebo1/share/hagen_gazebo1//models/hagen/materials
[1.652s] -- Installing: /home/rahul/Desktop/riggu_ws/install/hagen_gazebo1/share/hagen_gazebo1//models/hagen/materials/scripts
[1.652s] -- Installing: /home/rahul/Desktop/riggu_ws/install/hagen_gazebo1/share/hagen_gazebo1//models/hagen/materials/scripts/script.material
[1.652s] -- Installing: /home/rahul/Desktop/riggu_ws/install/hagen_gazebo1/share/hagen_gazebo1//models/hagen/materials/textures
[1.652s] -- Installing: /home/rahul/Desktop/riggu_ws/install/hagen_gazebo1/share/hagen_gazebo1//models/hagen/materials/textures/sheep.jpg
[1.653s] -- Installing: /home/rahul/Desktop/riggu_ws/install/hagen_gazebo1/share/hagen_gazebo1//models/city_terrain
[1.653s] -- Installing: /home/rahul/Desktop/riggu_ws/install/hagen_gazebo1/share/hagen_gazebo1//models/city_terrain/model.sdf
[1.653s] -- Installing: /home/rahul/Desktop/riggu_ws/install/hagen_gazebo1/share/hagen_gazebo1//models/city_terrain/model.config
[1.653s] -- Installing: /home/rahul/Desktop/riggu_ws/install/hagen_gazebo1/share/hagen_gazebo1//models/city_terrain/materials
[1.653s] -- Installing: /home/rahul/Desktop/riggu_ws/install/hagen_gazebo1/share/hagen_gazebo1//models/city_terrain/materials/textures
[1.653s] -- Installing: /home/rahul/Desktop/riggu_ws/install/hagen_gazebo1/share/hagen_gazebo1//models/city_terrain/materials/textures/forest.jpg
[1.655s] -- Installing: /home/rahul/Desktop/riggu_ws/install/hagen_gazebo1/share/hagen_gazebo1//models/city_terrain/materials/textures/city_terrain.jpg
[1.655s] -- Installing: /home/rahul/Desktop/riggu_ws/install/hagen_gazebo1/share/hagen_gazebo1//models/city_terrain/materials/textures/city_terrain (original).jpg
[1.655s] -- Installing: /home/rahul/Desktop/riggu_ws/install/hagen_gazebo1/share/hagen_gazebo1//models/casual_female
[1.656s] -- Installing: /home/rahul/Desktop/riggu_ws/install/hagen_gazebo1/share/hagen_gazebo1//models/casual_female/model.sdf
[1.656s] -- Installing: /home/rahul/Desktop/riggu_ws/install/hagen_gazebo1/share/hagen_gazebo1//models/casual_female/thumbnails
[1.656s] -- Installing: /home/rahul/Desktop/riggu_ws/install/hagen_gazebo1/share/hagen_gazebo1//models/casual_female/thumbnails/5.png
[1.656s] -- Installing: /home/rahul/Desktop/riggu_ws/install/hagen_gazebo1/share/hagen_gazebo1//models/casual_female/thumbnails/1.png
[1.656s] -- Installing: /home/rahul/Desktop/riggu_ws/install/hagen_gazebo1/share/hagen_gazebo1//models/casual_female/thumbnails/2.png
[1.656s] -- Installing: /home/rahul/Desktop/riggu_ws/install/hagen_gazebo1/share/hagen_gazebo1//models/casual_female/thumbnails/4.png
[1.656s] -- Installing: /home/rahul/Desktop/riggu_ws/install/hagen_gazebo1/share/hagen_gazebo1//models/casual_female/thumbnails/3.png
[1.656s] -- Installing: /home/rahul/Desktop/riggu_ws/install/hagen_gazebo1/share/hagen_gazebo1//models/casual_female/meshes
[1.657s] -- Installing: /home/rahul/Desktop/riggu_ws/install/hagen_gazebo1/share/hagen_gazebo1//models/casual_female/meshes/casual_female.dae
[1.658s] -- Installing: /home/rahul/Desktop/riggu_ws/install/hagen_gazebo1/share/hagen_gazebo1//models/casual_female/model.config
[1.658s] -- Installing: /home/rahul/Desktop/riggu_ws/install/hagen_gazebo1/share/hagen_gazebo1//models/casual_female/materials
[1.658s] -- Installing: /home/rahul/Desktop/riggu_ws/install/hagen_gazebo1/share/hagen_gazebo1//models/casual_female/materials/textures
[1.658s] -- Installing: /home/rahul/Desktop/riggu_ws/install/hagen_gazebo1/share/hagen_gazebo1//models/casual_female/materials/textures/brown_eye.png
[1.658s] -- Installing: /home/rahul/Desktop/riggu_ws/install/hagen_gazebo1/share/hagen_gazebo1//models/casual_female/materials/textures/female_casualsuit02_normal.png
[1.659s] -- Installing: /home/rahul/Desktop/riggu_ws/install/hagen_gazebo1/share/hagen_gazebo1//models/casual_female/materials/textures/young_lightskinned_female_diffuse.png
[1.661s] -- Installing: /home/rahul/Desktop/riggu_ws/install/hagen_gazebo1/share/hagen_gazebo1//models/casual_female/materials/textures/ponytail01_diffuse.png
[1.663s] -- Installing: /home/rahul/Desktop/riggu_ws/install/hagen_gazebo1/share/hagen_gazebo1//models/casual_female/materials/textures/female_casualsuit01_diffuse.png
[1.665s] -- Installing: /home/rahul/Desktop/riggu_ws/install/hagen_gazebo1/share/hagen_gazebo1//models/casual_female/materials/textures/female_casualsuit02_diffuse.png
[1.667s] -- Installing: /home/rahul/Desktop/riggu_ws/install/hagen_gazebo1/share/hagen_gazebo1//models/casual_female/materials/textures/shoes05_diffuse.png
[1.668s] -- Installing: /home/rahul/Desktop/riggu_ws/install/hagen_gazebo1/share/hagen_gazebo1//models/casual_female/materials/textures/female_casualsuit01_normal.png
[1.671s] -- Installing: /home/rahul/Desktop/riggu_ws/install/hagen_gazebo1/share/hagen_gazebo1//models/casual_female/materials/textures/eyelashes01.png
[1.671s] -- Installing: /home/rahul/Desktop/riggu_ws/install/hagen_gazebo1/share/hagen_gazebo1//models/casual_female/materials/textures/casual_female.png
[1.671s] -- Installing: /home/rahul/Desktop/riggu_ws/install/hagen_gazebo1/share/hagen_gazebo1//models/casual_female/materials/textures/eyebrow002.png
[1.671s] -- Installing: /home/rahul/Desktop/riggu_ws/install/hagen_gazebo1/share/hagen_gazebo1//models/casual_female/materials/textures/tongue01_diffuse.png
[1.672s] -- Installing: /home/rahul/Desktop/riggu_ws/install/hagen_gazebo1/share/hagen_gazebo1//rviz
[1.672s] -- Installing: /home/rahul/Desktop/riggu_ws/install/hagen_gazebo1/share/hagen_gazebo1//rviz/hagen_gazebo1.rviz
[1.672s] -- Installing: /home/rahul/Desktop/riggu_ws/install/hagen_gazebo1/share/hagen_gazebo1//worlds
[1.672s] -- Installing: /home/rahul/Desktop/riggu_ws/install/hagen_gazebo1/share/hagen_gazebo1//worlds/hagen_city.world
[1.672s] -- Installing: /home/rahul/Desktop/riggu_ws/install/hagen_gazebo1/share/hagen_gazebo1//worlds/hagen_empty.world
[1.672s] -- Installing: /home/rahul/Desktop/riggu_ws/install/hagen_gazebo1/share/hagen_gazebo1/environment/hagen_gazebo1.sh
[1.672s] -- Installing: /home/rahul/Desktop/riggu_ws/install/hagen_gazebo1/share/hagen_gazebo1/environment/hagen_gazebo1.dsv
[1.673s] -- Installing: /home/rahul/Desktop/riggu_ws/install/hagen_gazebo1/share/ament_index/resource_index/package_run_dependencies/hagen_gazebo1
[1.673s] -- Installing: /home/rahul/Desktop/riggu_ws/install/hagen_gazebo1/share/ament_index/resource_index/parent_prefix_path/hagen_gazebo1
[1.673s] -- Installing: /home/rahul/Desktop/riggu_ws/install/hagen_gazebo1/share/hagen_gazebo1/environment/ament_prefix_path.sh
[1.673s] -- Installing: /home/rahul/Desktop/riggu_ws/install/hagen_gazebo1/share/hagen_gazebo1/environment/ament_prefix_path.dsv
[1.673s] -- Installing: /home/rahul/Desktop/riggu_ws/install/hagen_gazebo1/share/hagen_gazebo1/environment/path.sh
[1.673s] -- Installing: /home/rahul/Desktop/riggu_ws/install/hagen_gazebo1/share/hagen_gazebo1/environment/path.dsv
[1.673s] -- Installing: /home/rahul/Desktop/riggu_ws/install/hagen_gazebo1/share/hagen_gazebo1/local_setup.bash
[1.673s] -- Installing: /home/rahul/Desktop/riggu_ws/install/hagen_gazebo1/share/hagen_gazebo1/local_setup.sh
[1.673s] -- Installing: /home/rahul/Desktop/riggu_ws/install/hagen_gazebo1/share/hagen_gazebo1/local_setup.zsh
[1.673s] -- Installing: /home/rahul/Desktop/riggu_ws/install/hagen_gazebo1/share/hagen_gazebo1/local_setup.dsv
[1.673s] -- Installing: /home/rahul/Desktop/riggu_ws/install/hagen_gazebo1/share/hagen_gazebo1/package.dsv
[1.673s] -- Installing: /home/rahul/Desktop/riggu_ws/install/hagen_gazebo1/share/ament_index/resource_index/packages/hagen_gazebo1
[1.673s] -- Installing: /home/rahul/Desktop/riggu_ws/install/hagen_gazebo1/share/hagen_gazebo1/cmake/hagen_gazebo1Config.cmake
[1.673s] -- Installing: /home/rahul/Desktop/riggu_ws/install/hagen_gazebo1/share/hagen_gazebo1/cmake/hagen_gazebo1Config-version.cmake
[1.673s] -- Installing: /home/rahul/Desktop/riggu_ws/install/hagen_gazebo1/share/hagen_gazebo1/package.xml
[1.677s] Invoked command in '/home/rahul/Desktop/riggu_ws/build/hagen_gazebo1' returned '0': CMAKE_PREFIX_PATH=${CMAKE_PREFIX_PATH}:/home/rahul/Desktop/riggu_ws/install/robot_pkg:/opt/ros/humble /usr/bin/cmake --install /home/rahul/Desktop/riggu_ws/build/hagen_gazebo1
