[0.057s] DEBUG:colcon:Command line arguments: ['/usr/bin/colcon', 'build']
[0.057s] DEBUG:colcon:Parsed command line arguments: Namespace(log_base=None, log_level=None, verb_name='build', build_base='build', install_base='install', merge_install=False, symlink_install=False, test_result_base=None, continue_on_error=False, executor='parallel', parallel_workers=16, event_handlers=None, ignore_user_meta=False, metas=['./colcon.meta'], base_paths=['.'], packages_ignore=None, packages_ignore_regex=None, paths=None, packages_up_to=None, packages_up_to_regex=None, packages_above=None, packages_above_and_dependencies=None, packages_above_depth=None, packages_select_by_dep=None, packages_skip_by_dep=None, packages_skip_up_to=None, packages_select_build_failed=False, packages_skip_build_finished=False, packages_select_test_failures=False, packages_skip_test_passed=False, packages_select=None, packages_skip=None, packages_select_regex=None, packages_skip_regex=None, packages_start=None, packages_end=None, allow_overriding=[], cmake_args=None, cmake_target=None, cmake_target_skip_unavailable=False, cmake_clean_cache=False, cmake_clean_first=False, cmake_force_configure=False, ament_cmake_args=None, catkin_cmake_args=None, catkin_skip_building_tests=False, mixin_files=None, mixin=None, verb_parser=<colcon_mixin.mixin.mixin_argument.MixinArgumentDecorator object at 0x7d908c14a7d0>, verb_extension=<colcon_core.verb.build.BuildVerb object at 0x7d908c246e90>, main=<bound method BuildVerb.main of <colcon_core.verb.build.BuildVerb object at 0x7d908c246e90>>, mixin_verb=('build',))
[0.138s] Level 1:colcon.colcon_core.package_discovery:discover_packages(colcon_meta) check parameters
[0.138s] Level 1:colcon.colcon_core.package_discovery:discover_packages(recursive) check parameters
[0.138s] Level 1:colcon.colcon_core.package_discovery:discover_packages(ignore) check parameters
[0.138s] Level 1:colcon.colcon_core.package_discovery:discover_packages(path) check parameters
[0.138s] Level 1:colcon.colcon_core.package_discovery:discover_packages(colcon_meta) discover
[0.138s] Level 1:colcon.colcon_core.package_discovery:discover_packages(recursive) discover
[0.138s] INFO:colcon.colcon_core.package_discovery:Crawling recursively for packages in '/home/rahul/Desktop/riggu_ws'
[0.138s] Level 1:colcon.colcon_core.package_identification:_identify(.) by extensions ['ignore', 'ignore_ament_install']
[0.138s] Level 1:colcon.colcon_core.package_identification:_identify(.) by extension 'ignore'
[0.138s] Level 1:colcon.colcon_core.package_identification:_identify(.) by extension 'ignore_ament_install'
[0.138s] Level 1:colcon.colcon_core.package_identification:_identify(.) by extensions ['colcon_pkg']
[0.138s] Level 1:colcon.colcon_core.package_identification:_identify(.) by extension 'colcon_pkg'
[0.138s] Level 1:colcon.colcon_core.package_identification:_identify(.) by extensions ['colcon_meta']
[0.138s] Level 1:colcon.colcon_core.package_identification:_identify(.) by extension 'colcon_meta'
[0.138s] Level 1:colcon.colcon_core.package_identification:_identify(.) by extensions ['ros']
[0.138s] Level 1:colcon.colcon_core.package_identification:_identify(.) by extension 'ros'
[0.145s] Level 1:colcon.colcon_core.package_identification:_identify(.) by extensions ['cmake', 'python']
[0.145s] Level 1:colcon.colcon_core.package_identification:_identify(.) by extension 'cmake'
[0.145s] Level 1:colcon.colcon_core.package_identification:_identify(.) by extension 'python'
[0.145s] Level 1:colcon.colcon_core.package_identification:_identify(.) by extensions ['python_setup_py']
[0.145s] Level 1:colcon.colcon_core.package_identification:_identify(.) by extension 'python_setup_py'
[0.145s] Level 1:colcon.colcon_core.package_identification:_identify(Riggu_GUI) by extensions ['ignore', 'ignore_ament_install']
[0.145s] Level 1:colcon.colcon_core.package_identification:_identify(Riggu_GUI) by extension 'ignore'
[0.145s] Level 1:colcon.colcon_core.package_identification:_identify(Riggu_GUI) by extension 'ignore_ament_install'
[0.145s] Level 1:colcon.colcon_core.package_identification:_identify(Riggu_GUI) by extensions ['colcon_pkg']
[0.145s] Level 1:colcon.colcon_core.package_identification:_identify(Riggu_GUI) by extension 'colcon_pkg'
[0.145s] Level 1:colcon.colcon_core.package_identification:_identify(Riggu_GUI) by extensions ['colcon_meta']
[0.145s] Level 1:colcon.colcon_core.package_identification:_identify(Riggu_GUI) by extension 'colcon_meta'
[0.145s] Level 1:colcon.colcon_core.package_identification:_identify(Riggu_GUI) by extensions ['ros']
[0.145s] Level 1:colcon.colcon_core.package_identification:_identify(Riggu_GUI) by extension 'ros'
[0.145s] Level 1:colcon.colcon_core.package_identification:_identify(Riggu_GUI) by extensions ['cmake', 'python']
[0.145s] Level 1:colcon.colcon_core.package_identification:_identify(Riggu_GUI) by extension 'cmake'
[0.145s] Level 1:colcon.colcon_core.package_identification:_identify(Riggu_GUI) by extension 'python'
[0.145s] Level 1:colcon.colcon_core.package_identification:_identify(Riggu_GUI) by extensions ['python_setup_py']
[0.145s] Level 1:colcon.colcon_core.package_identification:_identify(Riggu_GUI) by extension 'python_setup_py'
[0.145s] Level 1:colcon.colcon_core.package_identification:_identify(Riggu_GUI/__pycache__) by extensions ['ignore', 'ignore_ament_install']
[0.145s] Level 1:colcon.colcon_core.package_identification:_identify(Riggu_GUI/__pycache__) by extension 'ignore'
[0.146s] Level 1:colcon.colcon_core.package_identification:_identify(Riggu_GUI/__pycache__) by extension 'ignore_ament_install'
[0.146s] Level 1:colcon.colcon_core.package_identification:_identify(Riggu_GUI/__pycache__) by extensions ['colcon_pkg']
[0.146s] Level 1:colcon.colcon_core.package_identification:_identify(Riggu_GUI/__pycache__) by extension 'colcon_pkg'
[0.146s] Level 1:colcon.colcon_core.package_identification:_identify(Riggu_GUI/__pycache__) by extensions ['colcon_meta']
[0.146s] Level 1:colcon.colcon_core.package_identification:_identify(Riggu_GUI/__pycache__) by extension 'colcon_meta'
[0.146s] Level 1:colcon.colcon_core.package_identification:_identify(Riggu_GUI/__pycache__) by extensions ['ros']
[0.146s] Level 1:colcon.colcon_core.package_identification:_identify(Riggu_GUI/__pycache__) by extension 'ros'
[0.146s] Level 1:colcon.colcon_core.package_identification:_identify(Riggu_GUI/__pycache__) by extensions ['cmake', 'python']
[0.146s] Level 1:colcon.colcon_core.package_identification:_identify(Riggu_GUI/__pycache__) by extension 'cmake'
[0.146s] Level 1:colcon.colcon_core.package_identification:_identify(Riggu_GUI/__pycache__) by extension 'python'
[0.146s] Level 1:colcon.colcon_core.package_identification:_identify(Riggu_GUI/__pycache__) by extensions ['python_setup_py']
[0.146s] Level 1:colcon.colcon_core.package_identification:_identify(Riggu_GUI/__pycache__) by extension 'python_setup_py'
[0.146s] Level 1:colcon.colcon_core.package_identification:_identify(Riggu_GUI/doc_images) by extensions ['ignore', 'ignore_ament_install']
[0.146s] Level 1:colcon.colcon_core.package_identification:_identify(Riggu_GUI/doc_images) by extension 'ignore'
[0.146s] Level 1:colcon.colcon_core.package_identification:_identify(Riggu_GUI/doc_images) by extension 'ignore_ament_install'
[0.146s] Level 1:colcon.colcon_core.package_identification:_identify(Riggu_GUI/doc_images) by extensions ['colcon_pkg']
[0.146s] Level 1:colcon.colcon_core.package_identification:_identify(Riggu_GUI/doc_images) by extension 'colcon_pkg'
[0.146s] Level 1:colcon.colcon_core.package_identification:_identify(Riggu_GUI/doc_images) by extensions ['colcon_meta']
[0.146s] Level 1:colcon.colcon_core.package_identification:_identify(Riggu_GUI/doc_images) by extension 'colcon_meta'
[0.146s] Level 1:colcon.colcon_core.package_identification:_identify(Riggu_GUI/doc_images) by extensions ['ros']
[0.146s] Level 1:colcon.colcon_core.package_identification:_identify(Riggu_GUI/doc_images) by extension 'ros'
[0.146s] Level 1:colcon.colcon_core.package_identification:_identify(Riggu_GUI/doc_images) by extensions ['cmake', 'python']
[0.146s] Level 1:colcon.colcon_core.package_identification:_identify(Riggu_GUI/doc_images) by extension 'cmake'
[0.146s] Level 1:colcon.colcon_core.package_identification:_identify(Riggu_GUI/doc_images) by extension 'python'
[0.146s] Level 1:colcon.colcon_core.package_identification:_identify(Riggu_GUI/doc_images) by extensions ['python_setup_py']
[0.146s] Level 1:colcon.colcon_core.package_identification:_identify(Riggu_GUI/doc_images) by extension 'python_setup_py'
[0.146s] Level 1:colcon.colcon_core.package_identification:_identify(Riggu_GUI/login_images) by extensions ['ignore', 'ignore_ament_install']
[0.146s] Level 1:colcon.colcon_core.package_identification:_identify(Riggu_GUI/login_images) by extension 'ignore'
[0.146s] Level 1:colcon.colcon_core.package_identification:_identify(Riggu_GUI/login_images) by extension 'ignore_ament_install'
[0.146s] Level 1:colcon.colcon_core.package_identification:_identify(Riggu_GUI/login_images) by extensions ['colcon_pkg']
[0.146s] Level 1:colcon.colcon_core.package_identification:_identify(Riggu_GUI/login_images) by extension 'colcon_pkg'
[0.146s] Level 1:colcon.colcon_core.package_identification:_identify(Riggu_GUI/login_images) by extensions ['colcon_meta']
[0.146s] Level 1:colcon.colcon_core.package_identification:_identify(Riggu_GUI/login_images) by extension 'colcon_meta'
[0.146s] Level 1:colcon.colcon_core.package_identification:_identify(Riggu_GUI/login_images) by extensions ['ros']
[0.146s] Level 1:colcon.colcon_core.package_identification:_identify(Riggu_GUI/login_images) by extension 'ros'
[0.146s] Level 1:colcon.colcon_core.package_identification:_identify(Riggu_GUI/login_images) by extensions ['cmake', 'python']
[0.146s] Level 1:colcon.colcon_core.package_identification:_identify(Riggu_GUI/login_images) by extension 'cmake'
[0.146s] Level 1:colcon.colcon_core.package_identification:_identify(Riggu_GUI/login_images) by extension 'python'
[0.146s] Level 1:colcon.colcon_core.package_identification:_identify(Riggu_GUI/login_images) by extensions ['python_setup_py']
[0.146s] Level 1:colcon.colcon_core.package_identification:_identify(Riggu_GUI/login_images) by extension 'python_setup_py'
[0.146s] Level 1:colcon.colcon_core.package_identification:_identify(Riggu_GUI/riggu_speech) by extensions ['ignore', 'ignore_ament_install']
[0.146s] Level 1:colcon.colcon_core.package_identification:_identify(Riggu_GUI/riggu_speech) by extension 'ignore'
[0.146s] Level 1:colcon.colcon_core.package_identification:_identify(Riggu_GUI/riggu_speech) by extension 'ignore_ament_install'
[0.146s] Level 1:colcon.colcon_core.package_identification:_identify(Riggu_GUI/riggu_speech) by extensions ['colcon_pkg']
[0.146s] Level 1:colcon.colcon_core.package_identification:_identify(Riggu_GUI/riggu_speech) by extension 'colcon_pkg'
[0.146s] Level 1:colcon.colcon_core.package_identification:_identify(Riggu_GUI/riggu_speech) by extensions ['colcon_meta']
[0.146s] Level 1:colcon.colcon_core.package_identification:_identify(Riggu_GUI/riggu_speech) by extension 'colcon_meta'
[0.146s] Level 1:colcon.colcon_core.package_identification:_identify(Riggu_GUI/riggu_speech) by extensions ['ros']
[0.146s] Level 1:colcon.colcon_core.package_identification:_identify(Riggu_GUI/riggu_speech) by extension 'ros'
[0.147s] Level 1:colcon.colcon_core.package_identification:_identify(Riggu_GUI/riggu_speech) by extensions ['cmake', 'python']
[0.147s] Level 1:colcon.colcon_core.package_identification:_identify(Riggu_GUI/riggu_speech) by extension 'cmake'
[0.147s] Level 1:colcon.colcon_core.package_identification:_identify(Riggu_GUI/riggu_speech) by extension 'python'
[0.147s] Level 1:colcon.colcon_core.package_identification:_identify(Riggu_GUI/riggu_speech) by extensions ['python_setup_py']
[0.147s] Level 1:colcon.colcon_core.package_identification:_identify(Riggu_GUI/riggu_speech) by extension 'python_setup_py'
[0.147s] Level 1:colcon.colcon_core.package_identification:_identify(Riggu_GUI/riggu_speech/__pycache__) by extensions ['ignore', 'ignore_ament_install']
[0.147s] Level 1:colcon.colcon_core.package_identification:_identify(Riggu_GUI/riggu_speech/__pycache__) by extension 'ignore'
[0.147s] Level 1:colcon.colcon_core.package_identification:_identify(Riggu_GUI/riggu_speech/__pycache__) by extension 'ignore_ament_install'
[0.147s] Level 1:colcon.colcon_core.package_identification:_identify(Riggu_GUI/riggu_speech/__pycache__) by extensions ['colcon_pkg']
[0.147s] Level 1:colcon.colcon_core.package_identification:_identify(Riggu_GUI/riggu_speech/__pycache__) by extension 'colcon_pkg'
[0.147s] Level 1:colcon.colcon_core.package_identification:_identify(Riggu_GUI/riggu_speech/__pycache__) by extensions ['colcon_meta']
[0.147s] Level 1:colcon.colcon_core.package_identification:_identify(Riggu_GUI/riggu_speech/__pycache__) by extension 'colcon_meta'
[0.147s] Level 1:colcon.colcon_core.package_identification:_identify(Riggu_GUI/riggu_speech/__pycache__) by extensions ['ros']
[0.147s] Level 1:colcon.colcon_core.package_identification:_identify(Riggu_GUI/riggu_speech/__pycache__) by extension 'ros'
[0.147s] Level 1:colcon.colcon_core.package_identification:_identify(Riggu_GUI/riggu_speech/__pycache__) by extensions ['cmake', 'python']
[0.147s] Level 1:colcon.colcon_core.package_identification:_identify(Riggu_GUI/riggu_speech/__pycache__) by extension 'cmake'
[0.147s] Level 1:colcon.colcon_core.package_identification:_identify(Riggu_GUI/riggu_speech/__pycache__) by extension 'python'
[0.147s] Level 1:colcon.colcon_core.package_identification:_identify(Riggu_GUI/riggu_speech/__pycache__) by extensions ['python_setup_py']
[0.147s] Level 1:colcon.colcon_core.package_identification:_identify(Riggu_GUI/riggu_speech/__pycache__) by extension 'python_setup_py'
[0.147s] Level 1:colcon.colcon_core.package_identification:_identify(build) by extensions ['ignore', 'ignore_ament_install']
[0.147s] Level 1:colcon.colcon_core.package_identification:_identify(build) by extension 'ignore'
[0.147s] Level 1:colcon.colcon_core.package_identification:_identify(build) ignored
[0.147s] Level 1:colcon.colcon_core.package_identification:_identify(install) by extensions ['ignore', 'ignore_ament_install']
[0.147s] Level 1:colcon.colcon_core.package_identification:_identify(install) by extension 'ignore'
[0.147s] Level 1:colcon.colcon_core.package_identification:_identify(install) ignored
[0.147s] Level 1:colcon.colcon_core.package_identification:_identify(log) by extensions ['ignore', 'ignore_ament_install']
[0.147s] Level 1:colcon.colcon_core.package_identification:_identify(log) by extension 'ignore'
[0.147s] Level 1:colcon.colcon_core.package_identification:_identify(log) ignored
[0.147s] Level 1:colcon.colcon_core.package_identification:_identify(src) by extensions ['ignore', 'ignore_ament_install']
[0.147s] Level 1:colcon.colcon_core.package_identification:_identify(src) by extension 'ignore'
[0.147s] Level 1:colcon.colcon_core.package_identification:_identify(src) by extension 'ignore_ament_install'
[0.147s] Level 1:colcon.colcon_core.package_identification:_identify(src) by extensions ['colcon_pkg']
[0.147s] Level 1:colcon.colcon_core.package_identification:_identify(src) by extension 'colcon_pkg'
[0.147s] Level 1:colcon.colcon_core.package_identification:_identify(src) by extensions ['colcon_meta']
[0.147s] Level 1:colcon.colcon_core.package_identification:_identify(src) by extension 'colcon_meta'
[0.147s] Level 1:colcon.colcon_core.package_identification:_identify(src) by extensions ['ros']
[0.147s] Level 1:colcon.colcon_core.package_identification:_identify(src) by extension 'ros'
[0.147s] Level 1:colcon.colcon_core.package_identification:_identify(src) by extensions ['cmake', 'python']
[0.147s] Level 1:colcon.colcon_core.package_identification:_identify(src) by extension 'cmake'
[0.147s] Level 1:colcon.colcon_core.package_identification:_identify(src) by extension 'python'
[0.147s] Level 1:colcon.colcon_core.package_identification:_identify(src) by extensions ['python_setup_py']
[0.147s] Level 1:colcon.colcon_core.package_identification:_identify(src) by extension 'python_setup_py'
[0.147s] Level 1:colcon.colcon_core.package_identification:_identify(src/riggu_nav2) by extensions ['ignore', 'ignore_ament_install']
[0.148s] Level 1:colcon.colcon_core.package_identification:_identify(src/riggu_nav2) by extension 'ignore'
[0.148s] Level 1:colcon.colcon_core.package_identification:_identify(src/riggu_nav2) by extension 'ignore_ament_install'
[0.148s] Level 1:colcon.colcon_core.package_identification:_identify(src/riggu_nav2) by extensions ['colcon_pkg']
[0.148s] Level 1:colcon.colcon_core.package_identification:_identify(src/riggu_nav2) by extension 'colcon_pkg'
[0.148s] Level 1:colcon.colcon_core.package_identification:_identify(src/riggu_nav2) by extensions ['colcon_meta']
[0.148s] Level 1:colcon.colcon_core.package_identification:_identify(src/riggu_nav2) by extension 'colcon_meta'
[0.148s] Level 1:colcon.colcon_core.package_identification:_identify(src/riggu_nav2) by extensions ['ros']
[0.148s] Level 1:colcon.colcon_core.package_identification:_identify(src/riggu_nav2) by extension 'ros'
[0.149s] DEBUG:colcon.colcon_core.package_identification:Package 'src/riggu_nav2' with type 'ros.ament_cmake' and name 'riggu_nav2'
[0.149s] Level 1:colcon.colcon_core.package_identification:_identify(src/robot_pkg) by extensions ['ignore', 'ignore_ament_install']
[0.149s] Level 1:colcon.colcon_core.package_identification:_identify(src/robot_pkg) by extension 'ignore'
[0.149s] Level 1:colcon.colcon_core.package_identification:_identify(src/robot_pkg) by extension 'ignore_ament_install'
[0.149s] Level 1:colcon.colcon_core.package_identification:_identify(src/robot_pkg) by extensions ['colcon_pkg']
[0.149s] Level 1:colcon.colcon_core.package_identification:_identify(src/robot_pkg) by extension 'colcon_pkg'
[0.149s] Level 1:colcon.colcon_core.package_identification:_identify(src/robot_pkg) by extensions ['colcon_meta']
[0.149s] Level 1:colcon.colcon_core.package_identification:_identify(src/robot_pkg) by extension 'colcon_meta'
[0.149s] Level 1:colcon.colcon_core.package_identification:_identify(src/robot_pkg) by extensions ['ros']
[0.149s] Level 1:colcon.colcon_core.package_identification:_identify(src/robot_pkg) by extension 'ros'
[0.149s] DEBUG:colcon.colcon_core.package_identification:Package 'src/robot_pkg' with type 'ros.ament_python' and name 'robot_pkg'
[0.150s] Level 1:colcon.colcon_core.package_identification:_identify(src/rplidar_ros) by extensions ['ignore', 'ignore_ament_install']
[0.150s] Level 1:colcon.colcon_core.package_identification:_identify(src/rplidar_ros) by extension 'ignore'
[0.150s] Level 1:colcon.colcon_core.package_identification:_identify(src/rplidar_ros) by extension 'ignore_ament_install'
[0.150s] Level 1:colcon.colcon_core.package_identification:_identify(src/rplidar_ros) by extensions ['colcon_pkg']
[0.150s] Level 1:colcon.colcon_core.package_identification:_identify(src/rplidar_ros) by extension 'colcon_pkg'
[0.150s] Level 1:colcon.colcon_core.package_identification:_identify(src/rplidar_ros) by extensions ['colcon_meta']
[0.150s] Level 1:colcon.colcon_core.package_identification:_identify(src/rplidar_ros) by extension 'colcon_meta'
[0.150s] Level 1:colcon.colcon_core.package_identification:_identify(src/rplidar_ros) by extensions ['ros']
[0.150s] Level 1:colcon.colcon_core.package_identification:_identify(src/rplidar_ros) by extension 'ros'
[0.150s] DEBUG:colcon.colcon_core.package_identification:Package 'src/rplidar_ros' with type 'ros.ament_cmake' and name 'rplidar_ros'
[0.150s] Level 1:colcon.colcon_core.package_identification:_identify(src/two_wheeled_robot) by extensions ['ignore', 'ignore_ament_install']
[0.150s] Level 1:colcon.colcon_core.package_identification:_identify(src/two_wheeled_robot) by extension 'ignore'
[0.150s] Level 1:colcon.colcon_core.package_identification:_identify(src/two_wheeled_robot) by extension 'ignore_ament_install'
[0.150s] Level 1:colcon.colcon_core.package_identification:_identify(src/two_wheeled_robot) by extensions ['colcon_pkg']
[0.150s] Level 1:colcon.colcon_core.package_identification:_identify(src/two_wheeled_robot) by extension 'colcon_pkg'
[0.150s] Level 1:colcon.colcon_core.package_identification:_identify(src/two_wheeled_robot) by extensions ['colcon_meta']
[0.150s] Level 1:colcon.colcon_core.package_identification:_identify(src/two_wheeled_robot) by extension 'colcon_meta'
[0.150s] Level 1:colcon.colcon_core.package_identification:_identify(src/two_wheeled_robot) by extensions ['ros']
[0.150s] Level 1:colcon.colcon_core.package_identification:_identify(src/two_wheeled_robot) by extension 'ros'
[0.151s] DEBUG:colcon.colcon_core.package_identification:Package 'src/two_wheeled_robot' with type 'ros.ament_cmake' and name 'two_wheeled_robot'
[0.151s] Level 1:colcon.colcon_core.package_discovery:discover_packages(recursive) using defaults
[0.151s] Level 1:colcon.colcon_core.package_discovery:discover_packages(ignore) discover
[0.151s] Level 1:colcon.colcon_core.package_discovery:discover_packages(ignore) using defaults
[0.151s] Level 1:colcon.colcon_core.package_discovery:discover_packages(path) discover
[0.151s] Level 1:colcon.colcon_core.package_discovery:discover_packages(path) using defaults
[0.162s] Level 1:colcon.colcon_core.package_discovery:discover_packages(prefix_path) check parameters
[0.162s] Level 1:colcon.colcon_core.package_discovery:discover_packages(prefix_path) discover
[0.163s] DEBUG:colcon.colcon_installed_package_information.package_discovery:Found 4 installed packages in /home/rahul/Desktop/riggu_ws/install
[0.163s] DEBUG:colcon.colcon_installed_package_information.package_discovery:Found 1 installed packages in /home/rahul/install
[0.164s] DEBUG:colcon.colcon_installed_package_information.package_discovery:Found 350 installed packages in /opt/ros/humble
[0.170s] Level 1:colcon.colcon_core.package_discovery:discover_packages(prefix_path) using defaults
[0.191s] Level 5:colcon.colcon_core.verb:set package 'riggu_nav2' build argument 'cmake_args' from command line to 'None'
[0.191s] Level 5:colcon.colcon_core.verb:set package 'riggu_nav2' build argument 'cmake_target' from command line to 'None'
[0.191s] Level 5:colcon.colcon_core.verb:set package 'riggu_nav2' build argument 'cmake_target_skip_unavailable' from command line to 'False'
[0.191s] Level 5:colcon.colcon_core.verb:set package 'riggu_nav2' build argument 'cmake_clean_cache' from command line to 'False'
[0.191s] Level 5:colcon.colcon_core.verb:set package 'riggu_nav2' build argument 'cmake_clean_first' from command line to 'False'
[0.191s] Level 5:colcon.colcon_core.verb:set package 'riggu_nav2' build argument 'cmake_force_configure' from command line to 'False'
[0.191s] Level 5:colcon.colcon_core.verb:set package 'riggu_nav2' build argument 'ament_cmake_args' from command line to 'None'
[0.191s] Level 5:colcon.colcon_core.verb:set package 'riggu_nav2' build argument 'catkin_cmake_args' from command line to 'None'
[0.191s] Level 5:colcon.colcon_core.verb:set package 'riggu_nav2' build argument 'catkin_skip_building_tests' from command line to 'False'
[0.191s] DEBUG:colcon.colcon_core.verb:Building package 'riggu_nav2' with the following arguments: {'ament_cmake_args': None, 'build_base': '/home/rahul/Desktop/riggu_ws/build/riggu_nav2', 'catkin_cmake_args': None, 'catkin_skip_building_tests': False, 'cmake_args': None, 'cmake_clean_cache': False, 'cmake_clean_first': False, 'cmake_force_configure': False, 'cmake_target': None, 'cmake_target_skip_unavailable': False, 'install_base': '/home/rahul/Desktop/riggu_ws/install/riggu_nav2', 'merge_install': False, 'path': '/home/rahul/Desktop/riggu_ws/src/riggu_nav2', 'symlink_install': False, 'test_result_base': None}
[0.192s] Level 5:colcon.colcon_core.verb:set package 'robot_pkg' build argument 'cmake_args' from command line to 'None'
[0.192s] Level 5:colcon.colcon_core.verb:set package 'robot_pkg' build argument 'cmake_target' from command line to 'None'
[0.192s] Level 5:colcon.colcon_core.verb:set package 'robot_pkg' build argument 'cmake_target_skip_unavailable' from command line to 'False'
[0.192s] Level 5:colcon.colcon_core.verb:set package 'robot_pkg' build argument 'cmake_clean_cache' from command line to 'False'
[0.192s] Level 5:colcon.colcon_core.verb:set package 'robot_pkg' build argument 'cmake_clean_first' from command line to 'False'
[0.192s] Level 5:colcon.colcon_core.verb:set package 'robot_pkg' build argument 'cmake_force_configure' from command line to 'False'
[0.192s] Level 5:colcon.colcon_core.verb:set package 'robot_pkg' build argument 'ament_cmake_args' from command line to 'None'
[0.192s] Level 5:colcon.colcon_core.verb:set package 'robot_pkg' build argument 'catkin_cmake_args' from command line to 'None'
[0.192s] Level 5:colcon.colcon_core.verb:set package 'robot_pkg' build argument 'catkin_skip_building_tests' from command line to 'False'
[0.192s] DEBUG:colcon.colcon_core.verb:Building package 'robot_pkg' with the following arguments: {'ament_cmake_args': None, 'build_base': '/home/rahul/Desktop/riggu_ws/build/robot_pkg', 'catkin_cmake_args': None, 'catkin_skip_building_tests': False, 'cmake_args': None, 'cmake_clean_cache': False, 'cmake_clean_first': False, 'cmake_force_configure': False, 'cmake_target': None, 'cmake_target_skip_unavailable': False, 'install_base': '/home/rahul/Desktop/riggu_ws/install/robot_pkg', 'merge_install': False, 'path': '/home/rahul/Desktop/riggu_ws/src/robot_pkg', 'symlink_install': False, 'test_result_base': None}
[0.192s] Level 5:colcon.colcon_core.verb:set package 'rplidar_ros' build argument 'cmake_args' from command line to 'None'
[0.192s] Level 5:colcon.colcon_core.verb:set package 'rplidar_ros' build argument 'cmake_target' from command line to 'None'
[0.192s] Level 5:colcon.colcon_core.verb:set package 'rplidar_ros' build argument 'cmake_target_skip_unavailable' from command line to 'False'
[0.192s] Level 5:colcon.colcon_core.verb:set package 'rplidar_ros' build argument 'cmake_clean_cache' from command line to 'False'
[0.192s] Level 5:colcon.colcon_core.verb:set package 'rplidar_ros' build argument 'cmake_clean_first' from command line to 'False'
[0.192s] Level 5:colcon.colcon_core.verb:set package 'rplidar_ros' build argument 'cmake_force_configure' from command line to 'False'
[0.192s] Level 5:colcon.colcon_core.verb:set package 'rplidar_ros' build argument 'ament_cmake_args' from command line to 'None'
[0.192s] Level 5:colcon.colcon_core.verb:set package 'rplidar_ros' build argument 'catkin_cmake_args' from command line to 'None'
[0.192s] Level 5:colcon.colcon_core.verb:set package 'rplidar_ros' build argument 'catkin_skip_building_tests' from command line to 'False'
[0.192s] DEBUG:colcon.colcon_core.verb:Building package 'rplidar_ros' with the following arguments: {'ament_cmake_args': None, 'build_base': '/home/rahul/Desktop/riggu_ws/build/rplidar_ros', 'catkin_cmake_args': None, 'catkin_skip_building_tests': False, 'cmake_args': None, 'cmake_clean_cache': False, 'cmake_clean_first': False, 'cmake_force_configure': False, 'cmake_target': None, 'cmake_target_skip_unavailable': False, 'install_base': '/home/rahul/Desktop/riggu_ws/install/rplidar_ros', 'merge_install': False, 'path': '/home/rahul/Desktop/riggu_ws/src/rplidar_ros', 'symlink_install': False, 'test_result_base': None}
[0.192s] Level 5:colcon.colcon_core.verb:set package 'two_wheeled_robot' build argument 'cmake_args' from command line to 'None'
[0.192s] Level 5:colcon.colcon_core.verb:set package 'two_wheeled_robot' build argument 'cmake_target' from command line to 'None'
[0.192s] Level 5:colcon.colcon_core.verb:set package 'two_wheeled_robot' build argument 'cmake_target_skip_unavailable' from command line to 'False'
[0.192s] Level 5:colcon.colcon_core.verb:set package 'two_wheeled_robot' build argument 'cmake_clean_cache' from command line to 'False'
[0.192s] Level 5:colcon.colcon_core.verb:set package 'two_wheeled_robot' build argument 'cmake_clean_first' from command line to 'False'
[0.192s] Level 5:colcon.colcon_core.verb:set package 'two_wheeled_robot' build argument 'cmake_force_configure' from command line to 'False'
[0.192s] Level 5:colcon.colcon_core.verb:set package 'two_wheeled_robot' build argument 'ament_cmake_args' from command line to 'None'
[0.192s] Level 5:colcon.colcon_core.verb:set package 'two_wheeled_robot' build argument 'catkin_cmake_args' from command line to 'None'
[0.192s] Level 5:colcon.colcon_core.verb:set package 'two_wheeled_robot' build argument 'catkin_skip_building_tests' from command line to 'False'
[0.192s] DEBUG:colcon.colcon_core.verb:Building package 'two_wheeled_robot' with the following arguments: {'ament_cmake_args': None, 'build_base': '/home/rahul/Desktop/riggu_ws/build/two_wheeled_robot', 'catkin_cmake_args': None, 'catkin_skip_building_tests': False, 'cmake_args': None, 'cmake_clean_cache': False, 'cmake_clean_first': False, 'cmake_force_configure': False, 'cmake_target': None, 'cmake_target_skip_unavailable': False, 'install_base': '/home/rahul/Desktop/riggu_ws/install/two_wheeled_robot', 'merge_install': False, 'path': '/home/rahul/Desktop/riggu_ws/src/two_wheeled_robot', 'symlink_install': False, 'test_result_base': None}
[0.192s] INFO:colcon.colcon_core.executor:Executing jobs using 'parallel' executor
[0.193s] DEBUG:colcon.colcon_parallel_executor.executor.parallel:run_until_complete
[0.193s] INFO:colcon.colcon_ros.task.ament_cmake.build:Building ROS package in '/home/rahul/Desktop/riggu_ws/src/riggu_nav2' with build type 'ament_cmake'
[0.193s] INFO:colcon.colcon_cmake.task.cmake.build:Building CMake package in '/home/rahul/Desktop/riggu_ws/src/riggu_nav2'
[0.194s] INFO:colcon.colcon_core.plugin_system:Skipping extension 'colcon_core.shell.bat': Not used on non-Windows systems
[0.195s] INFO:colcon.colcon_core.shell:Skip shell extension 'powershell' for command environment: Not usable outside of PowerShell
[0.195s] DEBUG:colcon.colcon_core.shell:Skip shell extension 'dsv' for command environment
[0.197s] INFO:colcon.colcon_ros.task.ament_python.build:Building ROS package in '/home/rahul/Desktop/riggu_ws/src/robot_pkg' with build type 'ament_python'
[0.197s] Level 1:colcon.colcon_core.shell:create_environment_hook('robot_pkg', 'ament_prefix_path')
[0.197s] INFO:colcon.colcon_core.shell:Creating environment hook '/home/rahul/Desktop/riggu_ws/install/robot_pkg/share/robot_pkg/hook/ament_prefix_path.ps1'
[0.198s] INFO:colcon.colcon_core.shell:Creating environment descriptor '/home/rahul/Desktop/riggu_ws/install/robot_pkg/share/robot_pkg/hook/ament_prefix_path.dsv'
[0.198s] INFO:colcon.colcon_core.shell:Creating environment hook '/home/rahul/Desktop/riggu_ws/install/robot_pkg/share/robot_pkg/hook/ament_prefix_path.sh'
[0.198s] INFO:colcon.colcon_core.shell:Skip shell extension 'powershell' for command environment: Not usable outside of PowerShell
[0.198s] DEBUG:colcon.colcon_core.shell:Skip shell extension 'dsv' for command environment
[0.200s] INFO:colcon.colcon_ros.task.ament_cmake.build:Building ROS package in '/home/rahul/Desktop/riggu_ws/src/rplidar_ros' with build type 'ament_cmake'
[0.200s] INFO:colcon.colcon_cmake.task.cmake.build:Building CMake package in '/home/rahul/Desktop/riggu_ws/src/rplidar_ros'
[0.200s] INFO:colcon.colcon_core.shell:Skip shell extension 'powershell' for command environment: Not usable outside of PowerShell
[0.200s] DEBUG:colcon.colcon_core.shell:Skip shell extension 'dsv' for command environment
[0.202s] INFO:colcon.colcon_ros.task.ament_cmake.build:Building ROS package in '/home/rahul/Desktop/riggu_ws/src/two_wheeled_robot' with build type 'ament_cmake'
[0.202s] INFO:colcon.colcon_cmake.task.cmake.build:Building CMake package in '/home/rahul/Desktop/riggu_ws/src/two_wheeled_robot'
[0.202s] INFO:colcon.colcon_core.shell:Skip shell extension 'powershell' for command environment: Not usable outside of PowerShell
[0.203s] DEBUG:colcon.colcon_core.shell:Skip shell extension 'dsv' for command environment
[0.209s] DEBUG:colcon.colcon_core.event_handler.log_command:Invoking command in '/home/rahul/Desktop/riggu_ws/build/riggu_nav2': CMAKE_PREFIX_PATH=${CMAKE_PREFIX_PATH}:/home/rahul/Desktop/riggu_ws/install/robot_pkg:/opt/ros/humble /usr/bin/cmake --build /home/rahul/Desktop/riggu_ws/build/riggu_nav2 -- -j16 -l16
[0.340s] INFO:colcon.colcon_core.task.python.build:Building Python package in '/home/rahul/Desktop/riggu_ws/src/robot_pkg'
[0.340s] INFO:colcon.colcon_core.shell:Skip shell extension 'powershell' for command environment: Not usable outside of PowerShell
[0.341s] DEBUG:colcon.colcon_core.shell:Skip shell extension 'dsv' for command environment
[0.351s] DEBUG:colcon.colcon_core.event_handler.log_command:Invoking command in '/home/rahul/Desktop/riggu_ws/build/rplidar_ros': CMAKE_PREFIX_PATH=${CMAKE_PREFIX_PATH}:/home/rahul/Desktop/riggu_ws/install/robot_pkg:/opt/ros/humble /usr/bin/cmake --build /home/rahul/Desktop/riggu_ws/build/rplidar_ros -- -j16 -l16
[0.354s] DEBUG:colcon.colcon_core.event_handler.log_command:Invoking command in '/home/rahul/Desktop/riggu_ws/build/two_wheeled_robot': CMAKE_PREFIX_PATH=${CMAKE_PREFIX_PATH}:/home/rahul/Desktop/riggu_ws/install/robot_pkg:/opt/ros/humble /usr/bin/cmake --build /home/rahul/Desktop/riggu_ws/build/two_wheeled_robot -- -j16 -l16
[0.356s] DEBUG:colcon.colcon_core.event_handler.log_command:Invoked command in '/home/rahul/Desktop/riggu_ws/build/riggu_nav2' returned '0': CMAKE_PREFIX_PATH=${CMAKE_PREFIX_PATH}:/home/rahul/Desktop/riggu_ws/install/robot_pkg:/opt/ros/humble /usr/bin/cmake --build /home/rahul/Desktop/riggu_ws/build/riggu_nav2 -- -j16 -l16
[0.383s] DEBUG:colcon.colcon_core.event_handler.log_command:Invoking command in '/home/rahul/Desktop/riggu_ws/build/riggu_nav2': CMAKE_PREFIX_PATH=${CMAKE_PREFIX_PATH}:/home/rahul/Desktop/riggu_ws/install/robot_pkg:/opt/ros/humble /usr/bin/cmake --install /home/rahul/Desktop/riggu_ws/build/riggu_nav2
[0.391s] Level 1:colcon.colcon_core.environment:create_environment_scripts_only(riggu_nav2)
[0.393s] DEBUG:colcon.colcon_core.event_handler.log_command:Invoked command in '/home/rahul/Desktop/riggu_ws/build/riggu_nav2' returned '0': CMAKE_PREFIX_PATH=${CMAKE_PREFIX_PATH}:/home/rahul/Desktop/riggu_ws/install/robot_pkg:/opt/ros/humble /usr/bin/cmake --install /home/rahul/Desktop/riggu_ws/build/riggu_nav2
[0.396s] Level 1:colcon.colcon_core.environment:checking '/home/rahul/Desktop/riggu_ws/install/riggu_nav2' for CMake module files
[0.396s] Level 1:colcon.colcon_core.environment:checking '/home/rahul/Desktop/riggu_ws/install/riggu_nav2' for CMake config files
[0.397s] Level 1:colcon.colcon_core.shell:create_environment_hook('riggu_nav2', 'cmake_prefix_path')
[0.397s] INFO:colcon.colcon_core.shell:Creating environment hook '/home/rahul/Desktop/riggu_ws/install/riggu_nav2/share/riggu_nav2/hook/cmake_prefix_path.ps1'
[0.397s] INFO:colcon.colcon_core.shell:Creating environment descriptor '/home/rahul/Desktop/riggu_ws/install/riggu_nav2/share/riggu_nav2/hook/cmake_prefix_path.dsv'
[0.398s] INFO:colcon.colcon_core.shell:Creating environment hook '/home/rahul/Desktop/riggu_ws/install/riggu_nav2/share/riggu_nav2/hook/cmake_prefix_path.sh'
[0.399s] Level 1:colcon.colcon_core.environment:checking '/home/rahul/Desktop/riggu_ws/install/riggu_nav2/lib'
[0.399s] Level 1:colcon.colcon_core.environment:checking '/home/rahul/Desktop/riggu_ws/install/riggu_nav2/bin'
[0.399s] Level 1:colcon.colcon_core.environment:checking '/home/rahul/Desktop/riggu_ws/install/riggu_nav2/lib/pkgconfig/riggu_nav2.pc'
[0.399s] Level 1:colcon.colcon_core.environment:checking '/home/rahul/Desktop/riggu_ws/install/riggu_nav2/lib/python3.10/site-packages'
[0.400s] Level 1:colcon.colcon_core.environment:checking '/home/rahul/Desktop/riggu_ws/install/riggu_nav2/bin'
[0.400s] INFO:colcon.colcon_core.shell:Creating package script '/home/rahul/Desktop/riggu_ws/install/riggu_nav2/share/riggu_nav2/package.ps1'
[0.401s] INFO:colcon.colcon_core.shell:Creating package descriptor '/home/rahul/Desktop/riggu_ws/install/riggu_nav2/share/riggu_nav2/package.dsv'
[0.402s] INFO:colcon.colcon_core.shell:Creating package script '/home/rahul/Desktop/riggu_ws/install/riggu_nav2/share/riggu_nav2/package.sh'
[0.403s] INFO:colcon.colcon_core.shell:Creating package script '/home/rahul/Desktop/riggu_ws/install/riggu_nav2/share/riggu_nav2/package.bash'
[0.403s] INFO:colcon.colcon_core.shell:Creating package script '/home/rahul/Desktop/riggu_ws/install/riggu_nav2/share/riggu_nav2/package.zsh'
[0.404s] Level 1:colcon.colcon_core.environment:create_file_with_runtime_dependencies(/home/rahul/Desktop/riggu_ws/install/riggu_nav2/share/colcon-core/packages/riggu_nav2)
[0.413s] DEBUG:colcon.colcon_core.event_handler.log_command:Invoked command in '/home/rahul/Desktop/riggu_ws/build/rplidar_ros' returned '0': CMAKE_PREFIX_PATH=${CMAKE_PREFIX_PATH}:/home/rahul/Desktop/riggu_ws/install/robot_pkg:/opt/ros/humble /usr/bin/cmake --build /home/rahul/Desktop/riggu_ws/build/rplidar_ros -- -j16 -l16
[0.425s] Level 1:colcon.colcon_core.environment:create_environment_scripts_only(riggu_nav2)
[0.425s] Level 1:colcon.colcon_core.environment:checking '/home/rahul/Desktop/riggu_ws/install/riggu_nav2' for CMake module files
[0.426s] Level 1:colcon.colcon_core.environment:checking '/home/rahul/Desktop/riggu_ws/install/riggu_nav2' for CMake config files
[0.426s] Level 1:colcon.colcon_core.shell:create_environment_hook('riggu_nav2', 'cmake_prefix_path')
[0.426s] INFO:colcon.colcon_core.shell:Creating environment hook '/home/rahul/Desktop/riggu_ws/install/riggu_nav2/share/riggu_nav2/hook/cmake_prefix_path.ps1'
[0.427s] INFO:colcon.colcon_core.shell:Creating environment descriptor '/home/rahul/Desktop/riggu_ws/install/riggu_nav2/share/riggu_nav2/hook/cmake_prefix_path.dsv'
[0.427s] INFO:colcon.colcon_core.shell:Creating environment hook '/home/rahul/Desktop/riggu_ws/install/riggu_nav2/share/riggu_nav2/hook/cmake_prefix_path.sh'
[0.428s] Level 1:colcon.colcon_core.environment:checking '/home/rahul/Desktop/riggu_ws/install/riggu_nav2/lib'
[0.428s] Level 1:colcon.colcon_core.environment:checking '/home/rahul/Desktop/riggu_ws/install/riggu_nav2/bin'
[0.428s] Level 1:colcon.colcon_core.environment:checking '/home/rahul/Desktop/riggu_ws/install/riggu_nav2/lib/pkgconfig/riggu_nav2.pc'
[0.428s] Level 1:colcon.colcon_core.environment:checking '/home/rahul/Desktop/riggu_ws/install/riggu_nav2/lib/python3.10/site-packages'
[0.428s] Level 1:colcon.colcon_core.environment:checking '/home/rahul/Desktop/riggu_ws/install/riggu_nav2/bin'
[0.429s] INFO:colcon.colcon_core.shell:Creating package script '/home/rahul/Desktop/riggu_ws/install/riggu_nav2/share/riggu_nav2/package.ps1'
[0.429s] INFO:colcon.colcon_core.shell:Creating package descriptor '/home/rahul/Desktop/riggu_ws/install/riggu_nav2/share/riggu_nav2/package.dsv'
[0.429s] INFO:colcon.colcon_core.shell:Creating package script '/home/rahul/Desktop/riggu_ws/install/riggu_nav2/share/riggu_nav2/package.sh'
[0.429s] INFO:colcon.colcon_core.shell:Creating package script '/home/rahul/Desktop/riggu_ws/install/riggu_nav2/share/riggu_nav2/package.bash'
[0.430s] INFO:colcon.colcon_core.shell:Creating package script '/home/rahul/Desktop/riggu_ws/install/riggu_nav2/share/riggu_nav2/package.zsh'
[0.430s] Level 1:colcon.colcon_core.environment:create_file_with_runtime_dependencies(/home/rahul/Desktop/riggu_ws/install/riggu_nav2/share/colcon-core/packages/riggu_nav2)
[0.471s] DEBUG:colcon.colcon_core.event_handler.log_command:Invoking command in '/home/rahul/Desktop/riggu_ws/build/rplidar_ros': CMAKE_PREFIX_PATH=${CMAKE_PREFIX_PATH}:/home/rahul/Desktop/riggu_ws/install/robot_pkg:/opt/ros/humble /usr/bin/cmake --install /home/rahul/Desktop/riggu_ws/build/rplidar_ros
[0.488s] Level 1:colcon.colcon_core.environment:create_environment_scripts_only(rplidar_ros)
[0.488s] Level 1:colcon.colcon_core.environment:checking '/home/rahul/Desktop/riggu_ws/install/rplidar_ros' for CMake module files
[0.489s] DEBUG:colcon.colcon_core.event_handler.log_command:Invoked command in '/home/rahul/Desktop/riggu_ws/build/rplidar_ros' returned '0': CMAKE_PREFIX_PATH=${CMAKE_PREFIX_PATH}:/home/rahul/Desktop/riggu_ws/install/robot_pkg:/opt/ros/humble /usr/bin/cmake --install /home/rahul/Desktop/riggu_ws/build/rplidar_ros
[0.489s] Level 1:colcon.colcon_core.environment:checking '/home/rahul/Desktop/riggu_ws/install/rplidar_ros' for CMake config files
[0.489s] Level 1:colcon.colcon_core.shell:create_environment_hook('rplidar_ros', 'cmake_prefix_path')
[0.489s] INFO:colcon.colcon_core.shell:Creating environment hook '/home/rahul/Desktop/riggu_ws/install/rplidar_ros/share/rplidar_ros/hook/cmake_prefix_path.ps1'
[0.490s] INFO:colcon.colcon_core.shell:Creating environment descriptor '/home/rahul/Desktop/riggu_ws/install/rplidar_ros/share/rplidar_ros/hook/cmake_prefix_path.dsv'
[0.490s] INFO:colcon.colcon_core.shell:Creating environment hook '/home/rahul/Desktop/riggu_ws/install/rplidar_ros/share/rplidar_ros/hook/cmake_prefix_path.sh'
[0.490s] Level 1:colcon.colcon_core.environment:checking '/home/rahul/Desktop/riggu_ws/install/rplidar_ros/lib'
[0.490s] Level 1:colcon.colcon_core.environment:checking '/home/rahul/Desktop/riggu_ws/install/rplidar_ros/bin'
[0.490s] Level 1:colcon.colcon_core.environment:checking '/home/rahul/Desktop/riggu_ws/install/rplidar_ros/lib/pkgconfig/rplidar_ros.pc'
[0.490s] Level 1:colcon.colcon_core.environment:checking '/home/rahul/Desktop/riggu_ws/install/rplidar_ros/lib/python3.10/site-packages'
[0.491s] Level 1:colcon.colcon_core.environment:checking '/home/rahul/Desktop/riggu_ws/install/rplidar_ros/bin'
[0.491s] INFO:colcon.colcon_core.shell:Creating package script '/home/rahul/Desktop/riggu_ws/install/rplidar_ros/share/rplidar_ros/package.ps1'
[0.491s] INFO:colcon.colcon_core.shell:Creating package descriptor '/home/rahul/Desktop/riggu_ws/install/rplidar_ros/share/rplidar_ros/package.dsv'
[0.491s] INFO:colcon.colcon_core.shell:Creating package script '/home/rahul/Desktop/riggu_ws/install/rplidar_ros/share/rplidar_ros/package.sh'
[0.491s] INFO:colcon.colcon_core.shell:Creating package script '/home/rahul/Desktop/riggu_ws/install/rplidar_ros/share/rplidar_ros/package.bash'
[0.492s] INFO:colcon.colcon_core.shell:Creating package script '/home/rahul/Desktop/riggu_ws/install/rplidar_ros/share/rplidar_ros/package.zsh'
[0.492s] Level 1:colcon.colcon_core.environment:create_file_with_runtime_dependencies(/home/rahul/Desktop/riggu_ws/install/rplidar_ros/share/colcon-core/packages/rplidar_ros)
[0.549s] Level 1:colcon.colcon_core.environment:create_environment_scripts_only(rplidar_ros)
[0.549s] Level 1:colcon.colcon_core.environment:checking '/home/rahul/Desktop/riggu_ws/install/rplidar_ros' for CMake module files
[0.550s] Level 1:colcon.colcon_core.environment:checking '/home/rahul/Desktop/riggu_ws/install/rplidar_ros' for CMake config files
[0.550s] Level 1:colcon.colcon_core.shell:create_environment_hook('rplidar_ros', 'cmake_prefix_path')
[0.551s] INFO:colcon.colcon_core.shell:Creating environment hook '/home/rahul/Desktop/riggu_ws/install/rplidar_ros/share/rplidar_ros/hook/cmake_prefix_path.ps1'
[0.551s] INFO:colcon.colcon_core.shell:Creating environment descriptor '/home/rahul/Desktop/riggu_ws/install/rplidar_ros/share/rplidar_ros/hook/cmake_prefix_path.dsv'
[0.551s] INFO:colcon.colcon_core.shell:Creating environment hook '/home/rahul/Desktop/riggu_ws/install/rplidar_ros/share/rplidar_ros/hook/cmake_prefix_path.sh'
[0.551s] Level 1:colcon.colcon_core.environment:checking '/home/rahul/Desktop/riggu_ws/install/rplidar_ros/lib'
[0.551s] Level 1:colcon.colcon_core.environment:checking '/home/rahul/Desktop/riggu_ws/install/rplidar_ros/bin'
[0.551s] Level 1:colcon.colcon_core.environment:checking '/home/rahul/Desktop/riggu_ws/install/rplidar_ros/lib/pkgconfig/rplidar_ros.pc'
[0.552s] Level 1:colcon.colcon_core.environment:checking '/home/rahul/Desktop/riggu_ws/install/rplidar_ros/lib/python3.10/site-packages'
[0.552s] Level 1:colcon.colcon_core.environment:checking '/home/rahul/Desktop/riggu_ws/install/rplidar_ros/bin'
[0.552s] INFO:colcon.colcon_core.shell:Creating package script '/home/rahul/Desktop/riggu_ws/install/rplidar_ros/share/rplidar_ros/package.ps1'
[0.552s] INFO:colcon.colcon_core.shell:Creating package descriptor '/home/rahul/Desktop/riggu_ws/install/rplidar_ros/share/rplidar_ros/package.dsv'
[0.553s] INFO:colcon.colcon_core.shell:Creating package script '/home/rahul/Desktop/riggu_ws/install/rplidar_ros/share/rplidar_ros/package.sh'
[0.553s] INFO:colcon.colcon_core.shell:Creating package script '/home/rahul/Desktop/riggu_ws/install/rplidar_ros/share/rplidar_ros/package.bash'
[0.553s] INFO:colcon.colcon_core.shell:Creating package script '/home/rahul/Desktop/riggu_ws/install/rplidar_ros/share/rplidar_ros/package.zsh'
[0.553s] Level 1:colcon.colcon_core.environment:create_file_with_runtime_dependencies(/home/rahul/Desktop/riggu_ws/install/rplidar_ros/share/colcon-core/packages/rplidar_ros)
[0.579s] DEBUG:colcon.colcon_core.event_handler.log_command:Invoked command in '/home/rahul/Desktop/riggu_ws/build/two_wheeled_robot' returned '0': CMAKE_PREFIX_PATH=${CMAKE_PREFIX_PATH}:/home/rahul/Desktop/riggu_ws/install/robot_pkg:/opt/ros/humble /usr/bin/cmake --build /home/rahul/Desktop/riggu_ws/build/two_wheeled_robot -- -j16 -l16
[0.591s] DEBUG:colcon.colcon_core.event_handler.log_command:Invoking command in '/home/rahul/Desktop/riggu_ws/src/robot_pkg': PYTHONPATH=/home/rahul/Desktop/riggu_ws/build/robot_pkg/prefix_override:/usr/lib/python3/dist-packages/colcon_core/task/python/colcon_distutils_commands:/home/rahul/Desktop/riggu_ws/install/robot_pkg/lib/python3.10/site-packages:${PYTHONPATH} /usr/bin/python3 -W ignore:setup.py install is deprecated setup.py egg_info --egg-base ../../build/robot_pkg build --build-base /home/rahul/Desktop/riggu_ws/build/robot_pkg/build install --record /home/rahul/Desktop/riggu_ws/build/robot_pkg/install.log --single-version-externally-managed install_data
[0.599s] DEBUG:colcon.colcon_core.event_handler.log_command:Invoking command in '/home/rahul/Desktop/riggu_ws/build/two_wheeled_robot': CMAKE_PREFIX_PATH=${CMAKE_PREFIX_PATH}:/home/rahul/Desktop/riggu_ws/install/robot_pkg:/opt/ros/humble /usr/bin/cmake --install /home/rahul/Desktop/riggu_ws/build/two_wheeled_robot
[0.733s] Level 1:colcon.colcon_core.environment:create_environment_scripts_only(two_wheeled_robot)
[0.734s] Level 1:colcon.colcon_core.environment:checking '/home/rahul/Desktop/riggu_ws/install/two_wheeled_robot' for CMake module files
[0.739s] Level 1:colcon.colcon_core.environment:checking '/home/rahul/Desktop/riggu_ws/install/two_wheeled_robot' for CMake config files
[0.882s] DEBUG:colcon.colcon_core.event_handler.log_command:Invoked command in '/home/rahul/Desktop/riggu_ws/build/two_wheeled_robot' returned '0': CMAKE_PREFIX_PATH=${CMAKE_PREFIX_PATH}:/home/rahul/Desktop/riggu_ws/install/robot_pkg:/opt/ros/humble /usr/bin/cmake --install /home/rahul/Desktop/riggu_ws/build/two_wheeled_robot
[0.888s] Level 1:colcon.colcon_core.shell:create_environment_hook('two_wheeled_robot', 'cmake_prefix_path')
[0.888s] INFO:colcon.colcon_core.shell:Creating environment hook '/home/rahul/Desktop/riggu_ws/install/two_wheeled_robot/share/two_wheeled_robot/hook/cmake_prefix_path.ps1'
[0.888s] INFO:colcon.colcon_core.shell:Creating environment descriptor '/home/rahul/Desktop/riggu_ws/install/two_wheeled_robot/share/two_wheeled_robot/hook/cmake_prefix_path.dsv'
[0.889s] INFO:colcon.colcon_core.shell:Creating environment hook '/home/rahul/Desktop/riggu_ws/install/two_wheeled_robot/share/two_wheeled_robot/hook/cmake_prefix_path.sh'
[0.889s] Level 1:colcon.colcon_core.environment:checking '/home/rahul/Desktop/riggu_ws/install/two_wheeled_robot/lib'
[0.889s] Level 1:colcon.colcon_core.environment:checking '/home/rahul/Desktop/riggu_ws/install/two_wheeled_robot/bin'
[0.889s] Level 1:colcon.colcon_core.environment:checking '/home/rahul/Desktop/riggu_ws/install/two_wheeled_robot/lib/pkgconfig/two_wheeled_robot.pc'
[0.889s] Level 1:colcon.colcon_core.environment:checking '/home/rahul/Desktop/riggu_ws/install/two_wheeled_robot/lib/python3.10/site-packages'
[0.889s] Level 1:colcon.colcon_core.environment:checking '/home/rahul/Desktop/riggu_ws/install/two_wheeled_robot/bin'
[0.889s] INFO:colcon.colcon_core.shell:Creating package script '/home/rahul/Desktop/riggu_ws/install/two_wheeled_robot/share/two_wheeled_robot/package.ps1'
[0.890s] INFO:colcon.colcon_core.shell:Creating package descriptor '/home/rahul/Desktop/riggu_ws/install/two_wheeled_robot/share/two_wheeled_robot/package.dsv'
[0.890s] INFO:colcon.colcon_core.shell:Creating package script '/home/rahul/Desktop/riggu_ws/install/two_wheeled_robot/share/two_wheeled_robot/package.sh'
[0.890s] INFO:colcon.colcon_core.shell:Creating package script '/home/rahul/Desktop/riggu_ws/install/two_wheeled_robot/share/two_wheeled_robot/package.bash'
[0.890s] INFO:colcon.colcon_core.shell:Creating package script '/home/rahul/Desktop/riggu_ws/install/two_wheeled_robot/share/two_wheeled_robot/package.zsh'
[0.890s] Level 1:colcon.colcon_core.environment:create_file_with_runtime_dependencies(/home/rahul/Desktop/riggu_ws/install/two_wheeled_robot/share/colcon-core/packages/two_wheeled_robot)
[0.891s] Level 1:colcon.colcon_core.environment:checking '/home/rahul/Desktop/riggu_ws/install/robot_pkg' for CMake module files
[0.892s] DEBUG:colcon.colcon_core.event_handler.log_command:Invoked command in '/home/rahul/Desktop/riggu_ws/src/robot_pkg' returned '0': PYTHONPATH=/home/rahul/Desktop/riggu_ws/build/robot_pkg/prefix_override:/usr/lib/python3/dist-packages/colcon_core/task/python/colcon_distutils_commands:/home/rahul/Desktop/riggu_ws/install/robot_pkg/lib/python3.10/site-packages:${PYTHONPATH} /usr/bin/python3 -W ignore:setup.py install is deprecated setup.py egg_info --egg-base ../../build/robot_pkg build --build-base /home/rahul/Desktop/riggu_ws/build/robot_pkg/build install --record /home/rahul/Desktop/riggu_ws/build/robot_pkg/install.log --single-version-externally-managed install_data
[0.892s] Level 1:colcon.colcon_core.environment:checking '/home/rahul/Desktop/riggu_ws/install/robot_pkg' for CMake config files
[0.892s] Level 1:colcon.colcon_core.environment:checking '/home/rahul/Desktop/riggu_ws/install/robot_pkg/lib'
[0.892s] Level 1:colcon.colcon_core.environment:checking '/home/rahul/Desktop/riggu_ws/install/robot_pkg/bin'
[0.892s] Level 1:colcon.colcon_core.environment:checking '/home/rahul/Desktop/riggu_ws/install/robot_pkg/lib/pkgconfig/robot_pkg.pc'
[0.892s] Level 1:colcon.colcon_core.environment:checking '/home/rahul/Desktop/riggu_ws/install/robot_pkg/lib/python3.10/site-packages'
[0.892s] Level 1:colcon.colcon_core.shell:create_environment_hook('robot_pkg', 'pythonpath')
[0.893s] INFO:colcon.colcon_core.shell:Creating environment hook '/home/rahul/Desktop/riggu_ws/install/robot_pkg/share/robot_pkg/hook/pythonpath.ps1'
[0.893s] INFO:colcon.colcon_core.shell:Creating environment descriptor '/home/rahul/Desktop/riggu_ws/install/robot_pkg/share/robot_pkg/hook/pythonpath.dsv'
[0.893s] INFO:colcon.colcon_core.shell:Creating environment hook '/home/rahul/Desktop/riggu_ws/install/robot_pkg/share/robot_pkg/hook/pythonpath.sh'
[0.893s] Level 1:colcon.colcon_core.environment:checking '/home/rahul/Desktop/riggu_ws/install/robot_pkg/bin'
[0.893s] Level 1:colcon.colcon_core.environment:create_environment_scripts_only(robot_pkg)
[0.893s] INFO:colcon.colcon_core.shell:Creating package script '/home/rahul/Desktop/riggu_ws/install/robot_pkg/share/robot_pkg/package.ps1'
[0.894s] INFO:colcon.colcon_core.shell:Creating package descriptor '/home/rahul/Desktop/riggu_ws/install/robot_pkg/share/robot_pkg/package.dsv'
[0.894s] INFO:colcon.colcon_core.shell:Creating package script '/home/rahul/Desktop/riggu_ws/install/robot_pkg/share/robot_pkg/package.sh'
[0.894s] INFO:colcon.colcon_core.shell:Creating package script '/home/rahul/Desktop/riggu_ws/install/robot_pkg/share/robot_pkg/package.bash'
[0.894s] INFO:colcon.colcon_core.shell:Creating package script '/home/rahul/Desktop/riggu_ws/install/robot_pkg/share/robot_pkg/package.zsh'
[0.894s] Level 1:colcon.colcon_core.environment:create_file_with_runtime_dependencies(/home/rahul/Desktop/riggu_ws/install/robot_pkg/share/colcon-core/packages/robot_pkg)
[0.910s] Level 1:colcon.colcon_core.environment:create_environment_scripts_only(two_wheeled_robot)
[0.910s] Level 1:colcon.colcon_core.environment:checking '/home/rahul/Desktop/riggu_ws/install/two_wheeled_robot' for CMake module files
[0.910s] Level 1:colcon.colcon_core.environment:checking '/home/rahul/Desktop/riggu_ws/install/two_wheeled_robot' for CMake config files
[0.920s] Level 1:colcon.colcon_core.shell:create_environment_hook('two_wheeled_robot', 'cmake_prefix_path')
[0.920s] INFO:colcon.colcon_core.shell:Creating environment hook '/home/rahul/Desktop/riggu_ws/install/two_wheeled_robot/share/two_wheeled_robot/hook/cmake_prefix_path.ps1'
[0.920s] INFO:colcon.colcon_core.shell:Creating environment descriptor '/home/rahul/Desktop/riggu_ws/install/two_wheeled_robot/share/two_wheeled_robot/hook/cmake_prefix_path.dsv'
[0.921s] INFO:colcon.colcon_core.shell:Creating environment hook '/home/rahul/Desktop/riggu_ws/install/two_wheeled_robot/share/two_wheeled_robot/hook/cmake_prefix_path.sh'
[0.921s] Level 1:colcon.colcon_core.environment:checking '/home/rahul/Desktop/riggu_ws/install/two_wheeled_robot/lib'
[0.921s] Level 1:colcon.colcon_core.environment:checking '/home/rahul/Desktop/riggu_ws/install/two_wheeled_robot/bin'
[0.921s] Level 1:colcon.colcon_core.environment:checking '/home/rahul/Desktop/riggu_ws/install/two_wheeled_robot/lib/pkgconfig/two_wheeled_robot.pc'
[0.921s] Level 1:colcon.colcon_core.environment:checking '/home/rahul/Desktop/riggu_ws/install/two_wheeled_robot/lib/python3.10/site-packages'
[0.921s] Level 1:colcon.colcon_core.environment:checking '/home/rahul/Desktop/riggu_ws/install/two_wheeled_robot/bin'
[0.921s] INFO:colcon.colcon_core.shell:Creating package script '/home/rahul/Desktop/riggu_ws/install/two_wheeled_robot/share/two_wheeled_robot/package.ps1'
[0.922s] INFO:colcon.colcon_core.shell:Creating package descriptor '/home/rahul/Desktop/riggu_ws/install/two_wheeled_robot/share/two_wheeled_robot/package.dsv'
[0.922s] INFO:colcon.colcon_core.shell:Creating package script '/home/rahul/Desktop/riggu_ws/install/two_wheeled_robot/share/two_wheeled_robot/package.sh'
[0.922s] INFO:colcon.colcon_core.shell:Creating package script '/home/rahul/Desktop/riggu_ws/install/two_wheeled_robot/share/two_wheeled_robot/package.bash'
[0.922s] INFO:colcon.colcon_core.shell:Creating package script '/home/rahul/Desktop/riggu_ws/install/two_wheeled_robot/share/two_wheeled_robot/package.zsh'
[0.922s] Level 1:colcon.colcon_core.environment:create_file_with_runtime_dependencies(/home/rahul/Desktop/riggu_ws/install/two_wheeled_robot/share/colcon-core/packages/two_wheeled_robot)
[0.922s] DEBUG:colcon.colcon_parallel_executor.executor.parallel:closing loop
[0.923s] DEBUG:colcon.colcon_parallel_executor.executor.parallel:loop closed
[0.923s] DEBUG:colcon.colcon_parallel_executor.executor.parallel:run_until_complete finished with '0'
[0.923s] DEBUG:colcon.colcon_core.event_reactor:joining thread
[0.926s] INFO:colcon.colcon_core.plugin_system:Skipping extension 'colcon_notification.desktop_notification.notify_send': Could not find 'notify-send'
[0.926s] INFO:colcon.colcon_core.plugin_system:Skipping extension 'colcon_notification.desktop_notification.terminal_notifier': Not used on non-Darwin systems
[0.926s] INFO:colcon.colcon_core.plugin_system:Skipping extension 'colcon_notification.desktop_notification.win32': Not used on non-Windows systems
[0.926s] INFO:colcon.colcon_notification.desktop_notification:Sending desktop notification using 'notify2'
[0.935s] DEBUG:colcon.colcon_core.event_reactor:joined thread
[0.935s] INFO:colcon.colcon_core.shell:Creating prefix script '/home/rahul/Desktop/riggu_ws/install/local_setup.ps1'
[0.935s] INFO:colcon.colcon_core.shell:Creating prefix util module '/home/rahul/Desktop/riggu_ws/install/_local_setup_util_ps1.py'
[0.936s] INFO:colcon.colcon_core.shell:Creating prefix chain script '/home/rahul/Desktop/riggu_ws/install/setup.ps1'
[0.937s] INFO:colcon.colcon_core.shell:Creating prefix script '/home/rahul/Desktop/riggu_ws/install/local_setup.sh'
[0.937s] INFO:colcon.colcon_core.shell:Creating prefix util module '/home/rahul/Desktop/riggu_ws/install/_local_setup_util_sh.py'
[0.937s] INFO:colcon.colcon_core.shell:Creating prefix chain script '/home/rahul/Desktop/riggu_ws/install/setup.sh'
[0.938s] INFO:colcon.colcon_core.shell:Creating prefix script '/home/rahul/Desktop/riggu_ws/install/local_setup.bash'
[0.938s] INFO:colcon.colcon_core.shell:Creating prefix chain script '/home/rahul/Desktop/riggu_ws/install/setup.bash'
[0.939s] INFO:colcon.colcon_core.shell:Creating prefix script '/home/rahul/Desktop/riggu_ws/install/local_setup.zsh'
[0.939s] INFO:colcon.colcon_core.shell:Creating prefix chain script '/home/rahul/Desktop/riggu_ws/install/setup.zsh'
