-- Found ament_cmake: 1.3.10 (/opt/ros/humble/share/ament_cmake/cmake)
-- Override CMake install command with custom implementation using symlinks instead of copying resources
-- Found ament_lint_auto: 0.12.11 (/opt/ros/humble/share/ament_lint_auto/cmake)
-- Added test 'cppcheck' to perform static code analysis on C / C++ code
-- Configured cppcheck include dirs: 
-- Configured cppcheck exclude dirs and/or files: 
-- Added test 'flake8' to check Python code syntax and style conventions
-- Added test 'lint_cmake' to check CMake code style
-- Added test 'pep257' to check Python code against some of the docstring style conventions in PEP 257
-- Added test 'uncrustify' to check C / C++ code style
-- Configured uncrustify additional arguments: 
-- Added test 'xmllint' to check XML markup files
-- Configuring done
-- Generating done
-- Build files have been written to: /home/rahul/Desktop/riggu_ws/build/riggu_nav2
-- Install configuration: ""
-- Up-to-date: /home/rahul/Desktop/riggu_ws/install/riggu_nav2/share/riggu_nav2/launch
-- Installing: /home/rahul/Desktop/riggu_ws/install/riggu_nav2/share/riggu_nav2/launch/nav2_navigation_launch.py
-- Up-to-date: /home/rahul/Desktop/riggu_ws/install/riggu_nav2/share/riggu_nav2/launch/Nav2_final.launch.py
-- Up-to-date: /home/rahul/Desktop/riggu_ws/install/riggu_nav2/share/riggu_nav2/launch/riggu_final.launch.py
-- Up-to-date: /home/rahul/Desktop/riggu_ws/install/riggu_nav2/share/riggu_nav2/launch/riggu_simulation.launch.py
-- Up-to-date: /home/rahul/Desktop/riggu_ws/install/riggu_nav2/share/riggu_nav2/launch/riggu.launch.py
-- Up-to-date: /home/rahul/Desktop/riggu_ws/install/riggu_nav2/share/riggu_nav2/urdf
-- Up-to-date: /home/rahul/Desktop/riggu_ws/install/riggu_nav2/share/riggu_nav2/urdf/riggu_simulation.urdf
-- Up-to-date: /home/rahul/Desktop/riggu_ws/install/riggu_nav2/share/riggu_nav2/urdf/riggu_urdf1.urdf
-- Up-to-date: /home/rahul/Desktop/riggu_ws/install/riggu_nav2/share/riggu_nav2/urdf/riggu_final.urdf
-- Up-to-date: /home/rahul/Desktop/riggu_ws/install/riggu_nav2/share/riggu_nav2/urdf/riggu_urdf.urdf
-- Up-to-date: /home/rahul/Desktop/riggu_ws/install/riggu_nav2/share/riggu_nav2/worlds
-- Up-to-date: /home/rahul/Desktop/riggu_ws/install/riggu_nav2/share/riggu_nav2/worlds/empty.world
-- Up-to-date: /home/rahul/Desktop/riggu_ws/install/riggu_nav2/share/riggu_nav2/rviz
-- Up-to-date: /home/rahul/Desktop/riggu_ws/install/riggu_nav2/share/riggu_nav2/rviz/urdf_config.rviz
-- Up-to-date: /home/rahul/Desktop/riggu_ws/install/riggu_nav2/share/riggu_nav2/config
-- Up-to-date: /home/rahul/Desktop/riggu_ws/install/riggu_nav2/share/riggu_nav2/config/laser_scan.yaml
-- Up-to-date: /home/rahul/Desktop/riggu_ws/install/riggu_nav2/share/riggu_nav2/config/mapper_params_online_async.yaml
-- Up-to-date: /home/rahul/Desktop/riggu_ws/install/riggu_nav2/share/riggu_nav2/config/ekf.yaml
-- Up-to-date: /home/rahul/Desktop/riggu_ws/install/riggu_nav2/lib/riggu_nav2/joy.py
-- Up-to-date: /home/rahul/Desktop/riggu_ws/install/riggu_nav2/lib/riggu_nav2/bot_vel_pub.py
-- Up-to-date: /home/rahul/Desktop/riggu_ws/install/riggu_nav2/lib/riggu_nav2/pid_control.py
-- Up-to-date: /home/rahul/Desktop/riggu_ws/install/riggu_nav2/lib/riggu_nav2/pid_vel.py
-- Execute custom install script
-- Up-to-date symlink: /home/rahul/Desktop/riggu_ws/install/riggu_nav2/share/ament_index/resource_index/package_run_dependencies/riggu_nav2
-- Up-to-date symlink: /home/rahul/Desktop/riggu_ws/install/riggu_nav2/share/ament_index/resource_index/parent_prefix_path/riggu_nav2
-- Up-to-date symlink: /home/rahul/Desktop/riggu_ws/install/riggu_nav2/share/riggu_nav2/environment/ament_prefix_path.sh
-- Up-to-date symlink: /home/rahul/Desktop/riggu_ws/install/riggu_nav2/share/riggu_nav2/environment/ament_prefix_path.dsv
-- Up-to-date symlink: /home/rahul/Desktop/riggu_ws/install/riggu_nav2/share/riggu_nav2/environment/path.sh
-- Up-to-date symlink: /home/rahul/Desktop/riggu_ws/install/riggu_nav2/share/riggu_nav2/environment/path.dsv
-- Up-to-date symlink: /home/rahul/Desktop/riggu_ws/install/riggu_nav2/share/riggu_nav2/local_setup.bash
-- Up-to-date symlink: /home/rahul/Desktop/riggu_ws/install/riggu_nav2/share/riggu_nav2/local_setup.sh
-- Up-to-date symlink: /home/rahul/Desktop/riggu_ws/install/riggu_nav2/share/riggu_nav2/local_setup.zsh
-- Up-to-date symlink: /home/rahul/Desktop/riggu_ws/install/riggu_nav2/share/riggu_nav2/local_setup.dsv
-- Up-to-date symlink: /home/rahul/Desktop/riggu_ws/install/riggu_nav2/share/riggu_nav2/package.dsv
-- Up-to-date symlink: /home/rahul/Desktop/riggu_ws/install/riggu_nav2/share/ament_index/resource_index/packages/riggu_nav2
-- Up-to-date symlink: /home/rahul/Desktop/riggu_ws/install/riggu_nav2/share/riggu_nav2/cmake/riggu_nav2Config.cmake
-- Up-to-date symlink: /home/rahul/Desktop/riggu_ws/install/riggu_nav2/share/riggu_nav2/cmake/riggu_nav2Config-version.cmake
-- Up-to-date symlink: /home/rahul/Desktop/riggu_ws/install/riggu_nav2/share/riggu_nav2/package.xml
