[0.170s] Invoking command in '/home/rahul/Desktop/riggu_ws/build/riggu_nav2': CMAKE_PREFIX_PATH=${CMAKE_PREFIX_PATH}:/home/rahul/lifecyle_ws/install/lifecycle:/home/rahul/Desktop/riggu_ws/install/robot_pkg:/home/rahul/Desktop/riggu_ws/install/riggu_nav2:/home/rahul/Desktop/riggu_ws/install/hagen_control:/opt/ros/humble /usr/bin/cmake /home/rahul/Desktop/riggu_ws/src/riggu_nav2 -DCMAKE_INSTALL_PREFIX=/home/rahul/Desktop/riggu_ws/install/riggu_nav2
[0.332s] -- Found ament_cmake: 1.3.10 (/opt/ros/humble/share/ament_cmake/cmake)
[0.333s] -- Override CMake install command with custom implementation using symlinks instead of copying resources
[0.333s] -- Found ament_lint_auto: 0.12.11 (/opt/ros/humble/share/ament_lint_auto/cmake)
[0.340s] -- Added test 'cppcheck' to perform static code analysis on C / C++ code
[0.341s] -- Configured cppcheck include dirs: 
[0.341s] -- Configured cppcheck exclude dirs and/or files: 
[0.341s] -- Added test 'flake8' to check Python code syntax and style conventions
[0.343s] -- Added test 'lint_cmake' to check CMake code style
[0.343s] -- Added test 'pep257' to check Python code against some of the docstring style conventions in PEP 257
[0.348s] -- Added test 'uncrustify' to check C / C++ code style
[0.348s] -- Configured uncrustify additional arguments: 
[0.349s] -- Added test 'xmllint' to check XML markup files
[0.350s] -- Configuring done
[0.353s] -- Generating done
[0.354s] -- Build files have been written to: /home/rahul/Desktop/riggu_ws/build/riggu_nav2
[0.356s] Invoked command in '/home/rahul/Desktop/riggu_ws/build/riggu_nav2' returned '0': CMAKE_PREFIX_PATH=${CMAKE_PREFIX_PATH}:/home/rahul/lifecyle_ws/install/lifecycle:/home/rahul/Desktop/riggu_ws/install/robot_pkg:/home/rahul/Desktop/riggu_ws/install/riggu_nav2:/home/rahul/Desktop/riggu_ws/install/hagen_control:/opt/ros/humble /usr/bin/cmake /home/rahul/Desktop/riggu_ws/src/riggu_nav2 -DCMAKE_INSTALL_PREFIX=/home/rahul/Desktop/riggu_ws/install/riggu_nav2
[0.358s] Invoking command in '/home/rahul/Desktop/riggu_ws/build/riggu_nav2': CMAKE_PREFIX_PATH=${CMAKE_PREFIX_PATH}:/home/rahul/lifecyle_ws/install/lifecycle:/home/rahul/Desktop/riggu_ws/install/robot_pkg:/home/rahul/Desktop/riggu_ws/install/riggu_nav2:/home/rahul/Desktop/riggu_ws/install/hagen_control:/opt/ros/humble /usr/bin/cmake --build /home/rahul/Desktop/riggu_ws/build/riggu_nav2 -- -j16 -l16
[0.386s] Invoked command in '/home/rahul/Desktop/riggu_ws/build/riggu_nav2' returned '0': CMAKE_PREFIX_PATH=${CMAKE_PREFIX_PATH}:/home/rahul/lifecyle_ws/install/lifecycle:/home/rahul/Desktop/riggu_ws/install/robot_pkg:/home/rahul/Desktop/riggu_ws/install/riggu_nav2:/home/rahul/Desktop/riggu_ws/install/hagen_control:/opt/ros/humble /usr/bin/cmake --build /home/rahul/Desktop/riggu_ws/build/riggu_nav2 -- -j16 -l16
[0.414s] Invoking command in '/home/rahul/Desktop/riggu_ws/build/riggu_nav2': CMAKE_PREFIX_PATH=${CMAKE_PREFIX_PATH}:/home/rahul/lifecyle_ws/install/lifecycle:/home/rahul/Desktop/riggu_ws/install/robot_pkg:/home/rahul/Desktop/riggu_ws/install/riggu_nav2:/home/rahul/Desktop/riggu_ws/install/hagen_control:/opt/ros/humble /usr/bin/cmake --install /home/rahul/Desktop/riggu_ws/build/riggu_nav2
[0.422s] -- Install configuration: ""
[0.422s] -- Up-to-date: /home/rahul/Desktop/riggu_ws/install/riggu_nav2/share/riggu_nav2/launch
[0.422s] -- Installing: /home/rahul/Desktop/riggu_ws/install/riggu_nav2/share/riggu_nav2/launch/nav2_navigation_launch.py
[0.422s] -- Up-to-date: /home/rahul/Desktop/riggu_ws/install/riggu_nav2/share/riggu_nav2/launch/Nav2_final.launch.py
[0.422s] -- Up-to-date: /home/rahul/Desktop/riggu_ws/install/riggu_nav2/share/riggu_nav2/launch/riggu_final.launch.py
[0.422s] -- Up-to-date: /home/rahul/Desktop/riggu_ws/install/riggu_nav2/share/riggu_nav2/launch/riggu_simulation.launch.py
[0.422s] -- Up-to-date: /home/rahul/Desktop/riggu_ws/install/riggu_nav2/share/riggu_nav2/launch/riggu.launch.py
[0.422s] -- Up-to-date: /home/rahul/Desktop/riggu_ws/install/riggu_nav2/share/riggu_nav2/urdf
[0.422s] -- Up-to-date: /home/rahul/Desktop/riggu_ws/install/riggu_nav2/share/riggu_nav2/urdf/riggu_simulation.urdf
[0.423s] -- Up-to-date: /home/rahul/Desktop/riggu_ws/install/riggu_nav2/share/riggu_nav2/urdf/riggu_urdf1.urdf
[0.423s] -- Up-to-date: /home/rahul/Desktop/riggu_ws/install/riggu_nav2/share/riggu_nav2/urdf/riggu_final.urdf
[0.423s] -- Up-to-date: /home/rahul/Desktop/riggu_ws/install/riggu_nav2/share/riggu_nav2/urdf/riggu_urdf.urdf
[0.423s] -- Up-to-date: /home/rahul/Desktop/riggu_ws/install/riggu_nav2/share/riggu_nav2/worlds
[0.423s] -- Up-to-date: /home/rahul/Desktop/riggu_ws/install/riggu_nav2/share/riggu_nav2/worlds/empty.world
[0.423s] -- Up-to-date: /home/rahul/Desktop/riggu_ws/install/riggu_nav2/share/riggu_nav2/rviz
[0.423s] -- Up-to-date: /home/rahul/Desktop/riggu_ws/install/riggu_nav2/share/riggu_nav2/rviz/urdf_config.rviz
[0.423s] -- Up-to-date: /home/rahul/Desktop/riggu_ws/install/riggu_nav2/share/riggu_nav2/config
[0.423s] -- Up-to-date: /home/rahul/Desktop/riggu_ws/install/riggu_nav2/share/riggu_nav2/config/laser_scan.yaml
[0.423s] -- Up-to-date: /home/rahul/Desktop/riggu_ws/install/riggu_nav2/share/riggu_nav2/config/mapper_params_online_async.yaml
[0.423s] -- Up-to-date: /home/rahul/Desktop/riggu_ws/install/riggu_nav2/share/riggu_nav2/config/ekf.yaml
[0.423s] -- Up-to-date: /home/rahul/Desktop/riggu_ws/install/riggu_nav2/lib/riggu_nav2/joy.py
[0.424s] -- Up-to-date: /home/rahul/Desktop/riggu_ws/install/riggu_nav2/lib/riggu_nav2/bot_vel_pub.py
[0.424s] -- Up-to-date: /home/rahul/Desktop/riggu_ws/install/riggu_nav2/lib/riggu_nav2/pid_control.py
[0.424s] -- Up-to-date: /home/rahul/Desktop/riggu_ws/install/riggu_nav2/lib/riggu_nav2/pid_vel.py
[0.424s] -- Execute custom install script
[0.424s] -- Up-to-date symlink: /home/rahul/Desktop/riggu_ws/install/riggu_nav2/share/ament_index/resource_index/package_run_dependencies/riggu_nav2
[0.424s] -- Up-to-date symlink: /home/rahul/Desktop/riggu_ws/install/riggu_nav2/share/ament_index/resource_index/parent_prefix_path/riggu_nav2
[0.424s] -- Up-to-date symlink: /home/rahul/Desktop/riggu_ws/install/riggu_nav2/share/riggu_nav2/environment/ament_prefix_path.sh
[0.424s] -- Up-to-date symlink: /home/rahul/Desktop/riggu_ws/install/riggu_nav2/share/riggu_nav2/environment/ament_prefix_path.dsv
[0.424s] -- Up-to-date symlink: /home/rahul/Desktop/riggu_ws/install/riggu_nav2/share/riggu_nav2/environment/path.sh
[0.424s] -- Up-to-date symlink: /home/rahul/Desktop/riggu_ws/install/riggu_nav2/share/riggu_nav2/environment/path.dsv
[0.424s] -- Up-to-date symlink: /home/rahul/Desktop/riggu_ws/install/riggu_nav2/share/riggu_nav2/local_setup.bash
[0.425s] -- Up-to-date symlink: /home/rahul/Desktop/riggu_ws/install/riggu_nav2/share/riggu_nav2/local_setup.sh
[0.425s] -- Up-to-date symlink: /home/rahul/Desktop/riggu_ws/install/riggu_nav2/share/riggu_nav2/local_setup.zsh
[0.425s] -- Up-to-date symlink: /home/rahul/Desktop/riggu_ws/install/riggu_nav2/share/riggu_nav2/local_setup.dsv
[0.425s] -- Up-to-date symlink: /home/rahul/Desktop/riggu_ws/install/riggu_nav2/share/riggu_nav2/package.dsv
[0.425s] -- Up-to-date symlink: /home/rahul/Desktop/riggu_ws/install/riggu_nav2/share/ament_index/resource_index/packages/riggu_nav2
[0.425s] -- Up-to-date symlink: /home/rahul/Desktop/riggu_ws/install/riggu_nav2/share/riggu_nav2/cmake/riggu_nav2Config.cmake
[0.425s] -- Up-to-date symlink: /home/rahul/Desktop/riggu_ws/install/riggu_nav2/share/riggu_nav2/cmake/riggu_nav2Config-version.cmake
[0.425s] -- Up-to-date symlink: /home/rahul/Desktop/riggu_ws/install/riggu_nav2/share/riggu_nav2/package.xml
[0.427s] Invoked command in '/home/rahul/Desktop/riggu_ws/build/riggu_nav2' returned '0': CMAKE_PREFIX_PATH=${CMAKE_PREFIX_PATH}:/home/rahul/lifecyle_ws/install/lifecycle:/home/rahul/Desktop/riggu_ws/install/robot_pkg:/home/rahul/Desktop/riggu_ws/install/riggu_nav2:/home/rahul/Desktop/riggu_ws/install/hagen_control:/opt/ros/humble /usr/bin/cmake --install /home/rahul/Desktop/riggu_ws/build/riggu_nav2
