[0.328s] Invoking command in '/home/rahul/Desktop/riggu_ws/build/rplidar_ros': CMAKE_PREFIX_PATH=${CMAKE_PREFIX_PATH}:/home/rahul/Desktop/riggu_ws/install/robot_pkg:/opt/ros/humble /usr/bin/cmake --build /home/rahul/Desktop/riggu_ws/build/rplidar_ros -- -j16 -l16
[0.389s] [  5%] Built target rplidar_client
[0.392s] [ 52%] Built target rplidar_node
[0.399s] [100%] Built target rplidar_composition
[0.414s] Invoked command in '/home/rahul/Desktop/riggu_ws/build/rplidar_ros' returned '0': CMAKE_PREFIX_PATH=${CMAKE_PREFIX_PATH}:/home/rahul/Desktop/riggu_ws/install/robot_pkg:/opt/ros/humble /usr/bin/cmake --build /home/rahul/Desktop/riggu_ws/build/rplidar_ros -- -j16 -l16
[0.476s] Invoking command in '/home/rahul/Desktop/riggu_ws/build/rplidar_ros': CMAKE_PREFIX_PATH=${CMAKE_PREFIX_PATH}:/home/rahul/Desktop/riggu_ws/install/robot_pkg:/opt/ros/humble /usr/bin/cmake --install /home/rahul/Desktop/riggu_ws/build/rplidar_ros
[0.484s] -- Install configuration: ""
[0.485s] -- Execute custom install script
[0.486s] -- Up-to-date symlink: /home/rahul/Desktop/riggu_ws/install/rplidar_ros/share/rplidar_ros/launch/rplidar_a1_launch.py
[0.486s] -- Up-to-date symlink: /home/rahul/Desktop/riggu_ws/install/rplidar_ros/share/rplidar_ros/launch/rplidar_a2m12_launch.py
[0.486s] -- Up-to-date symlink: /home/rahul/Desktop/riggu_ws/install/rplidar_ros/share/rplidar_ros/launch/rplidar_a2m7_launch.py
[0.486s] -- Up-to-date symlink: /home/rahul/Desktop/riggu_ws/install/rplidar_ros/share/rplidar_ros/launch/rplidar_a2m8_launch.py
[0.487s] -- Up-to-date symlink: /home/rahul/Desktop/riggu_ws/install/rplidar_ros/share/rplidar_ros/launch/rplidar_a3_launch.py
[0.487s] -- Up-to-date symlink: /home/rahul/Desktop/riggu_ws/install/rplidar_ros/share/rplidar_ros/launch/rplidar_c1_launch.py
[0.487s] -- Up-to-date symlink: /home/rahul/Desktop/riggu_ws/install/rplidar_ros/share/rplidar_ros/launch/rplidar_s1_launch.py
[0.487s] -- Up-to-date symlink: /home/rahul/Desktop/riggu_ws/install/rplidar_ros/share/rplidar_ros/launch/rplidar_s1_tcp_launch.py
[0.487s] -- Up-to-date symlink: /home/rahul/Desktop/riggu_ws/install/rplidar_ros/share/rplidar_ros/launch/rplidar_s2_launch.py
[0.488s] -- Up-to-date symlink: /home/rahul/Desktop/riggu_ws/install/rplidar_ros/share/rplidar_ros/launch/rplidar_s2e_launch.py
[0.488s] -- Up-to-date symlink: /home/rahul/Desktop/riggu_ws/install/rplidar_ros/share/rplidar_ros/launch/rplidar_s3_launch.py
[0.488s] -- Up-to-date symlink: /home/rahul/Desktop/riggu_ws/install/rplidar_ros/share/rplidar_ros/launch/rplidar_t1_launch.py
[0.488s] -- Up-to-date symlink: /home/rahul/Desktop/riggu_ws/install/rplidar_ros/share/rplidar_ros/launch/view_rplidar_a1_launch.py
[0.488s] -- Up-to-date symlink: /home/rahul/Desktop/riggu_ws/install/rplidar_ros/share/rplidar_ros/launch/view_rplidar_a2m12_launch.py
[0.488s] -- Up-to-date symlink: /home/rahul/Desktop/riggu_ws/install/rplidar_ros/share/rplidar_ros/launch/view_rplidar_a2m7_launch.py
[0.489s] -- Up-to-date symlink: /home/rahul/Desktop/riggu_ws/install/rplidar_ros/share/rplidar_ros/launch/view_rplidar_a2m8_launch.py
[0.489s] -- Up-to-date symlink: /home/rahul/Desktop/riggu_ws/install/rplidar_ros/share/rplidar_ros/launch/view_rplidar_a3_launch.py
[0.489s] -- Up-to-date symlink: /home/rahul/Desktop/riggu_ws/install/rplidar_ros/share/rplidar_ros/launch/view_rplidar_c1_launch.py
[0.489s] -- Up-to-date symlink: /home/rahul/Desktop/riggu_ws/install/rplidar_ros/share/rplidar_ros/launch/view_rplidar_s1_launch.py
[0.489s] -- Up-to-date symlink: /home/rahul/Desktop/riggu_ws/install/rplidar_ros/share/rplidar_ros/launch/view_rplidar_s1_tcp_launch.py
[0.489s] -- Up-to-date symlink: /home/rahul/Desktop/riggu_ws/install/rplidar_ros/share/rplidar_ros/launch/view_rplidar_s2_launch.py
[0.490s] -- Up-to-date symlink: /home/rahul/Desktop/riggu_ws/install/rplidar_ros/share/rplidar_ros/launch/view_rplidar_s2e_launch.py
[0.490s] -- Up-to-date symlink: /home/rahul/Desktop/riggu_ws/install/rplidar_ros/share/rplidar_ros/launch/view_rplidar_s3_launch.py
[0.490s] -- Up-to-date symlink: /home/rahul/Desktop/riggu_ws/install/rplidar_ros/share/rplidar_ros/launch/view_rplidar_t1_launch.py
[0.490s] -- Up-to-date symlink: /home/rahul/Desktop/riggu_ws/install/rplidar_ros/share/rplidar_ros/rviz/rplidar_ros.rviz
[0.490s] -- Up-to-date symlink: /home/rahul/Desktop/riggu_ws/install/rplidar_ros/lib/rplidar_ros/rplidar_node
[0.491s] -- Up-to-date symlink: /home/rahul/Desktop/riggu_ws/install/rplidar_ros/lib/rplidar_ros/rplidar_composition
[0.491s] -- Up-to-date symlink: /home/rahul/Desktop/riggu_ws/install/rplidar_ros/lib/rplidar_ros/rplidar_client
[0.491s] -- Up-to-date symlink: /home/rahul/Desktop/riggu_ws/install/rplidar_ros/share/ament_index/resource_index/package_run_dependencies/rplidar_ros
[0.491s] -- Up-to-date symlink: /home/rahul/Desktop/riggu_ws/install/rplidar_ros/share/ament_index/resource_index/parent_prefix_path/rplidar_ros
[0.492s] -- Up-to-date symlink: /home/rahul/Desktop/riggu_ws/install/rplidar_ros/share/rplidar_ros/environment/ament_prefix_path.sh
[0.492s] -- Up-to-date symlink: /home/rahul/Desktop/riggu_ws/install/rplidar_ros/share/rplidar_ros/environment/ament_prefix_path.dsv
[0.492s] -- Up-to-date symlink: /home/rahul/Desktop/riggu_ws/install/rplidar_ros/share/rplidar_ros/environment/path.sh
[0.492s] -- Up-to-date symlink: /home/rahul/Desktop/riggu_ws/install/rplidar_ros/share/rplidar_ros/environment/path.dsv
[0.492s] -- Up-to-date symlink: /home/rahul/Desktop/riggu_ws/install/rplidar_ros/share/rplidar_ros/local_setup.bash
[0.493s] -- Up-to-date symlink: /home/rahul/Desktop/riggu_ws/install/rplidar_ros/share/rplidar_ros/local_setup.sh
[0.493s] -- Up-to-date symlink: /home/rahul/Desktop/riggu_ws/install/rplidar_ros/share/rplidar_ros/local_setup.zsh
[0.493s] -- Up-to-date symlink: /home/rahul/Desktop/riggu_ws/install/rplidar_ros/share/rplidar_ros/local_setup.dsv
[0.493s] -- Symlinking: /home/rahul/Desktop/riggu_ws/install/rplidar_ros/share/rplidar_ros/package.dsv
[0.504s] -- Up-to-date symlink: /home/rahul/Desktop/riggu_ws/install/rplidar_ros/share/ament_index/resource_index/packages/rplidar_ros
[0.504s] -- Up-to-date symlink: /home/rahul/Desktop/riggu_ws/install/rplidar_ros/share/rplidar_ros/cmake/ament_cmake_export_dependencies-extras.cmake
[0.505s] -- Up-to-date symlink: /home/rahul/Desktop/riggu_ws/install/rplidar_ros/share/rplidar_ros/cmake/ament_cmake_export_include_directories-extras.cmake
[0.505s] -- Up-to-date symlink: /home/rahul/Desktop/riggu_ws/install/rplidar_ros/share/rplidar_ros/cmake/rplidar_rosConfig.cmake
[0.505s] -- Up-to-date symlink: /home/rahul/Desktop/riggu_ws/install/rplidar_ros/share/rplidar_ros/cmake/rplidar_rosConfig-version.cmake
[0.505s] -- Up-to-date symlink: /home/rahul/Desktop/riggu_ws/install/rplidar_ros/share/rplidar_ros/package.xml
[0.509s] Invoked command in '/home/rahul/Desktop/riggu_ws/build/rplidar_ros' returned '0': CMAKE_PREFIX_PATH=${CMAKE_PREFIX_PATH}:/home/rahul/Desktop/riggu_ws/install/robot_pkg:/opt/ros/humble /usr/bin/cmake --install /home/rahul/Desktop/riggu_ws/build/rplidar_ros
