-- Install configuration: ""
-- Execute custom install script
-- Up-to-date symlink: /home/rahul/Desktop/riggu_ws/install/hagen_gazebo1/share/hagen_gazebo1//launch/hagen.launch.py
-- Up-to-date symlink: /home/rahul/Desktop/riggu_ws/install/hagen_gazebo1/share/hagen_gazebo1//models/casual_female/materials/textures/brown_eye.png
-- Up-to-date symlink: /home/rahul/Desktop/riggu_ws/install/hagen_gazebo1/share/hagen_gazebo1//models/casual_female/materials/textures/casual_female.png
-- Up-to-date symlink: /home/rahul/Desktop/riggu_ws/install/hagen_gazebo1/share/hagen_gazebo1//models/casual_female/materials/textures/eyebrow002.png
-- Up-to-date symlink: /home/rahul/Desktop/riggu_ws/install/hagen_gazebo1/share/hagen_gazebo1//models/casual_female/materials/textures/eyelashes01.png
-- Up-to-date symlink: /home/rahul/Desktop/riggu_ws/install/hagen_gazebo1/share/hagen_gazebo1//models/casual_female/materials/textures/female_casualsuit01_diffuse.png
-- Up-to-date symlink: /home/rahul/Desktop/riggu_ws/install/hagen_gazebo1/share/hagen_gazebo1//models/casual_female/materials/textures/female_casualsuit01_normal.png
-- Up-to-date symlink: /home/rahul/Desktop/riggu_ws/install/hagen_gazebo1/share/hagen_gazebo1//models/casual_female/materials/textures/female_casualsuit02_diffuse.png
-- Up-to-date symlink: /home/rahul/Desktop/riggu_ws/install/hagen_gazebo1/share/hagen_gazebo1//models/casual_female/materials/textures/female_casualsuit02_normal.png
-- Up-to-date symlink: /home/rahul/Desktop/riggu_ws/install/hagen_gazebo1/share/hagen_gazebo1//models/casual_female/materials/textures/ponytail01_diffuse.png
-- Up-to-date symlink: /home/rahul/Desktop/riggu_ws/install/hagen_gazebo1/share/hagen_gazebo1//models/casual_female/materials/textures/shoes05_diffuse.png
-- Up-to-date symlink: /home/rahul/Desktop/riggu_ws/install/hagen_gazebo1/share/hagen_gazebo1//models/casual_female/materials/textures/tongue01_diffuse.png
-- Up-to-date symlink: /home/rahul/Desktop/riggu_ws/install/hagen_gazebo1/share/hagen_gazebo1//models/casual_female/materials/textures/young_lightskinned_female_diffuse.png
-- Up-to-date symlink: /home/rahul/Desktop/riggu_ws/install/hagen_gazebo1/share/hagen_gazebo1//models/casual_female/meshes/casual_female.dae
-- Up-to-date symlink: /home/rahul/Desktop/riggu_ws/install/hagen_gazebo1/share/hagen_gazebo1//models/casual_female/model.config
-- Up-to-date symlink: /home/rahul/Desktop/riggu_ws/install/hagen_gazebo1/share/hagen_gazebo1//models/casual_female/model.sdf
-- Up-to-date symlink: /home/rahul/Desktop/riggu_ws/install/hagen_gazebo1/share/hagen_gazebo1//models/casual_female/thumbnails/1.png
-- Up-to-date symlink: /home/rahul/Desktop/riggu_ws/install/hagen_gazebo1/share/hagen_gazebo1//models/casual_female/thumbnails/2.png
-- Up-to-date symlink: /home/rahul/Desktop/riggu_ws/install/hagen_gazebo1/share/hagen_gazebo1//models/casual_female/thumbnails/3.png
-- Up-to-date symlink: /home/rahul/Desktop/riggu_ws/install/hagen_gazebo1/share/hagen_gazebo1//models/casual_female/thumbnails/4.png
-- Up-to-date symlink: /home/rahul/Desktop/riggu_ws/install/hagen_gazebo1/share/hagen_gazebo1//models/casual_female/thumbnails/5.png
-- Up-to-date symlink: /home/rahul/Desktop/riggu_ws/install/hagen_gazebo1/share/hagen_gazebo1//models/city_terrain/materials/textures/city_terrain (original).jpg
-- Up-to-date symlink: /home/rahul/Desktop/riggu_ws/install/hagen_gazebo1/share/hagen_gazebo1//models/city_terrain/materials/textures/city_terrain.jpg
-- Up-to-date symlink: /home/rahul/Desktop/riggu_ws/install/hagen_gazebo1/share/hagen_gazebo1//models/city_terrain/materials/textures/forest.jpg
-- Up-to-date symlink: /home/rahul/Desktop/riggu_ws/install/hagen_gazebo1/share/hagen_gazebo1//models/city_terrain/model.config
-- Up-to-date symlink: /home/rahul/Desktop/riggu_ws/install/hagen_gazebo1/share/hagen_gazebo1//models/city_terrain/model.sdf
-- Up-to-date symlink: /home/rahul/Desktop/riggu_ws/install/hagen_gazebo1/share/hagen_gazebo1//models/hagen/materials/scripts/script.material
-- Up-to-date symlink: /home/rahul/Desktop/riggu_ws/install/hagen_gazebo1/share/hagen_gazebo1//models/hagen/materials/textures/sheep.jpg
-- Up-to-date symlink: /home/rahul/Desktop/riggu_ws/install/hagen_gazebo1/share/hagen_gazebo1//models/hagen/model.config
-- Up-to-date symlink: /home/rahul/Desktop/riggu_ws/install/hagen_gazebo1/share/hagen_gazebo1//models/hagen/model.sdf
-- Up-to-date symlink: /home/rahul/Desktop/riggu_ws/install/hagen_gazebo1/share/hagen_gazebo1//models/ocean/materials/programs/GLSL/Waves.frag
-- Up-to-date symlink: /home/rahul/Desktop/riggu_ws/install/hagen_gazebo1/share/hagen_gazebo1//models/ocean/materials/programs/GLSL/Waves.vert
-- Up-to-date symlink: /home/rahul/Desktop/riggu_ws/install/hagen_gazebo1/share/hagen_gazebo1//models/ocean/materials/scripts/ocean.material
-- Up-to-date symlink: /home/rahul/Desktop/riggu_ws/install/hagen_gazebo1/share/hagen_gazebo1//models/ocean/materials/textures/License and source soil_sand_0045_01.txt
-- Up-to-date symlink: /home/rahul/Desktop/riggu_ws/install/hagen_gazebo1/share/hagen_gazebo1//models/ocean/materials/textures/clouds.jpg
-- Up-to-date symlink: /home/rahul/Desktop/riggu_ws/install/hagen_gazebo1/share/hagen_gazebo1//models/ocean/materials/textures/clouds_bk.jpg
-- Up-to-date symlink: /home/rahul/Desktop/riggu_ws/install/hagen_gazebo1/share/hagen_gazebo1//models/ocean/materials/textures/clouds_dn.jpg
-- Up-to-date symlink: /home/rahul/Desktop/riggu_ws/install/hagen_gazebo1/share/hagen_gazebo1//models/ocean/materials/textures/clouds_fr.jpg
-- Up-to-date symlink: /home/rahul/Desktop/riggu_ws/install/hagen_gazebo1/share/hagen_gazebo1//models/ocean/materials/textures/clouds_lf.jpg
-- Up-to-date symlink: /home/rahul/Desktop/riggu_ws/install/hagen_gazebo1/share/hagen_gazebo1//models/ocean/materials/textures/clouds_rt.jpg
-- Up-to-date symlink: /home/rahul/Desktop/riggu_ws/install/hagen_gazebo1/share/hagen_gazebo1//models/ocean/materials/textures/clouds_up.jpg
-- Up-to-date symlink: /home/rahul/Desktop/riggu_ws/install/hagen_gazebo1/share/hagen_gazebo1//models/ocean/materials/textures/normals.dds
-- Up-to-date symlink: /home/rahul/Desktop/riggu_ws/install/hagen_gazebo1/share/hagen_gazebo1//models/ocean/materials/textures/soil_sand_0045_01.jpg
-- Up-to-date symlink: /home/rahul/Desktop/riggu_ws/install/hagen_gazebo1/share/hagen_gazebo1//models/ocean/mesh-simple.dae
-- Up-to-date symlink: /home/rahul/Desktop/riggu_ws/install/hagen_gazebo1/share/hagen_gazebo1//models/ocean/mesh.blend
-- Up-to-date symlink: /home/rahul/Desktop/riggu_ws/install/hagen_gazebo1/share/hagen_gazebo1//models/ocean/mesh.dae
-- Up-to-date symlink: /home/rahul/Desktop/riggu_ws/install/hagen_gazebo1/share/hagen_gazebo1//models/ocean/mesh_below.dae
-- Up-to-date symlink: /home/rahul/Desktop/riggu_ws/install/hagen_gazebo1/share/hagen_gazebo1//models/ocean/model.config
-- Up-to-date symlink: /home/rahul/Desktop/riggu_ws/install/hagen_gazebo1/share/hagen_gazebo1//models/ocean/model.sdf
-- Up-to-date symlink: /home/rahul/Desktop/riggu_ws/install/hagen_gazebo1/share/hagen_gazebo1//rviz/hagen_gazebo1.rviz
-- Up-to-date symlink: /home/rahul/Desktop/riggu_ws/install/hagen_gazebo1/share/hagen_gazebo1//worlds/hagen_city.world
-- Up-to-date symlink: /home/rahul/Desktop/riggu_ws/install/hagen_gazebo1/share/hagen_gazebo1//worlds/hagen_empty.world
-- Up-to-date symlink: /home/rahul/Desktop/riggu_ws/install/hagen_gazebo1/share/hagen_gazebo1/environment/hagen_gazebo1.sh
-- Up-to-date symlink: /home/rahul/Desktop/riggu_ws/install/hagen_gazebo1/share/hagen_gazebo1/environment/hagen_gazebo1.dsv
-- Up-to-date symlink: /home/rahul/Desktop/riggu_ws/install/hagen_gazebo1/share/ament_index/resource_index/package_run_dependencies/hagen_gazebo1
-- Up-to-date symlink: /home/rahul/Desktop/riggu_ws/install/hagen_gazebo1/share/ament_index/resource_index/parent_prefix_path/hagen_gazebo1
-- Up-to-date symlink: /home/rahul/Desktop/riggu_ws/install/hagen_gazebo1/share/hagen_gazebo1/environment/ament_prefix_path.sh
-- Up-to-date symlink: /home/rahul/Desktop/riggu_ws/install/hagen_gazebo1/share/hagen_gazebo1/environment/ament_prefix_path.dsv
-- Up-to-date symlink: /home/rahul/Desktop/riggu_ws/install/hagen_gazebo1/share/hagen_gazebo1/environment/path.sh
-- Up-to-date symlink: /home/rahul/Desktop/riggu_ws/install/hagen_gazebo1/share/hagen_gazebo1/environment/path.dsv
-- Up-to-date symlink: /home/rahul/Desktop/riggu_ws/install/hagen_gazebo1/share/hagen_gazebo1/local_setup.bash
-- Up-to-date symlink: /home/rahul/Desktop/riggu_ws/install/hagen_gazebo1/share/hagen_gazebo1/local_setup.sh
-- Up-to-date symlink: /home/rahul/Desktop/riggu_ws/install/hagen_gazebo1/share/hagen_gazebo1/local_setup.zsh
-- Up-to-date symlink: /home/rahul/Desktop/riggu_ws/install/hagen_gazebo1/share/hagen_gazebo1/local_setup.dsv
-- Up-to-date symlink: /home/rahul/Desktop/riggu_ws/install/hagen_gazebo1/share/hagen_gazebo1/package.dsv
-- Up-to-date symlink: /home/rahul/Desktop/riggu_ws/install/hagen_gazebo1/share/ament_index/resource_index/packages/hagen_gazebo1
-- Up-to-date symlink: /home/rahul/Desktop/riggu_ws/install/hagen_gazebo1/share/hagen_gazebo1/cmake/hagen_gazebo1Config.cmake
-- Up-to-date symlink: /home/rahul/Desktop/riggu_ws/install/hagen_gazebo1/share/hagen_gazebo1/cmake/hagen_gazebo1Config-version.cmake
-- Up-to-date symlink: /home/rahul/Desktop/riggu_ws/install/hagen_gazebo1/share/hagen_gazebo1/package.xml
