[0.177s] Invoking command in '/home/rahul/Desktop/riggu_ws/build/hagen_gazebo1': CMAKE_PREFIX_PATH=${CMAKE_PREFIX_PATH}:/home/rahul/Desktop/riggu_ws/install/robot_pkg:/home/rahul/Desktop/riggu_ws/install/hagen_control:/opt/ros/humble /usr/bin/cmake /home/rahul/Desktop/riggu_ws/src/autonomous_mobile_robots/hagen/hagen_gazebo1 -DAMENT_CMAKE_SYMLINK_INSTALL=1 -DCMAKE_INSTALL_PREFIX=/home/rahul/Desktop/riggu_ws/install/hagen_gazebo1
[0.352s] -- Found DART: /usr/include (Required is at least version "6.6") found components: dart 
[0.352s] -- Found Protobuf: /usr/lib/x86_64-linux-gnu/libprotobuf.so (found version "3.12.4") 
[0.352s] -- Looking for ignition-math6 -- found version 6.15.1
[0.352s] -- Searching for dependencies of ignition-math6
[0.352s] -- Looking for OGRE...
[0.352s] -- Found Ogre Ghadamon (1.9.0)
[0.352s] -- Found OGRE: optimized;/usr/lib/x86_64-linux-gnu/libOgreMain.so;debug;/usr/lib/x86_64-linux-gnu/libOgreMain.so
[0.352s] -- Looking for OGRE_Paging...
[0.352s] -- Found OGRE_Paging: optimized;/usr/lib/x86_64-linux-gnu/libOgrePaging.so;debug;/usr/lib/x86_64-linux-gnu/libOgrePaging.so
[0.352s] -- Looking for OGRE_Terrain...
[0.352s] -- Found OGRE_Terrain: optimized;/usr/lib/x86_64-linux-gnu/libOgreTerrain.so;debug;/usr/lib/x86_64-linux-gnu/libOgreTerrain.so
[0.352s] -- Looking for OGRE_Property...
[0.352s] -- Found OGRE_Property: optimized;/usr/lib/x86_64-linux-gnu/libOgreProperty.so;debug;/usr/lib/x86_64-linux-gnu/libOgreProperty.so
[0.352s] -- Looking for OGRE_RTShaderSystem...
[0.352s] -- Found OGRE_RTShaderSystem: optimized;/usr/lib/x86_64-linux-gnu/libOgreRTShaderSystem.so;debug;/usr/lib/x86_64-linux-gnu/libOgreRTShaderSystem.so
[0.352s] -- Looking for OGRE_Volume...
[0.352s] -- Found OGRE_Volume: optimized;/usr/lib/x86_64-linux-gnu/libOgreVolume.so;debug;/usr/lib/x86_64-linux-gnu/libOgreVolume.so
[0.352s] -- Looking for OGRE_Overlay...
[0.352s] -- Found OGRE_Overlay: optimized;/usr/lib/x86_64-linux-gnu/libOgreOverlay.so;debug;/usr/lib/x86_64-linux-gnu/libOgreOverlay.so
[0.352s] [33mCMake Warning (dev) at /usr/share/cmake-3.22/Modules/FindPackageHandleStandardArgs.cmake:438 (message):
[0.353s]   The package name passed to `find_package_handle_standard_args` (PkgConfig)
[0.353s]   does not match the name of the calling package (gazebo).  This can lead to
[0.353s]   problems in calling code that expects `find_package` result variables
[0.353s]   (e.g., `_FOUND`) to follow a certain pattern.
[0.353s] Call Stack (most recent call first):
[0.353s]   /usr/share/cmake-3.22/Modules/FindPkgConfig.cmake:99 (find_package_handle_standard_args)
[0.353s]   /usr/lib/x86_64-linux-gnu/cmake/gazebo/gazebo-config.cmake:72 (include)
[0.353s]   CMakeLists.txt:6 (find_package)
[0.353s] This warning is for project developers.  Use -Wno-dev to suppress it.
[0.353s] [0m
[0.356s] -- Looking for ignition-math6 -- found version 6.15.1
[0.356s] -- Looking for ignition-transport8 -- found version 8.2.1
[0.356s] -- Searching for dependencies of ignition-transport8
[0.369s] -- Found Protobuf: /usr/lib/x86_64-linux-gnu/libprotobuf.so (found suitable version "3.12.4", minimum required is "3") 
[0.377s] -- Config-file not installed for ZeroMQ -- checking for pkg-config
[0.380s] -- Checking for module 'libzmq >= 4'
[0.393s] --   Found libzmq , version 4.3.4
[0.430s] -- Checking for module 'uuid'
[0.442s] --   Found uuid, version 2.37.2
[0.472s] -- Looking for ignition-msgs5 -- found version 5.8.1
[0.473s] -- Searching for dependencies of ignition-msgs5
[0.492s] -- Looking for ignition-math6 -- found version 6.15.1
[0.498s] -- Checking for module 'tinyxml2'
[0.510s] --   Found tinyxml2, version 9.0.0
[0.539s] -- Looking for ignition-msgs5 -- found version 5.8.1
[0.540s] -- Looking for ignition-common3 -- found version 3.14.0
[0.540s] -- Searching for dependencies of ignition-common3
[0.541s] -- Looking for dlfcn.h - found
[0.541s] -- Looking for libdl - found
[0.552s] -- Searching for <ignition-common3> component [graphics]
[0.552s] -- Looking for ignition-common3-graphics -- found version 3.14.0
[0.553s] -- Searching for dependencies of ignition-common3-graphics
[0.553s] -- Looking for ignition-math6 -- found version 6.15.1
[0.555s] -- Looking for ignition-fuel_tools4 -- found version 4.4.0
[0.555s] -- Searching for dependencies of ignition-fuel_tools4
[0.592s] -- Checking for module 'jsoncpp'
[0.604s] --   Found jsoncpp, version 1.9.5
[0.641s] -- Checking for module 'libzip'
[0.652s] --   Found libzip, version 1.7.3
[0.680s] -- Looking for ignition-common3 -- found version 3.14.0
[0.680s] -- Looking for ignition-math6 -- found version 6.15.1
[0.681s] -- Looking for ignition-msgs5 -- found version 5.8.1
[0.683s] -- Found ament_cmake: 1.3.10 (/opt/ros/humble/share/ament_cmake/cmake)
[0.787s] -- Override CMake install command with custom implementation using symlinks instead of copying resources
[0.837s] -- Configuring done
[0.840s] -- Generating done
[0.841s] -- Build files have been written to: /home/rahul/Desktop/riggu_ws/build/hagen_gazebo1
