[0.317s] Invoking command in '/home/rahul/Desktop/riggu_ws/build/rplidar_ros': CMAKE_PREFIX_PATH=${CMAKE_PREFIX_PATH}:/home/rahul/lifecyle_ws/install/lifecycle:/home/rahul/Desktop/riggu_ws/install/robot_pkg:/home/rahul/Desktop/riggu_ws/install/riggu_nav2:/home/rahul/Desktop/riggu_ws/install/hagen_control:/opt/ros/humble /usr/bin/cmake /home/rahul/Desktop/riggu_ws/src/rplidar_ros -DCMAKE_INSTALL_PREFIX=/home/rahul/Desktop/riggu_ws/install/rplidar_ros
[0.326s] -- Found ament_cmake: 1.3.10 (/opt/ros/humble/share/ament_cmake/cmake)
[0.405s] -- Override CMake install command with custom implementation using symlinks instead of copying resources
[0.409s] -- Found rclcpp: 16.0.10 (/opt/ros/humble/share/rclcpp/cmake)
[0.426s] -- Found rosidl_generator_c: 3.1.5 (/opt/ros/humble/share/rosidl_generator_c/cmake)
[0.428s] -- Found rosidl_adapter: 3.1.5 (/opt/ros/humble/share/rosidl_adapter/cmake)
[0.431s] -- Found rosidl_generator_cpp: 3.1.5 (/opt/ros/humble/share/rosidl_generator_cpp/cmake)
[0.437s] -- Using all available rosidl_typesupport_c: rosidl_typesupport_fastrtps_c;rosidl_typesupport_introspection_c
[0.444s] -- Using all available rosidl_typesupport_cpp: rosidl_typesupport_fastrtps_cpp;rosidl_typesupport_introspection_cpp
[0.463s] -- Found rmw_implementation_cmake: 6.1.2 (/opt/ros/humble/share/rmw_implementation_cmake/cmake)
[0.464s] -- Found rmw_cyclonedds_cpp: 1.3.4 (/opt/ros/humble/share/rmw_cyclonedds_cpp/cmake)
[0.475s] -- Using RMW implementation 'rmw_cyclonedds_cpp' as default
[0.503s] -- Found sensor_msgs: 4.2.4 (/opt/ros/humble/share/sensor_msgs/cmake)
[0.520s] -- Found std_srvs: 4.2.4 (/opt/ros/humble/share/std_srvs/cmake)
[0.571s] -- Configuring done
[0.582s] -- Generating done
[0.583s] -- Build files have been written to: /home/rahul/Desktop/riggu_ws/build/rplidar_ros
[0.587s] Invoked command in '/home/rahul/Desktop/riggu_ws/build/rplidar_ros' returned '0': CMAKE_PREFIX_PATH=${CMAKE_PREFIX_PATH}:/home/rahul/lifecyle_ws/install/lifecycle:/home/rahul/Desktop/riggu_ws/install/robot_pkg:/home/rahul/Desktop/riggu_ws/install/riggu_nav2:/home/rahul/Desktop/riggu_ws/install/hagen_control:/opt/ros/humble /usr/bin/cmake /home/rahul/Desktop/riggu_ws/src/rplidar_ros -DCMAKE_INSTALL_PREFIX=/home/rahul/Desktop/riggu_ws/install/rplidar_ros
[0.588s] Invoking command in '/home/rahul/Desktop/riggu_ws/build/rplidar_ros': CMAKE_PREFIX_PATH=${CMAKE_PREFIX_PATH}:/home/rahul/lifecyle_ws/install/lifecycle:/home/rahul/Desktop/riggu_ws/install/robot_pkg:/home/rahul/Desktop/riggu_ws/install/riggu_nav2:/home/rahul/Desktop/riggu_ws/install/hagen_control:/opt/ros/humble /usr/bin/cmake --build /home/rahul/Desktop/riggu_ws/build/rplidar_ros -- -j16 -l16
[0.618s] [35m[1mConsolidate compiler generated dependencies of target rplidar_client[0m
[0.622s] [35m[1mConsolidate compiler generated dependencies of target rplidar_composition[0m
[0.624s] [35m[1mConsolidate compiler generated dependencies of target rplidar_node[0m
[0.635s] [  5%] Built target rplidar_client
[0.649s] [ 52%] Built target rplidar_composition
[0.662s] [100%] Built target rplidar_node
[0.669s] Invoked command in '/home/rahul/Desktop/riggu_ws/build/rplidar_ros' returned '0': CMAKE_PREFIX_PATH=${CMAKE_PREFIX_PATH}:/home/rahul/lifecyle_ws/install/lifecycle:/home/rahul/Desktop/riggu_ws/install/robot_pkg:/home/rahul/Desktop/riggu_ws/install/riggu_nav2:/home/rahul/Desktop/riggu_ws/install/hagen_control:/opt/ros/humble /usr/bin/cmake --build /home/rahul/Desktop/riggu_ws/build/rplidar_ros -- -j16 -l16
[0.737s] Invoking command in '/home/rahul/Desktop/riggu_ws/build/rplidar_ros': CMAKE_PREFIX_PATH=${CMAKE_PREFIX_PATH}:/home/rahul/lifecyle_ws/install/lifecycle:/home/rahul/Desktop/riggu_ws/install/robot_pkg:/home/rahul/Desktop/riggu_ws/install/riggu_nav2:/home/rahul/Desktop/riggu_ws/install/hagen_control:/opt/ros/humble /usr/bin/cmake --install /home/rahul/Desktop/riggu_ws/build/rplidar_ros
[0.744s] -- Install configuration: ""
[0.745s] -- Execute custom install script
[0.745s] -- Up-to-date symlink: /home/rahul/Desktop/riggu_ws/install/rplidar_ros/share/rplidar_ros/launch/rplidar_a1_launch.py
[0.745s] -- Up-to-date symlink: /home/rahul/Desktop/riggu_ws/install/rplidar_ros/share/rplidar_ros/launch/rplidar_a2m12_launch.py
[0.745s] -- Up-to-date symlink: /home/rahul/Desktop/riggu_ws/install/rplidar_ros/share/rplidar_ros/launch/rplidar_a2m7_launch.py
[0.745s] -- Up-to-date symlink: /home/rahul/Desktop/riggu_ws/install/rplidar_ros/share/rplidar_ros/launch/rplidar_a2m8_launch.py
[0.745s] -- Up-to-date symlink: /home/rahul/Desktop/riggu_ws/install/rplidar_ros/share/rplidar_ros/launch/rplidar_a3_launch.py
[0.745s] -- Up-to-date symlink: /home/rahul/Desktop/riggu_ws/install/rplidar_ros/share/rplidar_ros/launch/rplidar_c1_launch.py
[0.745s] -- Up-to-date symlink: /home/rahul/Desktop/riggu_ws/install/rplidar_ros/share/rplidar_ros/launch/rplidar_s1_launch.py
[0.745s] -- Up-to-date symlink: /home/rahul/Desktop/riggu_ws/install/rplidar_ros/share/rplidar_ros/launch/rplidar_s1_tcp_launch.py
[0.745s] -- Up-to-date symlink: /home/rahul/Desktop/riggu_ws/install/rplidar_ros/share/rplidar_ros/launch/rplidar_s2_launch.py
[0.745s] -- Up-to-date symlink: /home/rahul/Desktop/riggu_ws/install/rplidar_ros/share/rplidar_ros/launch/rplidar_s2e_launch.py
[0.745s] -- Up-to-date symlink: /home/rahul/Desktop/riggu_ws/install/rplidar_ros/share/rplidar_ros/launch/rplidar_s3_launch.py
[0.745s] -- Up-to-date symlink: /home/rahul/Desktop/riggu_ws/install/rplidar_ros/share/rplidar_ros/launch/rplidar_t1_launch.py
[0.745s] -- Up-to-date symlink: /home/rahul/Desktop/riggu_ws/install/rplidar_ros/share/rplidar_ros/launch/view_rplidar_a1_launch.py
[0.746s] -- Up-to-date symlink: /home/rahul/Desktop/riggu_ws/install/rplidar_ros/share/rplidar_ros/launch/view_rplidar_a2m12_launch.py
[0.746s] -- Up-to-date symlink: /home/rahul/Desktop/riggu_ws/install/rplidar_ros/share/rplidar_ros/launch/view_rplidar_a2m7_launch.py
[0.746s] -- Up-to-date symlink: /home/rahul/Desktop/riggu_ws/install/rplidar_ros/share/rplidar_ros/launch/view_rplidar_a2m8_launch.py
[0.746s] -- Up-to-date symlink: /home/rahul/Desktop/riggu_ws/install/rplidar_ros/share/rplidar_ros/launch/view_rplidar_a3_launch.py
[0.746s] -- Up-to-date symlink: /home/rahul/Desktop/riggu_ws/install/rplidar_ros/share/rplidar_ros/launch/view_rplidar_c1_launch.py
[0.746s] -- Up-to-date symlink: /home/rahul/Desktop/riggu_ws/install/rplidar_ros/share/rplidar_ros/launch/view_rplidar_s1_launch.py
[0.746s] -- Up-to-date symlink: /home/rahul/Desktop/riggu_ws/install/rplidar_ros/share/rplidar_ros/launch/view_rplidar_s1_tcp_launch.py
[0.746s] -- Up-to-date symlink: /home/rahul/Desktop/riggu_ws/install/rplidar_ros/share/rplidar_ros/launch/view_rplidar_s2_launch.py
[0.746s] -- Up-to-date symlink: /home/rahul/Desktop/riggu_ws/install/rplidar_ros/share/rplidar_ros/launch/view_rplidar_s2e_launch.py
[0.746s] -- Up-to-date symlink: /home/rahul/Desktop/riggu_ws/install/rplidar_ros/share/rplidar_ros/launch/view_rplidar_s3_launch.py
[0.746s] -- Up-to-date symlink: /home/rahul/Desktop/riggu_ws/install/rplidar_ros/share/rplidar_ros/launch/view_rplidar_t1_launch.py
[0.747s] -- Up-to-date symlink: /home/rahul/Desktop/riggu_ws/install/rplidar_ros/share/rplidar_ros/rviz/rplidar_ros.rviz
[0.747s] -- Up-to-date symlink: /home/rahul/Desktop/riggu_ws/install/rplidar_ros/lib/rplidar_ros/rplidar_node
[0.747s] -- Up-to-date symlink: /home/rahul/Desktop/riggu_ws/install/rplidar_ros/lib/rplidar_ros/rplidar_composition
[0.747s] -- Up-to-date symlink: /home/rahul/Desktop/riggu_ws/install/rplidar_ros/lib/rplidar_ros/rplidar_client
[0.747s] -- Up-to-date symlink: /home/rahul/Desktop/riggu_ws/install/rplidar_ros/share/ament_index/resource_index/package_run_dependencies/rplidar_ros
[0.747s] -- Up-to-date symlink: /home/rahul/Desktop/riggu_ws/install/rplidar_ros/share/ament_index/resource_index/parent_prefix_path/rplidar_ros
[0.747s] -- Up-to-date symlink: /home/rahul/Desktop/riggu_ws/install/rplidar_ros/share/rplidar_ros/environment/ament_prefix_path.sh
[0.747s] -- Up-to-date symlink: /home/rahul/Desktop/riggu_ws/install/rplidar_ros/share/rplidar_ros/environment/ament_prefix_path.dsv
[0.747s] -- Up-to-date symlink: /home/rahul/Desktop/riggu_ws/install/rplidar_ros/share/rplidar_ros/environment/path.sh
[0.747s] -- Up-to-date symlink: /home/rahul/Desktop/riggu_ws/install/rplidar_ros/share/rplidar_ros/environment/path.dsv
[0.747s] -- Up-to-date symlink: /home/rahul/Desktop/riggu_ws/install/rplidar_ros/share/rplidar_ros/local_setup.bash
[0.747s] -- Up-to-date symlink: /home/rahul/Desktop/riggu_ws/install/rplidar_ros/share/rplidar_ros/local_setup.sh
[0.747s] -- Up-to-date symlink: /home/rahul/Desktop/riggu_ws/install/rplidar_ros/share/rplidar_ros/local_setup.zsh
[0.747s] -- Up-to-date symlink: /home/rahul/Desktop/riggu_ws/install/rplidar_ros/share/rplidar_ros/local_setup.dsv
[0.747s] -- Symlinking: /home/rahul/Desktop/riggu_ws/install/rplidar_ros/share/rplidar_ros/package.dsv
[0.752s] -- Up-to-date symlink: /home/rahul/Desktop/riggu_ws/install/rplidar_ros/share/ament_index/resource_index/packages/rplidar_ros
[0.752s] -- Up-to-date symlink: /home/rahul/Desktop/riggu_ws/install/rplidar_ros/share/rplidar_ros/cmake/ament_cmake_export_dependencies-extras.cmake
[0.752s] -- Up-to-date symlink: /home/rahul/Desktop/riggu_ws/install/rplidar_ros/share/rplidar_ros/cmake/ament_cmake_export_include_directories-extras.cmake
[0.752s] -- Up-to-date symlink: /home/rahul/Desktop/riggu_ws/install/rplidar_ros/share/rplidar_ros/cmake/rplidar_rosConfig.cmake
[0.752s] -- Up-to-date symlink: /home/rahul/Desktop/riggu_ws/install/rplidar_ros/share/rplidar_ros/cmake/rplidar_rosConfig-version.cmake
[0.752s] -- Up-to-date symlink: /home/rahul/Desktop/riggu_ws/install/rplidar_ros/share/rplidar_ros/package.xml
[0.753s] Invoked command in '/home/rahul/Desktop/riggu_ws/build/rplidar_ros' returned '0': CMAKE_PREFIX_PATH=${CMAKE_PREFIX_PATH}:/home/rahul/lifecyle_ws/install/lifecycle:/home/rahul/Desktop/riggu_ws/install/robot_pkg:/home/rahul/Desktop/riggu_ws/install/riggu_nav2:/home/rahul/Desktop/riggu_ws/install/hagen_control:/opt/ros/humble /usr/bin/cmake --install /home/rahul/Desktop/riggu_ws/build/rplidar_ros
