[0.007s] Invoking command in '/home/rahul/Desktop/riggu_ws/build/rplidar_ros': CMAKE_PREFIX_PATH=${CMAKE_PREFIX_PATH}:/opt/ros/humble /usr/bin/cmake /home/rahul/Desktop/riggu_ws/src/rplidar_ros -DAMENT_CMAKE_SYMLINK_INSTALL=1 -DCMAKE_INSTALL_PREFIX=/home/rahul/Desktop/riggu_ws/install/rplidar_ros
[0.016s] -- Found ament_cmake: 1.3.9 (/opt/ros/humble/share/ament_cmake/cmake)
[0.101s] -- Override CMake install command with custom implementation using symlinks instead of copying resources
[0.111s] -- Found rclcpp: 16.0.9 (/opt/ros/humble/share/rclcpp/cmake)
[0.132s] -- Found rosidl_generator_c: 3.1.5 (/opt/ros/humble/share/rosidl_generator_c/cmake)
[0.134s] -- Found rosidl_adapter: 3.1.5 (/opt/ros/humble/share/rosidl_adapter/cmake)
[0.138s] -- Found rosidl_generator_cpp: 3.1.5 (/opt/ros/humble/share/rosidl_generator_cpp/cmake)
[0.146s] -- Using all available rosidl_typesupport_c: rosidl_typesupport_fastrtps_c;rosidl_typesupport_introspection_c
[0.156s] -- Using all available rosidl_typesupport_cpp: rosidl_typesupport_fastrtps_cpp;rosidl_typesupport_introspection_cpp
[0.194s] -- Found rmw_implementation_cmake: 6.1.2 (/opt/ros/humble/share/rmw_implementation_cmake/cmake)
[0.195s] -- Found rmw_fastrtps_cpp: 6.2.6 (/opt/ros/humble/share/rmw_fastrtps_cpp/cmake)
[0.278s] -- Using RMW implementation 'rmw_fastrtps_cpp' as default
[0.371s] -- Found sensor_msgs: 4.2.4 (/opt/ros/humble/share/sensor_msgs/cmake)
[0.443s] -- Found std_srvs: 4.2.4 (/opt/ros/humble/share/std_srvs/cmake)
[0.505s] -- Configuring done
[0.516s] -- Generating done
[0.516s] -- Build files have been written to: /home/rahul/Desktop/riggu_ws/build/rplidar_ros
[0.522s] Invoked command in '/home/rahul/Desktop/riggu_ws/build/rplidar_ros' returned '0': CMAKE_PREFIX_PATH=${CMAKE_PREFIX_PATH}:/opt/ros/humble /usr/bin/cmake /home/rahul/Desktop/riggu_ws/src/rplidar_ros -DAMENT_CMAKE_SYMLINK_INSTALL=1 -DCMAKE_INSTALL_PREFIX=/home/rahul/Desktop/riggu_ws/install/rplidar_ros
[0.523s] Invoking command in '/home/rahul/Desktop/riggu_ws/build/rplidar_ros': CMAKE_PREFIX_PATH=${CMAKE_PREFIX_PATH}:/opt/ros/humble /usr/bin/cmake --build /home/rahul/Desktop/riggu_ws/build/rplidar_ros -- -j16 -l16
[0.552s] [35m[1mConsolidate compiler generated dependencies of target rplidar_client[0m
[0.553s] [35m[1mConsolidate compiler generated dependencies of target rplidar_node[0m
[0.553s] [35m[1mConsolidate compiler generated dependencies of target rplidar_composition[0m
[0.565s] [  2%] [32m[1mLinking CXX executable rplidar_client[0m
[0.573s] [  5%] [32m[1mLinking CXX executable rplidar_node[0m
[0.575s] [  7%] [32m[1mLinking CXX executable rplidar_composition[0m
[0.755s] [ 97%] Built target rplidar_composition
[0.756s] [ 97%] Built target rplidar_node
[0.821s] [100%] Built target rplidar_client
[0.830s] Invoked command in '/home/rahul/Desktop/riggu_ws/build/rplidar_ros' returned '0': CMAKE_PREFIX_PATH=${CMAKE_PREFIX_PATH}:/opt/ros/humble /usr/bin/cmake --build /home/rahul/Desktop/riggu_ws/build/rplidar_ros -- -j16 -l16
[0.892s] Invoking command in '/home/rahul/Desktop/riggu_ws/build/rplidar_ros': CMAKE_PREFIX_PATH=${CMAKE_PREFIX_PATH}:/opt/ros/humble /usr/bin/cmake --install /home/rahul/Desktop/riggu_ws/build/rplidar_ros
[0.897s] -- Install configuration: ""
[0.897s] -- Execute custom install script
[0.897s] -- Symlinking: /home/rahul/Desktop/riggu_ws/install/rplidar_ros/share/rplidar_ros/launch/rplidar_a1_launch.py
[0.902s] -- Symlinking: /home/rahul/Desktop/riggu_ws/install/rplidar_ros/share/rplidar_ros/launch/rplidar_a2m12_launch.py
[0.909s] -- Symlinking: /home/rahul/Desktop/riggu_ws/install/rplidar_ros/share/rplidar_ros/launch/rplidar_a2m7_launch.py
[0.915s] -- Symlinking: /home/rahul/Desktop/riggu_ws/install/rplidar_ros/share/rplidar_ros/launch/rplidar_a2m8_launch.py
[0.922s] -- Symlinking: /home/rahul/Desktop/riggu_ws/install/rplidar_ros/share/rplidar_ros/launch/rplidar_a3_launch.py
[0.929s] -- Symlinking: /home/rahul/Desktop/riggu_ws/install/rplidar_ros/share/rplidar_ros/launch/rplidar_c1_launch.py
[0.934s] -- Symlinking: /home/rahul/Desktop/riggu_ws/install/rplidar_ros/share/rplidar_ros/launch/rplidar_s1_launch.py
[0.941s] -- Symlinking: /home/rahul/Desktop/riggu_ws/install/rplidar_ros/share/rplidar_ros/launch/rplidar_s1_tcp_launch.py
[0.945s] -- Symlinking: /home/rahul/Desktop/riggu_ws/install/rplidar_ros/share/rplidar_ros/launch/rplidar_s2_launch.py
[0.952s] -- Symlinking: /home/rahul/Desktop/riggu_ws/install/rplidar_ros/share/rplidar_ros/launch/rplidar_s2e_launch.py
[0.958s] -- Symlinking: /home/rahul/Desktop/riggu_ws/install/rplidar_ros/share/rplidar_ros/launch/rplidar_s3_launch.py
[0.965s] -- Symlinking: /home/rahul/Desktop/riggu_ws/install/rplidar_ros/share/rplidar_ros/launch/rplidar_t1_launch.py
[0.972s] -- Symlinking: /home/rahul/Desktop/riggu_ws/install/rplidar_ros/share/rplidar_ros/launch/view_rplidar_a1_launch.py
[0.977s] -- Symlinking: /home/rahul/Desktop/riggu_ws/install/rplidar_ros/share/rplidar_ros/launch/view_rplidar_a2m12_launch.py
[0.981s] -- Symlinking: /home/rahul/Desktop/riggu_ws/install/rplidar_ros/share/rplidar_ros/launch/view_rplidar_a2m7_launch.py
[0.988s] -- Symlinking: /home/rahul/Desktop/riggu_ws/install/rplidar_ros/share/rplidar_ros/launch/view_rplidar_a2m8_launch.py
[0.993s] -- Symlinking: /home/rahul/Desktop/riggu_ws/install/rplidar_ros/share/rplidar_ros/launch/view_rplidar_a3_launch.py
[0.999s] -- Symlinking: /home/rahul/Desktop/riggu_ws/install/rplidar_ros/share/rplidar_ros/launch/view_rplidar_c1_launch.py
[1.006s] -- Symlinking: /home/rahul/Desktop/riggu_ws/install/rplidar_ros/share/rplidar_ros/launch/view_rplidar_s1_launch.py
[1.011s] -- Symlinking: /home/rahul/Desktop/riggu_ws/install/rplidar_ros/share/rplidar_ros/launch/view_rplidar_s1_tcp_launch.py
[1.016s] -- Symlinking: /home/rahul/Desktop/riggu_ws/install/rplidar_ros/share/rplidar_ros/launch/view_rplidar_s2_launch.py
[1.021s] -- Symlinking: /home/rahul/Desktop/riggu_ws/install/rplidar_ros/share/rplidar_ros/launch/view_rplidar_s2e_launch.py
[1.026s] -- Symlinking: /home/rahul/Desktop/riggu_ws/install/rplidar_ros/share/rplidar_ros/launch/view_rplidar_s3_launch.py
[1.032s] -- Symlinking: /home/rahul/Desktop/riggu_ws/install/rplidar_ros/share/rplidar_ros/launch/view_rplidar_t1_launch.py
[1.037s] -- Symlinking: /home/rahul/Desktop/riggu_ws/install/rplidar_ros/share/rplidar_ros/rviz/rplidar_ros.rviz
[1.043s] -- Symlinking: /home/rahul/Desktop/riggu_ws/install/rplidar_ros/lib/rplidar_ros/rplidar_node
[1.050s] -- Symlinking: /home/rahul/Desktop/riggu_ws/install/rplidar_ros/lib/rplidar_ros/rplidar_composition
[1.057s] -- Symlinking: /home/rahul/Desktop/riggu_ws/install/rplidar_ros/lib/rplidar_ros/rplidar_client
[1.063s] -- Symlinking: /home/rahul/Desktop/riggu_ws/install/rplidar_ros/share/ament_index/resource_index/package_run_dependencies/rplidar_ros
[1.070s] -- Symlinking: /home/rahul/Desktop/riggu_ws/install/rplidar_ros/share/ament_index/resource_index/parent_prefix_path/rplidar_ros
[1.075s] -- Symlinking: /home/rahul/Desktop/riggu_ws/install/rplidar_ros/share/rplidar_ros/environment/ament_prefix_path.sh
[1.079s] -- Symlinking: /home/rahul/Desktop/riggu_ws/install/rplidar_ros/share/rplidar_ros/environment/ament_prefix_path.dsv
[1.086s] -- Symlinking: /home/rahul/Desktop/riggu_ws/install/rplidar_ros/share/rplidar_ros/environment/path.sh
[1.091s] -- Symlinking: /home/rahul/Desktop/riggu_ws/install/rplidar_ros/share/rplidar_ros/environment/path.dsv
[1.097s] -- Symlinking: /home/rahul/Desktop/riggu_ws/install/rplidar_ros/share/rplidar_ros/local_setup.bash
[1.104s] -- Symlinking: /home/rahul/Desktop/riggu_ws/install/rplidar_ros/share/rplidar_ros/local_setup.sh
[1.111s] -- Symlinking: /home/rahul/Desktop/riggu_ws/install/rplidar_ros/share/rplidar_ros/local_setup.zsh
[1.118s] -- Symlinking: /home/rahul/Desktop/riggu_ws/install/rplidar_ros/share/rplidar_ros/local_setup.dsv
[1.124s] -- Symlinking: /home/rahul/Desktop/riggu_ws/install/rplidar_ros/share/rplidar_ros/package.dsv
[1.131s] -- Symlinking: /home/rahul/Desktop/riggu_ws/install/rplidar_ros/share/ament_index/resource_index/packages/rplidar_ros
[1.136s] -- Symlinking: /home/rahul/Desktop/riggu_ws/install/rplidar_ros/share/rplidar_ros/cmake/ament_cmake_export_dependencies-extras.cmake
[1.141s] -- Symlinking: /home/rahul/Desktop/riggu_ws/install/rplidar_ros/share/rplidar_ros/cmake/ament_cmake_export_include_directories-extras.cmake
[1.147s] -- Symlinking: /home/rahul/Desktop/riggu_ws/install/rplidar_ros/share/rplidar_ros/cmake/rplidar_rosConfig.cmake
[1.153s] -- Symlinking: /home/rahul/Desktop/riggu_ws/install/rplidar_ros/share/rplidar_ros/cmake/rplidar_rosConfig-version.cmake
[1.160s] -- Symlinking: /home/rahul/Desktop/riggu_ws/install/rplidar_ros/share/rplidar_ros/package.xml
[1.166s] Invoked command in '/home/rahul/Desktop/riggu_ws/build/rplidar_ros' returned '0': CMAKE_PREFIX_PATH=${CMAKE_PREFIX_PATH}:/opt/ros/humble /usr/bin/cmake --install /home/rahul/Desktop/riggu_ws/build/rplidar_ros
