[0.364s] Invoking command in '/home/rahul/Desktop/riggu_ws/src/robot_pkg': PYTHONPATH=/home/rahul/Desktop/riggu_ws/build/robot_pkg/prefix_override:/usr/lib/python3/dist-packages/colcon_core/task/python/colcon_distutils_commands:/home/rahul/Desktop/riggu_ws/install/robot_pkg/lib/python3.10/site-packages:${PYTHONPATH} /usr/bin/python3 -W ignore:setup.py install is deprecated setup.py egg_info --egg-base ../../build/robot_pkg build --build-base /home/rahul/Desktop/riggu_ws/build/robot_pkg/build install --record /home/rahul/Desktop/riggu_ws/build/robot_pkg/install.log --single-version-externally-managed install_data
[0.495s] running egg_info
[0.495s] writing ../../build/robot_pkg/robot_pkg.egg-info/PKG-INFO
[0.495s] writing dependency_links to ../../build/robot_pkg/robot_pkg.egg-info/dependency_links.txt
[0.496s] writing entry points to ../../build/robot_pkg/robot_pkg.egg-info/entry_points.txt
[0.496s] writing requirements to ../../build/robot_pkg/robot_pkg.egg-info/requires.txt
[0.496s] writing top-level names to ../../build/robot_pkg/robot_pkg.egg-info/top_level.txt
[0.496s] reading manifest file '../../build/robot_pkg/robot_pkg.egg-info/SOURCES.txt'
[0.497s] adding license file 'LICENSE'
[0.497s] writing manifest file '../../build/robot_pkg/robot_pkg.egg-info/SOURCES.txt'
[0.497s] running build
[0.497s] running build_py
[0.497s] copying robot_pkg/robot2.py -> /home/rahul/Desktop/riggu_ws/build/robot_pkg/build/lib/robot_pkg
[0.497s] running install
[0.497s] running install_lib
[0.498s] copying /home/rahul/Desktop/riggu_ws/build/robot_pkg/build/lib/robot_pkg/robot2.py -> /home/rahul/Desktop/riggu_ws/install/robot_pkg/lib/python3.10/site-packages/robot_pkg
[0.498s] byte-compiling /home/rahul/Desktop/riggu_ws/install/robot_pkg/lib/python3.10/site-packages/robot_pkg/robot2.py to robot2.cpython-310.pyc
[0.499s] running install_data
[0.499s] running install_egg_info
[0.500s] removing '/home/rahul/Desktop/riggu_ws/install/robot_pkg/lib/python3.10/site-packages/robot_pkg-0.0.0-py3.10.egg-info' (and everything under it)
[0.500s] Copying ../../build/robot_pkg/robot_pkg.egg-info to /home/rahul/Desktop/riggu_ws/install/robot_pkg/lib/python3.10/site-packages/robot_pkg-0.0.0-py3.10.egg-info
[0.500s] running install_scripts
[0.513s] Installing controller script to /home/rahul/Desktop/riggu_ws/install/robot_pkg/lib/robot_pkg
[0.513s] Installing robot2 script to /home/rahul/Desktop/riggu_ws/install/robot_pkg/lib/robot_pkg
[0.513s] writing list of installed files to '/home/rahul/Desktop/riggu_ws/build/robot_pkg/install.log'
[0.531s] Invoked command in '/home/rahul/Desktop/riggu_ws/src/robot_pkg' returned '0': PYTHONPATH=/home/rahul/Desktop/riggu_ws/build/robot_pkg/prefix_override:/usr/lib/python3/dist-packages/colcon_core/task/python/colcon_distutils_commands:/home/rahul/Desktop/riggu_ws/install/robot_pkg/lib/python3.10/site-packages:${PYTHONPATH} /usr/bin/python3 -W ignore:setup.py install is deprecated setup.py egg_info --egg-base ../../build/robot_pkg build --build-base /home/rahul/Desktop/riggu_ws/build/robot_pkg/build install --record /home/rahul/Desktop/riggu_ws/build/robot_pkg/install.log --single-version-externally-managed install_data
