[0.165s] Invoking command in '/home/rahul/Desktop/riggu_ws/build/hagen_gazebo': CMAKE_PREFIX_PATH=${CMAKE_PREFIX_PATH}:/home/rahul/lifecyle_ws/install/lifecycle:/home/rahul/Desktop/riggu_ws/install/robot_pkg:/home/rahul/Desktop/riggu_ws/install/riggu_nav2:/home/rahul/Desktop/riggu_ws/install/hagen_control:/opt/ros/humble /usr/bin/cmake --build /home/rahul/Desktop/riggu_ws/build/hagen_gazebo -- -j16 -l16
[0.324s] -- Found ament_cmake: 1.3.10 (/opt/ros/humble/share/ament_cmake/cmake)
[0.324s] -- Override CMake install command with custom implementation using symlinks instead of copying resources
[0.324s] -- Found rclcpp: 16.0.10 (/opt/ros/humble/share/rclcpp/cmake)
[0.324s] -- Found rosidl_generator_c: 3.1.5 (/opt/ros/humble/share/rosidl_generator_c/cmake)
[0.324s] -- Found rosidl_adapter: 3.1.5 (/opt/ros/humble/share/rosidl_adapter/cmake)
[0.324s] -- Found rosidl_generator_cpp: 3.1.5 (/opt/ros/humble/share/rosidl_generator_cpp/cmake)
[0.324s] -- Using all available rosidl_typesupport_c: rosidl_typesupport_fastrtps_c;rosidl_typesupport_introspection_c
[0.324s] -- Using all available rosidl_typesupport_cpp: rosidl_typesupport_fastrtps_cpp;rosidl_typesupport_introspection_cpp
[0.325s] -- Found rmw_implementation_cmake: 6.1.2 (/opt/ros/humble/share/rmw_implementation_cmake/cmake)
[0.325s] -- Found rmw_cyclonedds_cpp: 1.3.4 (/opt/ros/humble/share/rmw_cyclonedds_cpp/cmake)
[0.328s] -- Using RMW implementation 'rmw_cyclonedds_cpp' as default
[0.381s] -- Found rclpy: 3.3.14 (/opt/ros/humble/share/rclpy/cmake)
[0.424s] -- Found ament_lint_auto: 0.12.11 (/opt/ros/humble/share/ament_lint_auto/cmake)
[0.469s] -- Added test 'copyright' to check source files copyright and LICENSE
[0.471s] -- Added test 'flake8' to check Python code syntax and style conventions
[0.471s] -- Added test 'lint_cmake' to check CMake code style
[0.471s] -- Added test 'pep257' to check Python code against some of the docstring style conventions in PEP 257
[0.472s] -- Added test 'xmllint' to check XML markup files
[0.472s] -- Configuring done
[0.474s] -- Generating done
[0.475s] -- Build files have been written to: /home/rahul/Desktop/riggu_ws/build/hagen_gazebo
[0.505s] Built target ament_cmake_python_symlink_hagen_gazebo
[0.652s] running egg_info
[0.653s] creating hagen_gazebo.egg-info
[0.653s] writing hagen_gazebo.egg-info/PKG-INFO
[0.654s] writing dependency_links to hagen_gazebo.egg-info/dependency_links.txt
[0.654s] writing top-level names to hagen_gazebo.egg-info/top_level.txt
[0.654s] writing manifest file 'hagen_gazebo.egg-info/SOURCES.txt'
[0.655s] reading manifest file 'hagen_gazebo.egg-info/SOURCES.txt'
[0.655s] writing manifest file 'hagen_gazebo.egg-info/SOURCES.txt'
[0.672s] Built target ament_cmake_python_build_hagen_gazebo_egg
