[0.186s] Invoking command in '/home/rahul/Desktop/riggu_ws/build/hagen_gazebo': CMAKE_PREFIX_PATH=${CMAKE_PREFIX_PATH}:/home/rahul/Desktop/riggu_ws/install/robot_pkg:/home/rahul/Desktop/riggu_ws/install/hagen_control:/home/rahul/lifecyle_ws/install/lifecycle:/opt/ros/humble /usr/bin/cmake --build /home/rahul/Desktop/riggu_ws/build/hagen_gazebo -- -j16 -l16
[0.350s] Built target ament_cmake_python_symlink_hagen_gazebo
[0.406s] running egg_info
[0.408s] writing hagen_gazebo.egg-info/PKG-INFO
[0.408s] writing dependency_links to hagen_gazebo.egg-info/dependency_links.txt
[0.408s] writing top-level names to hagen_gazebo.egg-info/top_level.txt
[0.409s] reading manifest file 'hagen_gazebo.egg-info/SOURCES.txt'
[0.410s] writing manifest file 'hagen_gazebo.egg-info/SOURCES.txt'
[0.436s] Built target ament_cmake_python_build_hagen_gazebo_egg
[0.447s] Invoked command in '/home/rahul/Desktop/riggu_ws/build/hagen_gazebo' returned '0': CMAKE_PREFIX_PATH=${CMAKE_PREFIX_PATH}:/home/rahul/Desktop/riggu_ws/install/robot_pkg:/home/rahul/Desktop/riggu_ws/install/hagen_control:/home/rahul/lifecyle_ws/install/lifecycle:/opt/ros/humble /usr/bin/cmake --build /home/rahul/Desktop/riggu_ws/build/hagen_gazebo -- -j16 -l16
[0.470s] Invoking command in '/home/rahul/Desktop/riggu_ws/build/hagen_gazebo': CMAKE_PREFIX_PATH=${CMAKE_PREFIX_PATH}:/home/rahul/Desktop/riggu_ws/install/robot_pkg:/home/rahul/Desktop/riggu_ws/install/hagen_control:/home/rahul/lifecyle_ws/install/lifecycle:/opt/ros/humble /usr/bin/cmake --install /home/rahul/Desktop/riggu_ws/build/hagen_gazebo
[0.477s] -- Install configuration: ""
[0.478s] -- Execute custom install script
[0.478s] -- Up-to-date symlink: /home/rahul/Desktop/riggu_ws/install/hagen_gazebo/share/hagen_gazebo/config/ekf.yaml
[0.479s] -- Up-to-date symlink: /home/rahul/Desktop/riggu_ws/install/hagen_gazebo/share/hagen_gazebo/config/ekf_urdf.yaml
[0.479s] -- Up-to-date symlink: /home/rahul/Desktop/riggu_ws/install/hagen_gazebo/share/hagen_gazebo/launch/hagen.launch.py
[0.479s] -- Up-to-date symlink: /home/rahul/Desktop/riggu_ws/install/hagen_gazebo/share/hagen_gazebo/meshes/arm_base.stl
[0.479s] -- Up-to-date symlink: /home/rahul/Desktop/riggu_ws/install/hagen_gazebo/share/hagen_gazebo/meshes/bicep.stl
[0.479s] -- Up-to-date symlink: /home/rahul/Desktop/riggu_ws/install/hagen_gazebo/share/hagen_gazebo/meshes/elbow.stl
[0.479s] -- Up-to-date symlink: /home/rahul/Desktop/riggu_ws/install/hagen_gazebo/share/hagen_gazebo/meshes/robot_base.stl
[0.480s] -- Up-to-date symlink: /home/rahul/Desktop/riggu_ws/install/hagen_gazebo/share/hagen_gazebo/meshes/wheel.stl
[0.480s] -- Up-to-date symlink: /home/rahul/Desktop/riggu_ws/install/hagen_gazebo/share/hagen_gazebo/meshes/wrist.stl
[0.480s] -- Up-to-date symlink: /home/rahul/Desktop/riggu_ws/install/hagen_gazebo/share/hagen_gazebo/rviz/rviz_basic_settings.rviz
[0.480s] -- Up-to-date symlink: /home/rahul/Desktop/riggu_ws/install/hagen_gazebo/share/hagen_gazebo/rviz/urdf_gazebo_config.rviz
[0.481s] -- Up-to-date symlink: /home/rahul/Desktop/riggu_ws/install/hagen_gazebo/share/hagen_gazebo/hagen_gazebo/__init__.py
[0.481s] -- Up-to-date symlink: /home/rahul/Desktop/riggu_ws/install/hagen_gazebo/share/hagen_gazebo/urdf/hagen_gazebo_with_gazebo_plugins.urdf
[0.482s] -- Up-to-date symlink: /home/rahul/Desktop/riggu_ws/install/hagen_gazebo/share/hagen_gazebo/worlds/basic.world
[0.482s] -- Up-to-date symlink: /home/rahul/Desktop/riggu_ws/install/hagen_gazebo/share/hagen_gazebo/environment/pythonpath.sh
[0.482s] -- Up-to-date symlink: /home/rahul/Desktop/riggu_ws/install/hagen_gazebo/share/hagen_gazebo/environment/pythonpath.dsv
[0.483s] -- Up-to-date symlink: /home/rahul/Desktop/riggu_ws/install/hagen_gazebo/local/lib/python3.10/dist-packages/hagen_gazebo-1.0.0-py3.10.egg-info/PKG-INFO
[0.483s] -- Up-to-date symlink: /home/rahul/Desktop/riggu_ws/install/hagen_gazebo/local/lib/python3.10/dist-packages/hagen_gazebo-1.0.0-py3.10.egg-info/SOURCES.txt
[0.483s] -- Up-to-date symlink: /home/rahul/Desktop/riggu_ws/install/hagen_gazebo/local/lib/python3.10/dist-packages/hagen_gazebo-1.0.0-py3.10.egg-info/dependency_links.txt
[0.483s] -- Up-to-date symlink: /home/rahul/Desktop/riggu_ws/install/hagen_gazebo/local/lib/python3.10/dist-packages/hagen_gazebo-1.0.0-py3.10.egg-info/top_level.txt
[0.483s] -- Up-to-date symlink: /home/rahul/Desktop/riggu_ws/install/hagen_gazebo/local/lib/python3.10/dist-packages/hagen_gazebo/__init__.py
[0.483s] -- Up-to-date symlink: /home/rahul/Desktop/riggu_ws/install/hagen_gazebo/share/ament_index/resource_index/package_run_dependencies/hagen_gazebo
[0.484s] -- Up-to-date symlink: /home/rahul/Desktop/riggu_ws/install/hagen_gazebo/share/ament_index/resource_index/parent_prefix_path/hagen_gazebo
[0.484s] -- Up-to-date symlink: /home/rahul/Desktop/riggu_ws/install/hagen_gazebo/share/hagen_gazebo/environment/ament_prefix_path.sh
[0.484s] -- Up-to-date symlink: /home/rahul/Desktop/riggu_ws/install/hagen_gazebo/share/hagen_gazebo/environment/ament_prefix_path.dsv
[0.484s] -- Up-to-date symlink: /home/rahul/Desktop/riggu_ws/install/hagen_gazebo/share/hagen_gazebo/environment/path.sh
[0.485s] -- Up-to-date symlink: /home/rahul/Desktop/riggu_ws/install/hagen_gazebo/share/hagen_gazebo/environment/path.dsv
[0.485s] -- Up-to-date symlink: /home/rahul/Desktop/riggu_ws/install/hagen_gazebo/share/hagen_gazebo/local_setup.bash
[0.485s] -- Up-to-date symlink: /home/rahul/Desktop/riggu_ws/install/hagen_gazebo/share/hagen_gazebo/local_setup.sh
[0.485s] -- Up-to-date symlink: /home/rahul/Desktop/riggu_ws/install/hagen_gazebo/share/hagen_gazebo/local_setup.zsh
[0.486s] -- Up-to-date symlink: /home/rahul/Desktop/riggu_ws/install/hagen_gazebo/share/hagen_gazebo/local_setup.dsv
[0.486s] -- Symlinking: /home/rahul/Desktop/riggu_ws/install/hagen_gazebo/share/hagen_gazebo/package.dsv
[0.492s] -- Up-to-date symlink: /home/rahul/Desktop/riggu_ws/install/hagen_gazebo/share/ament_index/resource_index/packages/hagen_gazebo
[0.492s] -- Up-to-date symlink: /home/rahul/Desktop/riggu_ws/install/hagen_gazebo/share/hagen_gazebo/cmake/hagen_gazeboConfig.cmake
[0.493s] -- Up-to-date symlink: /home/rahul/Desktop/riggu_ws/install/hagen_gazebo/share/hagen_gazebo/cmake/hagen_gazeboConfig-version.cmake
[0.493s] -- Up-to-date symlink: /home/rahul/Desktop/riggu_ws/install/hagen_gazebo/share/hagen_gazebo/package.xml
[0.520s] Listing '/home/rahul/Desktop/riggu_ws/install/hagen_gazebo/local/lib/python3.10/dist-packages/hagen_gazebo'...
[0.524s] Invoked command in '/home/rahul/Desktop/riggu_ws/build/hagen_gazebo' returned '0': CMAKE_PREFIX_PATH=${CMAKE_PREFIX_PATH}:/home/rahul/Desktop/riggu_ws/install/robot_pkg:/home/rahul/Desktop/riggu_ws/install/hagen_control:/home/rahul/lifecyle_ws/install/lifecycle:/opt/ros/humble /usr/bin/cmake --install /home/rahul/Desktop/riggu_ws/build/hagen_gazebo
