[0.163s] Invoking command in '/home/rahul/Desktop/riggu_ws/build/hagen_gazebo': CMAKE_PREFIX_PATH=${CMAKE_PREFIX_PATH}:/home/rahul/lifecyle_ws/install/lifecycle:/home/rahul/Desktop/riggu_ws/install/robot_pkg:/home/rahul/Desktop/riggu_ws/install/riggu_nav2:/home/rahul/Desktop/riggu_ws/install/hagen_control:/opt/ros/humble /usr/bin/cmake --build /home/rahul/Desktop/riggu_ws/build/hagen_gazebo -- -j16 -l16
[0.324s] Built target ament_cmake_python_symlink_hagen_gazebo
[0.349s] running egg_info
[0.351s] writing hagen_gazebo.egg-info/PKG-INFO
[0.351s] writing dependency_links to hagen_gazebo.egg-info/dependency_links.txt
[0.351s] writing top-level names to hagen_gazebo.egg-info/top_level.txt
[0.354s] reading manifest file 'hagen_gazebo.egg-info/SOURCES.txt'
[0.354s] writing manifest file 'hagen_gazebo.egg-info/SOURCES.txt'
[0.396s] Built target ament_cmake_python_build_hagen_gazebo_egg
[0.418s] Invoked command in '/home/rahul/Desktop/riggu_ws/build/hagen_gazebo' returned '0': CMAKE_PREFIX_PATH=${CMAKE_PREFIX_PATH}:/home/rahul/lifecyle_ws/install/lifecycle:/home/rahul/Desktop/riggu_ws/install/robot_pkg:/home/rahul/Desktop/riggu_ws/install/riggu_nav2:/home/rahul/Desktop/riggu_ws/install/hagen_control:/opt/ros/humble /usr/bin/cmake --build /home/rahul/Desktop/riggu_ws/build/hagen_gazebo -- -j16 -l16
[0.456s] Invoking command in '/home/rahul/Desktop/riggu_ws/build/hagen_gazebo': CMAKE_PREFIX_PATH=${CMAKE_PREFIX_PATH}:/home/rahul/lifecyle_ws/install/lifecycle:/home/rahul/Desktop/riggu_ws/install/robot_pkg:/home/rahul/Desktop/riggu_ws/install/riggu_nav2:/home/rahul/Desktop/riggu_ws/install/hagen_control:/opt/ros/humble /usr/bin/cmake --install /home/rahul/Desktop/riggu_ws/build/hagen_gazebo
[0.464s] -- Install configuration: ""
[0.464s] -- Execute custom install script
[0.467s] -- Symlinking: /home/rahul/Desktop/riggu_ws/install/hagen_gazebo/share/hagen_gazebo/config/ekf.yaml
[0.479s] -- Symlinking: /home/rahul/Desktop/riggu_ws/install/hagen_gazebo/share/hagen_gazebo/config/ekf_urdf.yaml
[0.489s] -- Symlinking: /home/rahul/Desktop/riggu_ws/install/hagen_gazebo/share/hagen_gazebo/launch/hagen.launch.py
[0.501s] -- Symlinking: /home/rahul/Desktop/riggu_ws/install/hagen_gazebo/share/hagen_gazebo/meshes/arm_base.stl
[0.510s] -- Symlinking: /home/rahul/Desktop/riggu_ws/install/hagen_gazebo/share/hagen_gazebo/meshes/bicep.stl
[0.520s] -- Symlinking: /home/rahul/Desktop/riggu_ws/install/hagen_gazebo/share/hagen_gazebo/meshes/elbow.stl
[0.532s] -- Symlinking: /home/rahul/Desktop/riggu_ws/install/hagen_gazebo/share/hagen_gazebo/meshes/robot_base.stl
[0.540s] -- Symlinking: /home/rahul/Desktop/riggu_ws/install/hagen_gazebo/share/hagen_gazebo/meshes/wheel.stl
[0.547s] -- Symlinking: /home/rahul/Desktop/riggu_ws/install/hagen_gazebo/share/hagen_gazebo/meshes/wrist.stl
[0.556s] -- Symlinking: /home/rahul/Desktop/riggu_ws/install/hagen_gazebo/share/hagen_gazebo/rviz/rviz_basic_settings.rviz
[0.566s] -- Symlinking: /home/rahul/Desktop/riggu_ws/install/hagen_gazebo/share/hagen_gazebo/rviz/urdf_gazebo_config.rviz
[0.574s] -- Symlinking: /home/rahul/Desktop/riggu_ws/install/hagen_gazebo/share/hagen_gazebo/hagen_gazebo/__init__.py
[0.584s] -- Symlinking: /home/rahul/Desktop/riggu_ws/install/hagen_gazebo/share/hagen_gazebo/urdf/hagen_gazebo_with_gazebo_plugins.urdf
[0.594s] -- Symlinking: /home/rahul/Desktop/riggu_ws/install/hagen_gazebo/share/hagen_gazebo/worlds/basic.world
[0.606s] -- Symlinking: /home/rahul/Desktop/riggu_ws/install/hagen_gazebo/share/hagen_gazebo/environment/pythonpath.sh
[0.612s] -- Symlinking: /home/rahul/Desktop/riggu_ws/install/hagen_gazebo/share/hagen_gazebo/environment/pythonpath.dsv
[0.621s] -- Symlinking: /home/rahul/Desktop/riggu_ws/install/hagen_gazebo/local/lib/python3.10/dist-packages/hagen_gazebo-1.0.0-py3.10.egg-info/PKG-INFO
[0.633s] -- Symlinking: /home/rahul/Desktop/riggu_ws/install/hagen_gazebo/local/lib/python3.10/dist-packages/hagen_gazebo-1.0.0-py3.10.egg-info/SOURCES.txt
[0.643s] -- Symlinking: /home/rahul/Desktop/riggu_ws/install/hagen_gazebo/local/lib/python3.10/dist-packages/hagen_gazebo-1.0.0-py3.10.egg-info/dependency_links.txt
[0.652s] -- Symlinking: /home/rahul/Desktop/riggu_ws/install/hagen_gazebo/local/lib/python3.10/dist-packages/hagen_gazebo-1.0.0-py3.10.egg-info/top_level.txt
[0.663s] -- Symlinking: /home/rahul/Desktop/riggu_ws/install/hagen_gazebo/local/lib/python3.10/dist-packages/hagen_gazebo/__init__.py
[0.677s] -- Symlinking: /home/rahul/Desktop/riggu_ws/install/hagen_gazebo/share/ament_index/resource_index/package_run_dependencies/hagen_gazebo
[0.683s] -- Symlinking: /home/rahul/Desktop/riggu_ws/install/hagen_gazebo/share/ament_index/resource_index/parent_prefix_path/hagen_gazebo
[0.694s] -- Symlinking: /home/rahul/Desktop/riggu_ws/install/hagen_gazebo/share/hagen_gazebo/environment/ament_prefix_path.sh
[0.704s] -- Symlinking: /home/rahul/Desktop/riggu_ws/install/hagen_gazebo/share/hagen_gazebo/environment/ament_prefix_path.dsv
[0.715s] -- Symlinking: /home/rahul/Desktop/riggu_ws/install/hagen_gazebo/share/hagen_gazebo/environment/path.sh
[0.729s] -- Symlinking: /home/rahul/Desktop/riggu_ws/install/hagen_gazebo/share/hagen_gazebo/environment/path.dsv
[0.741s] -- Symlinking: /home/rahul/Desktop/riggu_ws/install/hagen_gazebo/share/hagen_gazebo/local_setup.bash
[0.762s] -- Symlinking: /home/rahul/Desktop/riggu_ws/install/hagen_gazebo/share/hagen_gazebo/local_setup.sh
[0.771s] -- Symlinking: /home/rahul/Desktop/riggu_ws/install/hagen_gazebo/share/hagen_gazebo/local_setup.zsh
[0.781s] -- Symlinking: /home/rahul/Desktop/riggu_ws/install/hagen_gazebo/share/hagen_gazebo/local_setup.dsv
[0.790s] -- Symlinking: /home/rahul/Desktop/riggu_ws/install/hagen_gazebo/share/hagen_gazebo/package.dsv
[0.800s] -- Symlinking: /home/rahul/Desktop/riggu_ws/install/hagen_gazebo/share/ament_index/resource_index/packages/hagen_gazebo
[0.809s] -- Symlinking: /home/rahul/Desktop/riggu_ws/install/hagen_gazebo/share/hagen_gazebo/cmake/hagen_gazeboConfig.cmake
[0.825s] -- Symlinking: /home/rahul/Desktop/riggu_ws/install/hagen_gazebo/share/hagen_gazebo/cmake/hagen_gazeboConfig-version.cmake
[0.831s] -- Symlinking: /home/rahul/Desktop/riggu_ws/install/hagen_gazebo/share/hagen_gazebo/package.xml
[0.905s] Listing '/home/rahul/Desktop/riggu_ws/install/hagen_gazebo/local/lib/python3.10/dist-packages/hagen_gazebo'...
[0.930s] Invoked command in '/home/rahul/Desktop/riggu_ws/build/hagen_gazebo' returned '0': CMAKE_PREFIX_PATH=${CMAKE_PREFIX_PATH}:/home/rahul/lifecyle_ws/install/lifecycle:/home/rahul/Desktop/riggu_ws/install/robot_pkg:/home/rahul/Desktop/riggu_ws/install/riggu_nav2:/home/rahul/Desktop/riggu_ws/install/hagen_control:/opt/ros/humble /usr/bin/cmake --install /home/rahul/Desktop/riggu_ws/build/hagen_gazebo
